#
# There is insufficient memory for the Java Runtime Environment to continue.
# Native memory allocation (malloc) failed to allocate 703456 bytes for Chunk::new
# Possible reasons:
#   The system is out of physical RAM or swap space
#   In 32 bit mode, the process size limit was hit
# Possible solutions:
#   Reduce memory load on the system
#   Increase physical memory or swap space
#   Check if swap backing store is full
#   Use 64 bit Java on a 64 bit OS
#   Decrease Java heap size (-Xmx/-Xms)
#   Decrease number of Java threads
#   Decrease Java thread stack sizes (-Xss)
#   Set larger code cache with -XX:ReservedCodeCacheSize=
# This output file may be truncated or incomplete.
#
#  Out of Memory Error (allocation.cpp:390), pid=8168, tid=5080
#
# JRE version: Java(TM) SE Runtime Environment (8.0_91-b15) (build 1.8.0_91-b15)
# Java VM: Java HotSpot(TM) 64-Bit Server VM (25.91-b15 mixed mode windows-amd64 compressed oops)
# Failed to write core dump. Minidumps are not enabled by default on client versions of Windows
#

---------------  T H R E A D  ---------------

Current thread (0x00000000561f7000):  JavaThread "C2 CompilerThread1" daemon [_thread_in_native, id=5080, stack(0x0000000056950000,0x0000000056a50000)]

Stack: [0x0000000056950000,0x0000000056a50000]
[error occurred during error reporting (printing stack bounds), id 0xc0000005]

Native frames: (J=compiled Java code, j=interpreted, Vv=VM code, C=native code)


Current CompileTask:
C2:   1856 1203       4       com.android.dx.ssa.back.FirstFitLocalCombiningAllocator$1::processInsn (169 bytes)


---------------  P R O C E S S  ---------------

Java Threads: ( => current thread )
  0x00000000564d8000 JavaThread "pool-2-thread-4" [_thread_in_vm, id=6424, stack(0x00000000575b0000,0x00000000576b0000)]
  0x00000000564d4800 JavaThread "pool-2-thread-3" [_thread_in_Java, id=6768, stack(0x0000000057430000,0x0000000057530000)]
  0x00000000564d2800 JavaThread "pool-2-thread-2" [_thread_blocked, id=3600, stack(0x0000000057290000,0x0000000057390000)]
  0x00000000563a1800 JavaThread "pool-3-thread-1" [_thread_blocked, id=8432, stack(0x0000000056c80000,0x0000000056d80000)]
  0x00000000563a0800 JavaThread "pool-2-thread-1" [_thread_blocked, id=1200, stack(0x00000000570e0000,0x00000000571e0000)]
  0x0000000056256800 JavaThread "Service Thread" daemon [_thread_blocked, id=2104, stack(0x0000000056da0000,0x0000000056ea0000)]
  0x00000000561f9000 JavaThread "C1 CompilerThread2" daemon [_thread_blocked, id=4388, stack(0x0000000056b30000,0x0000000056c30000)]
=>0x00000000561f7000 JavaThread "C2 CompilerThread1" daemon [_thread_in_native, id=5080, stack(0x0000000056950000,0x0000000056a50000)]
  0x00000000561eb000 JavaThread "C2 CompilerThread0" daemon [_thread_in_native, id=3892, stack(0x0000000056640000,0x0000000056740000)]
  0x00000000561e8800 JavaThread "Attach Listener" daemon [_thread_blocked, id=9128, stack(0x0000000056850000,0x0000000056950000)]
  0x0000000054e6c800 JavaThread "Signal Dispatcher" daemon [_thread_blocked, id=2064, stack(0x0000000056740000,0x0000000056840000)]
  0x0000000054e59000 JavaThread "Finalizer" daemon [_thread_blocked, id=8384, stack(0x00000000560e0000,0x00000000561e0000)]
  0x0000000054e11800 JavaThread "Reference Handler" daemon [_thread_blocked, id=2256, stack(0x0000000055fd0000,0x00000000560d0000)]
  0x000000000222e000 JavaThread "main" [_thread_blocked, id=5328, stack(0x0000000002500000,0x0000000002600000)]

Other Threads:
  0x0000000054e0a000 VMThread [stack: 0x0000000055e50000,0x0000000055f50000] [id=1560]
  0x00000000562b3800 WatcherThread [stack: 0x0000000056f30000,0x0000000057030000] [id=7860]

VM state:not at safepoint (normal execution)

VM Mutex/Monitor currently owned by a thread: None

Heap:
 PSYoungGen      total 38400K, used 9953K [0x00000000eab00000, 0x00000000ed580000, 0x0000000100000000)
  eden space 33280K, 14% used [0x00000000eab00000,0x00000000eafbc1d8,0x00000000ecb80000)
  from space 5120K, 99% used [0x00000000ecb80000,0x00000000ed07c450,0x00000000ed080000)
  to   space 5120K, 0% used [0x00000000ed080000,0x00000000ed080000,0x00000000ed580000)
 ParOldGen       total 87552K, used 1740K [0x00000000c0000000, 0x00000000c5580000, 0x00000000eab00000)
  object space 87552K, 1% used [0x00000000c0000000,0x00000000c01b3278,0x00000000c5580000)
 Metaspace       used 6029K, capacity 6902K, committed 7040K, reserved 1056768K
  class space    used 602K, capacity 622K, committed 640K, reserved 1048576K

Card table byte_map: [0x00000000119c0000,0x0000000011bd0000] byte_map_base: 0x00000000113c0000

Marking Bits: (ParMarkBitMap*) 0x00000000709f2f70
 Begin Bits: [0x0000000012280000, 0x0000000013280000)
 End Bits:   [0x0000000013280000, 0x0000000014280000)

Polling page: 0x0000000000120000

CodeCache: size=245760Kb used=4787Kb max_used=4798Kb free=240972Kb
 bounds [0x0000000002600000, 0x0000000002ac0000, 0x0000000011600000]
 total_blobs=1446 nmethods=1176 adapters=184
 compilation: enabled

Compilation events (10 events):
Event: 1.815 Thread 0x00000000561f7000 nmethod 1197 0x0000000002aaf1d0 code [0x0000000002aaf300, 0x0000000002aaf398]
Event: 1.815 Thread 0x00000000561f7000 1196       4       java.util.Collections::unmodifiableList (27 bytes)
Event: 1.817 Thread 0x00000000561f7000 nmethod 1196 0x0000000002ab2110 code [0x0000000002ab2260, 0x0000000002ab2358]
Event: 1.817 Thread 0x00000000561f7000 1201       4       com.android.dx.ssa.SsaBasicBlock::forEachPhiInsn (54 bytes)
Event: 1.831 Thread 0x00000000561f7000 nmethod 1201 0x0000000002ab0fd0 code [0x0000000002ab1160, 0x0000000002ab1858]
Event: 1.831 Thread 0x00000000561f7000 1198       4       com.android.dx.rop.code.ThrowingCstInsn::accept (8 bytes)
Event: 1.831 Thread 0x00000000561f7000 nmethod 1198 0x0000000002aa1850 code [0x0000000002aa1980, 0x0000000002aa19f8]
Event: 1.831 Thread 0x00000000561f7000 1200       4       com.android.dx.rop.code.RegisterSpec::make (7 bytes)
Event: 1.831 Thread 0x00000000561f7000 nmethod 1200 0x0000000002aa4610 code [0x0000000002aa4760, 0x0000000002aa47c8]
Event: 1.836 Thread 0x00000000561f7000 1203       4       com.android.dx.ssa.back.FirstFitLocalCombiningAllocator$1::processInsn (169 bytes)

GC Heap History (2 events):
Event: 1.800 GC heap before
{Heap before GC invocations=1 (full 0):
 PSYoungGen      total 38400K, used 33280K [0x00000000eab00000, 0x00000000ed580000, 0x0000000100000000)
  eden space 33280K, 100% used [0x00000000eab00000,0x00000000ecb80000,0x00000000ecb80000)
  from space 5120K, 0% used [0x00000000ed080000,0x00000000ed080000,0x00000000ed580000)
  to   space 5120K, 0% used [0x00000000ecb80000,0x00000000ecb80000,0x00000000ed080000)
 ParOldGen       total 87552K, used 0K [0x00000000c0000000, 0x00000000c5580000, 0x00000000eab00000)
  object space 87552K, 0% used [0x00000000c0000000,0x00000000c0000000,0x00000000c5580000)
 Metaspace       used 5991K, capacity 6900K, committed 7040K, reserved 1056768K
  class space    used 600K, capacity 620K, committed 640K, reserved 1048576K
Event: 1.811 GC heap after
Heap after GC invocations=1 (full 0):
 PSYoungGen      total 38400K, used 5105K [0x00000000eab00000, 0x00000000ed580000, 0x0000000100000000)
  eden space 33280K, 0% used [0x00000000eab00000,0x00000000eab00000,0x00000000ecb80000)
  from space 5120K, 99% used [0x00000000ecb80000,0x00000000ed07c450,0x00000000ed080000)
  to   space 5120K, 0% used [0x00000000ed080000,0x00000000ed080000,0x00000000ed580000)
 ParOldGen       total 87552K, used 1740K [0x00000000c0000000, 0x00000000c5580000, 0x00000000eab00000)
  object space 87552K, 1% used [0x00000000c0000000,0x00000000c01b3278,0x00000000c5580000)
 Metaspace       used 5991K, capacity 6900K, committed 7040K, reserved 1056768K
  class space    used 600K, capacity 620K, committed 640K, reserved 1048576K
}

Deoptimization events (10 events):
Event: 1.463 Thread 0x00000000564d2800 Uncommon trap: reason=unstable_if action=reinterpret pc=0x0000000002819064 method=java.util.BitSet.ensureCapacity(I)V @ 6
Event: 1.466 Thread 0x00000000564d2800 Uncommon trap: reason=bimorphic action=maybe_recompile pc=0x00000000027fc488 method=java.util.HashMap.getNode(ILjava/lang/Object;)Ljava/util/HashMap$Node; @ 126
Event: 1.466 Thread 0x00000000564d2800 Uncommon trap: reason=bimorphic action=maybe_recompile pc=0x00000000027fc488 method=java.util.HashMap.getNode(ILjava/lang/Object;)Ljava/util/HashMap$Node; @ 126
Event: 1.466 Thread 0x00000000564d2800 Uncommon trap: reason=bimorphic action=maybe_recompile pc=0x00000000027fc488 method=java.util.HashMap.getNode(ILjava/lang/Object;)Ljava/util/HashMap$Node; @ 126
Event: 1.466 Thread 0x00000000564d2800 Uncommon trap: reason=bimorphic action=maybe_recompile pc=0x00000000027fc488 method=java.util.HashMap.getNode(ILjava/lang/Object;)Ljava/util/HashMap$Node; @ 126
Event: 1.466 Thread 0x00000000564d2800 Uncommon trap: reason=bimorphic action=maybe_recompile pc=0x00000000027f0508 method=java.util.HashMap.getNode(ILjava/lang/Object;)Ljava/util/HashMap$Node; @ 126
Event: 1.727 Thread 0x00000000564d4800 Uncommon trap: reason=unstable_if action=reinterpret pc=0x00000000029fa7d0 method=com.android.dx.cf.code.BytecodeArray.parseInstruction(ILcom/android/dx/cf/code/BytecodeArray$Visitor;)I @ 1198
Event: 1.815 Thread 0x00000000564d4800 Uncommon trap: reason=unstable_if action=reinterpret pc=0x00000000029ecd78 method=com.android.dx.util.IntList.sort()V @ 8
Event: 1.846 Thread 0x000000000222e000 Uncommon trap: reason=class_check action=maybe_recompile pc=0x00000000029a3a94 method=java.util.HashMap.putVal(ILjava/lang/Object;Ljava/lang/Object;ZZ)Ljava/lang/Object; @ 203
Event: 1.846 Thread 0x000000000222e000 Uncommon trap: reason=class_check action=maybe_recompile pc=0x00000000029a3a94 method=java.util.HashMap.putVal(ILjava/lang/Object;Ljava/lang/Object;ZZ)Ljava/lang/Object; @ 203

Internal exceptions (4 events):
Event: 0.048 Thread 0x000000000222e000 Exception <a 'java/lang/NoSuchMethodError': Method sun.misc.Unsafe.defineClass(Ljava/lang/String;[BII)Ljava/lang/Class; name or signature does not match> (0x00000000eab07cc0) thrown at [C:\re\workspace\8-2-build-windows-amd64-cygwin\jdk8u91\7017\hotspot\sr‘`1ƒ8Y¨?
Event: 0.048 Thread 0x000000000222e000 Exception <a 'java/lang/NoSuchMethodError': Method sun.misc.Unsafe.prefetchRead(Ljava/lang/Object;J)V name or signature does not match> (0x00000000eab07fa8) thrown at [C:\re\workspace\8-2-build-windows-amd64-cygwin\jdk8u91\7017\hotspot\src\share\vm\prims\j#¥=qöuö?
Event: 1.404 Thread 0x00000000564d4800 Implicit null exception at 0x000000000290d0f0 to 0x000000000290de45
Event: 1.404 Thread 0x00000000564d4800 Implicit null exception at 0x00000000028ee568 to 0x00000000028ef04d

Events (10 events):
Event: 1.846 Thread 0x000000000222e000 Uncommon trap: trap_request=0xffffffde fr.pc=0x00000000029a3a94
Event: 1.846 Thread 0x000000000222e000 DEOPT PACKING pc=0x00000000029a3a94 sp=0x00000000025fe700
Event: 1.846 Thread 0x000000000222e000 DEOPT UNPACKING pc=0x000000000264582a sp=0x00000000025fe628 mode 2
Event: 1.846 Thread 0x000000000222e000 Uncommon trap: trap_request=0xffffffde fr.pc=0x00000000029a3a94
Event: 1.846 Thread 0x000000000222e000 DEOPT PACKING pc=0x00000000029a3a94 sp=0x00000000025fe700
Event: 1.846 Thread 0x000000000222e000 DEOPT UNPACKING pc=0x000000000264582a sp=0x00000000025fe628 mode 2
Event: 1.849 loading class java/util/HashMap$KeySet
Event: 1.849 loading class java/util/HashMap$KeySet done
Event: 1.849 loading class java/util/HashMap$KeyIterator
Event: 1.849 loading class java/util/HashMap$KeyIterator done


Dynamic libraries:
0x000000013f2a0000 - 0x000000013f2d7000 	D:\Java\jdk1.7.0_79\bin\java.exe
0x0000000077910000 - 0x0000000077ab9000 	C:\Windows\SYSTEM32\ntdll.dll
0x0000000077430000 - 0x000000007754f000 	C:\Windows\system32\kernel32.dll
0x000007fefdf20000 - 0x000007fefdf8c000 	C:\Windows\system32\KERNELBASE.dll
0x000007fefe290000 - 0x000007fefe36b000 	C:\Windows\system32\ADVAPI32.dll
0x000007fefe4a0000 - 0x000007fefe53f000 	C:\Windows\system32\msvcrt.dll
0x000007fefe270000 - 0x000007fefe28f000 	C:\Windows\SYSTEM32\sechost.dll
0x000007fefe140000 - 0x000007fefe26d000 	C:\Windows\system32\RPCRT4.dll
0x00000000776b0000 - 0x00000000777aa000 	C:\Windows\system32\USER32.dll
0x000007fefe590000 - 0x000007fefe5f7000 	C:\Windows\system32\GDI32.dll
0x000007feff900000 - 0x000007feff90e000 	C:\Windows\system32\LPK.dll
0x000007fefe630000 - 0x000007fefe6f9000 	C:\Windows\system32\USP10.dll
0x000007fefc5b0000 - 0x000007fefc7a4000 	C:\Windows\WinSxS\amd64_microsoft.windows.common-controls_6595b64144ccf1df_6.0.7601.17514_none_fa396087175ac9ac\COMCTL32.dll
0x000007feff880000 - 0x000007feff8f1000 	C:\Windows\system32\SHLWAPI.dll
0x000007fefe600000 - 0x000007fefe62e000 	C:\Windows\system32\IMM32.DLL
0x000007fefe390000 - 0x000007fefe499000 	C:\Windows\system32\MSCTF.dll
0x00000000795e0000 - 0x00000000796b2000 	D:\Java\jdk1.7.0_79\jre\bin\msvcr100.dll
0x00000000701e0000 - 0x0000000070a73000 	D:\Java\jdk1.7.0_79\jre\bin\server\jvm.dll
0x000007fef65f0000 - 0x000007fef65f9000 	C:\Windows\system32\WSOCK32.dll
0x000007fefe540000 - 0x000007fefe58d000 	C:\Windows\system32\WS2_32.dll
0x000007feffa50000 - 0x000007feffa58000 	C:\Windows\system32\NSI.dll
0x000007fefbc80000 - 0x000007fefbcbb000 	C:\Windows\system32\WINMM.dll
0x000007fefced0000 - 0x000007fefcedc000 	C:\Windows\system32\VERSION.dll
0x0000000077ad0000 - 0x0000000077ad7000 	C:\Windows\system32\PSAPI.DLL
0x0000000070ef0000 - 0x0000000070eff000 	D:\Java\jdk1.7.0_79\jre\bin\verify.dll
0x000000005f450000 - 0x000000005f479000 	D:\Java\jdk1.7.0_79\jre\bin\java.dll
0x000000005f430000 - 0x000000005f446000 	D:\Java\jdk1.7.0_79\jre\bin\zip.dll
0x000007fefeaf0000 - 0x000007feff878000 	C:\Windows\system32\SHELL32.dll
0x000007fefe700000 - 0x000007fefe903000 	C:\Windows\system32\ole32.dll
0x000007fefdd70000 - 0x000007fefdd7f000 	C:\Windows\system32\profapi.dll

VM Arguments:
jvm_args: -Djava.awt.headless=true -Xmx1024M -Dfile.encoding=GBK -Duser.country=CN -Duser.language=zh -Duser.variant 
java_command: com.android.dx.command.Main --dex --force-jumbo --num-threads=4 --multi-dex --output E:\android-studio-example\RxJavaSamples\app\build\intermediates\transforms\dex\debug\folders\1000\10\okio-1.8.0_7e61c20c0caaccc849a809a4d03abf221310f09c C:\Users\Hlh\.gradle\caches\modules-2\files-2.1\com.squareup.okio\okio\1.8.0\5ea7af56cc7c567ed9856d99efb30740e9b17ff\okio-1.8.0.jar
java_class_path (initial): E:\android-studio-sdk\build-tools\23.0.3\lib\dx.jar
Launcher Type: SUN_STANDARD

Environment Variables:
JAVA_HOME=D:\Java\jdk1.7.0_79
CLASSPATH=.;D:\Java\jdk1.7.0_79\lib\dt.jar;D:\Java\jdk1.7.0_79\lib\tools.jar;
PATH=C:\ProgramData\Oracle\Java\javapath;C:\Windows\system32;C:\Windows;C:\Windows\System32\Wbem;C:\Windows\System32\WindowsPowerShell\v1.0\;C:\Program Files (x86)\ATI Technologies\ATI.ACE\Core-Static;D:\Java\jdk1.7.0_79\bin;D:\Java\jdk1.7.0_79\jre\bin;C:\apache-tomcat-7.0.62\bin;
USERNAME=Hlh
OS=Windows_NT
PROCESSOR_IDENTIFIER=Intel64 Family 6 Model 30 Stepping 5, GenuineIntel



---------------  S Y S T E M  ---------------

OS: Windows 7 , 64 bit Build 7601 (6.1.7601.17617)

CPU:total 4 (4 cores per cpu, 1 threads per core) family 6 model 30 stepping 5, cmov, cx8, fxsr, mmx, sse, sse2, sse3, ssse3, sse4.1, sse4.2, popcnt, tsc, tscinvbit

Memory: 4k page, physical 8379896k(1953336k free), swap 8378044k(5524k free)

vm_info: Java HotSpot(TM) 64-Bit Server VM (25.91-b15) for windows-amd64 JRE (1.8.0_91-b15), built on May 20 2016 17:43:15 by "java_re" with MS VC++ 10.0 (VS2010)

time: Mon Jul 04 17:17:38 2016
elapsed time: 1 seconds (0d 0h 0m 1s)

