#
# There is insufficient memory for the Java Runtime Environment to continue.
# Native memory allocation (malloc) failed to allocate 1622976 bytes for Chunk::new
# Possible reasons:
#   The system is out of physical RAM or swap space
#   In 32 bit mode, the process size limit was hit
# Possible solutions:
#   Reduce memory load on the system
#   Increase physical memory or swap space
#   Check if swap backing store is full
#   Use 64 bit Java on a 64 bit OS
#   Decrease Java heap size (-Xmx/-Xms)
#   Decrease number of Java threads
#   Decrease Java thread stack sizes (-Xss)
#   Set larger code cache with -XX:ReservedCodeCacheSize=
# This output file may be truncated or incomplete.
#
#  Out of Memory Error (allocation.cpp:390), pid=8800, tid=6404
#
# JRE version: Java(TM) SE Runtime Environment (8.0_91-b15) (build 1.8.0_91-b15)
# Java VM: Java HotSpot(TM) 64-Bit Server VM (25.91-b15 mixed mode windows-amd64 compressed oops)
# Failed to write core dump. Minidumps are not enabled by default on client versions of Windows
#

---------------  T H R E A D  ---------------

Current thread (0x000000005602b000):  JavaThread "C2 CompilerThread0" daemon [_thread_in_native, id=6404, stack(0x0000000056820000,0x0000000056920000)]

Stack: [0x0000000056820000,0x0000000056920000]
[error occurred during error reporting (printing stack bounds), id 0xc0000005]

Native frames: (J=compiled Java code, j=interpreted, Vv=VM code, C=native code)


Current CompileTask:
C2:   3106 1604       4       com.android.dx.dex.code.RopToDop::dopFor (792 bytes)


---------------  P R O C E S S  ---------------

Java Threads: ( => current thread )
  0x000000005632c800 JavaThread "pool-2-thread-4" [_thread_blocked, id=8652, stack(0x0000000057390000,0x0000000057490000)]
  0x0000000056325000 JavaThread "pool-2-thread-3" [_thread_blocked, id=8784, stack(0x00000000571c0000,0x00000000572c0000)]
  0x0000000056324800 JavaThread "pool-2-thread-2" [_thread_blocked, id=8752, stack(0x0000000056ef0000,0x0000000056ff0000)]
  0x0000000056323800 JavaThread "pool-3-thread-1" [_thread_blocked, id=2604, stack(0x00000000566e0000,0x00000000567e0000)]
  0x0000000056323000 JavaThread "pool-2-thread-1" [_thread_blocked, id=2976, stack(0x0000000057030000,0x0000000057130000)]
  0x00000000560a4000 JavaThread "Service Thread" daemon [_thread_blocked, id=5524, stack(0x0000000056c60000,0x0000000056d60000)]
  0x0000000056038000 JavaThread "C1 CompilerThread2" daemon [_thread_blocked, id=8744, stack(0x0000000056b40000,0x0000000056c40000)]
  0x0000000056036000 JavaThread "C2 CompilerThread1" daemon [_thread_blocked, id=2736, stack(0x0000000056990000,0x0000000056a90000)]
=>0x000000005602b000 JavaThread "C2 CompilerThread0" daemon [_thread_in_native, id=6404, stack(0x0000000056820000,0x0000000056920000)]
  0x0000000054e6d800 JavaThread "Attach Listener" daemon [_thread_blocked, id=3032, stack(0x0000000056460000,0x0000000056560000)]
  0x0000000054e6c800 JavaThread "Signal Dispatcher" daemon [_thread_blocked, id=2712, stack(0x00000000565d0000,0x00000000566d0000)]
  0x0000000054e58800 JavaThread "Finalizer" daemon [_thread_blocked, id=8708, stack(0x0000000055f20000,0x0000000056020000)]
  0x0000000054e11800 JavaThread "Reference Handler" daemon [_thread_blocked, id=8592, stack(0x0000000055ca0000,0x0000000055da0000)]
  0x00000000021be000 JavaThread "main" [_thread_blocked, id=8584, stack(0x0000000002430000,0x0000000002530000)]

Other Threads:
  0x0000000054e0a000 VMThread [stack: 0x0000000055de0000,0x0000000055ee0000] [id=9192]
  0x00000000560f1800 WatcherThread [stack: 0x0000000056da0000,0x0000000056ea0000] [id=4696]

VM state:not at safepoint (normal execution)

VM Mutex/Monitor currently owned by a thread: None

Heap:
 PSYoungGen      total 71680K, used 53441K [0x00000000eab00000, 0x00000000ef600000, 0x0000000100000000)
  eden space 66560K, 72% used [0x00000000eab00000,0x00000000eda36480,0x00000000eec00000)
  from space 5120K, 99% used [0x00000000ef100000,0x00000000ef5fa0c0,0x00000000ef600000)
  to   space 5120K, 0% used [0x00000000eec00000,0x00000000eec00000,0x00000000ef100000)
 ParOldGen       total 87552K, used 5243K [0x00000000c0000000, 0x00000000c5580000, 0x00000000eab00000)
  object space 87552K, 5% used [0x00000000c0000000,0x00000000c051ed00,0x00000000c5580000)
 Metaspace       used 6336K, capacity 7128K, committed 7424K, reserved 1056768K
  class space    used 620K, capacity 656K, committed 768K, reserved 1048576K

Card table byte_map: [0x00000000118f0000,0x0000000011b00000] byte_map_base: 0x00000000112f0000

Marking Bits: (ParMarkBitMap*) 0x00000000709f2f70
 Begin Bits: [0x0000000012280000, 0x0000000013280000)
 End Bits:   [0x0000000013280000, 0x0000000014280000)

Polling page: 0x0000000000110000

CodeCache: size=245760Kb used=6505Kb max_used=6517Kb free=239254Kb
 bounds [0x0000000002530000, 0x0000000002ba0000, 0x0000000011530000]
 total_blobs=1955 nmethods=1684 adapters=184
 compilation: enabled

Compilation events (10 events):
Event: 3.031 Thread 0x0000000056036000 1590       4       com.android.dx.rop.cst.CstFieldRef::compareTo0 (43 bytes)
Event: 3.034 Thread 0x0000000056036000 nmethod 1590 0x0000000002b73ed0 code [0x0000000002b74040, 0x0000000002b74498]
Event: 3.035 Thread 0x0000000056036000 1696       4       com.android.dx.ssa.SsaMethod::makeExitBlock (134 bytes)
Event: 3.035 Thread 0x0000000056038000 1699       3       java.util.HashMap::getNode (148 bytes)
Event: 3.036 Thread 0x0000000056038000 nmethod 1699 0x0000000002b70d90 code [0x0000000002b70f80, 0x0000000002b71bc8]
Event: 3.056 Thread 0x0000000056036000 nmethod 1696 0x0000000002b80b50 code [0x0000000002b80d40, 0x0000000002b819a8]
Event: 3.056 Thread 0x0000000056036000 1697       4       com.android.dx.ssa.InterferenceRegisterMapper::interferes (78 bytes)
Event: 3.061 Thread 0x0000000056036000 nmethod 1697 0x0000000002b73390 code [0x0000000002b73500, 0x0000000002b73848]
Event: 3.061 Thread 0x0000000056036000 1698       4       com.android.dx.ssa.BasicRegisterMapper::addMapping (68 bytes)
Event: 3.067 Thread 0x0000000056036000 nmethod 1698 0x0000000002b80190 code [0x0000000002b802e0, 0x0000000002b80778]

GC Heap History (4 events):
Event: 1.505 GC heap before
{Heap before GC invocations=1 (full 0):
 PSYoungGen      total 38400K, used 33280K [0x00000000eab00000, 0x00000000ed580000, 0x0000000100000000)
  eden space 33280K, 100% used [0x00000000eab00000,0x00000000ecb80000,0x00000000ecb80000)
  from space 5120K, 0% used [0x00000000ed080000,0x00000000ed080000,0x00000000ed580000)
  to   space 5120K, 0% used [0x00000000ecb80000,0x00000000ecb80000,0x00000000ed080000)
 ParOldGen       total 87552K, used 0K [0x00000000c0000000, 0x00000000c5580000, 0x00000000eab00000)
  object space 87552K, 0% used [0x00000000c0000000,0x00000000c0000000,0x00000000c5580000)
 Metaspace       used 5957K, capacity 6836K, committed 7040K, reserved 1056768K
  class space    used 599K, capacity 620K, committed 640K, reserved 1048576K
Event: 1.640 GC heap after
Heap after GC invocations=1 (full 0):
 PSYoungGen      total 38400K, used 5106K [0x00000000eab00000, 0x00000000ef600000, 0x0000000100000000)
  eden space 33280K, 0% used [0x00000000eab00000,0x00000000eab00000,0x00000000ecb80000)
  from space 5120K, 99% used [0x00000000ecb80000,0x00000000ed07cad8,0x00000000ed080000)
  to   space 5120K, 0% used [0x00000000ef100000,0x00000000ef100000,0x00000000ef600000)
 ParOldGen       total 87552K, used 2328K [0x00000000c0000000, 0x00000000c5580000, 0x00000000eab00000)
  object space 87552K, 2% used [0x00000000c0000000,0x00000000c0246270,0x00000000c5580000)
 Metaspace       used 5957K, capacity 6836K, committed 7040K, reserved 1056768K
  class space    used 599K, capacity 620K, committed 640K, reserved 1048576K
}
Event: 2.030 GC heap before
{Heap before GC invocations=2 (full 0):
 PSYoungGen      total 38400K, used 38386K [0x00000000eab00000, 0x00000000ef600000, 0x0000000100000000)
  eden space 33280K, 100% used [0x00000000eab00000,0x00000000ecb80000,0x00000000ecb80000)
  from space 5120K, 99% used [0x00000000ecb80000,0x00000000ed07cad8,0x00000000ed080000)
  to   space 5120K, 0% used [0x00000000ef100000,0x00000000ef100000,0x00000000ef600000)
 ParOldGen       total 87552K, used 2328K [0x00000000c0000000, 0x00000000c5580000, 0x00000000eab00000)
  object space 87552K, 2% used [0x00000000c0000000,0x00000000c0246270,0x00000000c5580000)
 Metaspace       used 6216K, capacity 7000K, committed 7168K, reserved 1056768K
  class space    used 620K, capacity 656K, committed 768K, reserved 1048576K
Event: 2.070 GC heap after
Heap after GC invocations=2 (full 0):
 PSYoungGen      total 71680K, used 5096K [0x00000000eab00000, 0x00000000ef600000, 0x0000000100000000)
  eden space 66560K, 0% used [0x00000000eab00000,0x00000000eab00000,0x00000000eec00000)
  from space 5120K, 99% used [0x00000000ef100000,0x00000000ef5fa0c0,0x00000000ef600000)
  to   space 5120K, 0% used [0x00000000eec00000,0x00000000eec00000,0x00000000ef100000)
 ParOldGen       total 87552K, used 5243K [0x00000000c0000000, 0x00000000c5580000, 0x00000000eab00000)
  object space 87552K, 5% used [0x00000000c0000000,0x00000000c051ed00,0x00000000c5580000)
 Metaspace       used 6216K, capacity 7000K, committed 7168K, reserved 1056768K
  class space    used 620K, capacity 656K, committed 768K, reserved 1048576K
}

Deoptimization events (10 events):
Event: 1.969 Thread 0x0000000056323000 Uncommon trap: reason=unstable_if action=reinterpret pc=0x00000000029dbb8c method=com.android.dx.ssa.SCCP.simulateStmt(Lcom/android/dx/ssa/SsaInsn;)V @ 59
Event: 1.969 Thread 0x0000000056323000 Uncommon trap: reason=unstable_if action=reinterpret pc=0x0000000002893e58 method=java.util.HashMap.putVal(ILjava/lang/Object;Ljava/lang/Object;ZZ)Ljava/lang/Object; @ 162
Event: 1.979 Thread 0x0000000056323000 Uncommon trap: reason=unstable_if action=reinterpret pc=0x00000000029f0f30 method=java.util.HashMap.getNode(ILjava/lang/Object;)Ljava/util/HashMap$Node; @ 84
Event: 1.997 Thread 0x000000005632c800 Uncommon trap: reason=unstable_if action=reinterpret pc=0x00000000029e9888 method=java.util.HashMap.getNode(ILjava/lang/Object;)Ljava/util/HashMap$Node; @ 84
Event: 2.488 Thread 0x0000000056325000 Uncommon trap: reason=unstable_if action=reinterpret pc=0x0000000002a58228 method=java.util.HashMap.putVal(ILjava/lang/Object;Ljava/lang/Object;ZZ)Ljava/lang/Object; @ 109
Event: 2.662 Thread 0x0000000056323000 Uncommon trap: reason=bimorphic action=maybe_recompile pc=0x0000000002ae3698 method=com.android.dx.cf.code.BytecodeArray.parseInstruction(ILcom/android/dx/cf/code/BytecodeArray$Visitor;)I @ 907
Event: 2.662 Thread 0x0000000056323000 Uncommon trap: reason=bimorphic action=maybe_recompile pc=0x0000000002ae3698 method=com.android.dx.cf.code.BytecodeArray.parseInstruction(ILcom/android/dx/cf/code/BytecodeArray$Visitor;)I @ 907
Event: 2.698 Thread 0x0000000056323000 Uncommon trap: reason=bimorphic action=maybe_recompile pc=0x0000000002ad8860 method=com.android.dx.rop.code.RegisterSpec.withSimpleType()Lcom/android/dx/rop/code/RegisterSpec; @ 21
Event: 2.698 Thread 0x0000000056323000 Uncommon trap: reason=bimorphic action=maybe_recompile pc=0x0000000002ad8860 method=com.android.dx.rop.code.RegisterSpec.withSimpleType()Lcom/android/dx/rop/code/RegisterSpec; @ 21
Event: 2.780 Thread 0x0000000056323000 Uncommon trap: reason=unstable_if action=reinterpret pc=0x0000000002ae5f10 method=com.android.dx.cf.code.ByteCatchList.listFor(I)Lcom/android/dx/cf/code/ByteCatchList; @ 47

Internal exceptions (6 events):
Event: 0.102 Thread 0x00000000021be000 Exception <a 'java/lang/NoSuchMethodError': Method sun.misc.Unsafe.defineClass(Ljava/lang/String;[BII)Ljava/lang/Class; name or signature does not match> (0x00000000eab07cc0) thrown at [C:\re\workspace\8-2-build-windows-amd64-cygwin\jdk8u91\7017\hotspot\sr⁄œ±èÖ∫?
Event: 0.102 Thread 0x00000000021be000 Exception <a 'java/lang/NoSuchMethodError': Method sun.misc.Unsafe.prefetchRead(Ljava/lang/Object;J)V name or signature does not match> (0x00000000eab07fa8) thrown at [C:\re\workspace\8-2-build-windows-amd64-cygwin\jdk8u91\7017\hotspot\src\share\vm\prims\jCª˜Ñ†+Ò?
Event: 1.073 Thread 0x000000005632c800 Implicit null exception at 0x00000000027ebae2 to 0x00000000027ed21d
Event: 1.977 Thread 0x0000000056323000 Exception <a 'java/lang/ArrayIndexOutOfBoundsException': 18> (0x00000000ec508930) thrown at [C:\re\workspace\8-2-build-windows-amd64-cygwin\jdk8u91\7017\hotspot\src\share\vm\interpreter\interpreterRuntime.cpp, line 366]
Event: 1.978 Thread 0x0000000056323000 Exception <a 'java/lang/ArrayIndexOutOfBoundsException': 145> (0x00000000ec50a4f0) thrown at [C:\re\workspace\8-2-build-windows-amd64-cygwin\jdk8u91\7017\hotspot\src\share\vm\interpreter\interpreterRuntime.cpp, line 366]
Event: 1.978 Thread 0x0000000056323000 Exception <a 'java/lang/ArrayIndexOutOfBoundsException'> (0x00000000ec50b7d8) thrown at [C:\re\workspace\8-2-build-windows-amd64-cygwin\jdk8u91\7017\hotspot\src\share\vm\runtime\sharedRuntime.cpp, line 605]

Events (10 events):
Event: 2.698 Thread 0x0000000056323000 DEOPT PACKING pc=0x0000000002ad8860 sp=0x000000005712ef30
Event: 2.698 Thread 0x0000000056323000 DEOPT UNPACKING pc=0x000000000257582a sp=0x000000005712eeb8 mode 2
Event: 2.698 Thread 0x0000000056323000 Uncommon trap: trap_request=0xffffffc6 fr.pc=0x0000000002ad8860
Event: 2.698 Thread 0x0000000056323000 DEOPT PACKING pc=0x0000000002ad8860 sp=0x000000005712ef30
Event: 2.698 Thread 0x0000000056323000 DEOPT UNPACKING pc=0x000000000257582a sp=0x000000005712eeb8 mode 2
Event: 2.780 Thread 0x0000000056323000 Uncommon trap: trap_request=0xffffff65 fr.pc=0x0000000002ae5f10
Event: 2.780 Thread 0x0000000056323000 DEOPT PACKING pc=0x0000000002ae5f10 sp=0x000000005712ee70
Event: 2.780 Thread 0x0000000056323000 DEOPT UNPACKING pc=0x000000000257582a sp=0x000000005712eca0 mode 2
Event: 2.799 Thread 0x000000005632c800 DEOPT PACKING pc=0x0000000002a2c7fd sp=0x000000005748ee60
Event: 2.799 Thread 0x000000005632c800 DEOPT UNPACKING pc=0x000000000257747f sp=0x000000005748ebf0 mode 0


Dynamic libraries:
0x000000013f2a0000 - 0x000000013f2d7000 	D:\Java\jdk1.7.0_79\bin\java.exe
0x0000000077910000 - 0x0000000077ab9000 	C:\Windows\SYSTEM32\ntdll.dll
0x0000000077430000 - 0x000000007754f000 	C:\Windows\system32\kernel32.dll
0x000007fefdf20000 - 0x000007fefdf8c000 	C:\Windows\system32\KERNELBASE.dll
0x000007fefe290000 - 0x000007fefe36b000 	C:\Windows\system32\ADVAPI32.dll
0x000007fefe4a0000 - 0x000007fefe53f000 	C:\Windows\system32\msvcrt.dll
0x000007fefe270000 - 0x000007fefe28f000 	C:\Windows\SYSTEM32\sechost.dll
0x000007fefe140000 - 0x000007fefe26d000 	C:\Windows\system32\RPCRT4.dll
0x00000000776b0000 - 0x00000000777aa000 	C:\Windows\system32\USER32.dll
0x000007fefe590000 - 0x000007fefe5f7000 	C:\Windows\system32\GDI32.dll
0x000007feff900000 - 0x000007feff90e000 	C:\Windows\system32\LPK.dll
0x000007fefe630000 - 0x000007fefe6f9000 	C:\Windows\system32\USP10.dll
0x000007fefc5b0000 - 0x000007fefc7a4000 	C:\Windows\WinSxS\amd64_microsoft.windows.common-controls_6595b64144ccf1df_6.0.7601.17514_none_fa396087175ac9ac\COMCTL32.dll
0x000007feff880000 - 0x000007feff8f1000 	C:\Windows\system32\SHLWAPI.dll
0x000007fefe600000 - 0x000007fefe62e000 	C:\Windows\system32\IMM32.DLL
0x000007fefe390000 - 0x000007fefe499000 	C:\Windows\system32\MSCTF.dll
0x00000000795e0000 - 0x00000000796b2000 	D:\Java\jdk1.7.0_79\jre\bin\msvcr100.dll
0x00000000701e0000 - 0x0000000070a73000 	D:\Java\jdk1.7.0_79\jre\bin\server\jvm.dll
0x000007fef65f0000 - 0x000007fef65f9000 	C:\Windows\system32\WSOCK32.dll
0x000007fefe540000 - 0x000007fefe58d000 	C:\Windows\system32\WS2_32.dll
0x000007feffa50000 - 0x000007feffa58000 	C:\Windows\system32\NSI.dll
0x000007fefbc80000 - 0x000007fefbcbb000 	C:\Windows\system32\WINMM.dll
0x000007fefced0000 - 0x000007fefcedc000 	C:\Windows\system32\VERSION.dll
0x0000000077ad0000 - 0x0000000077ad7000 	C:\Windows\system32\PSAPI.DLL
0x0000000070ef0000 - 0x0000000070eff000 	D:\Java\jdk1.7.0_79\jre\bin\verify.dll
0x000000005f450000 - 0x000000005f479000 	D:\Java\jdk1.7.0_79\jre\bin\java.dll
0x000000005f430000 - 0x000000005f446000 	D:\Java\jdk1.7.0_79\jre\bin\zip.dll
0x000007fefeaf0000 - 0x000007feff878000 	C:\Windows\system32\SHELL32.dll
0x000007fefe700000 - 0x000007fefe903000 	C:\Windows\system32\ole32.dll
0x000007fefdd70000 - 0x000007fefdd7f000 	C:\Windows\system32\profapi.dll

VM Arguments:
jvm_args: -Djava.awt.headless=true -Xmx1024M -Dfile.encoding=GBK -Duser.country=CN -Duser.language=zh -Duser.variant 
java_command: com.android.dx.command.Main --dex --force-jumbo --num-threads=4 --multi-dex --output E:\android-studio-example\RxJavaSamples\app\build\intermediates\transforms\dex\debug\folders\1000\10\okhttp-3.3.0_77ff22928eb170f26d54bbb09117001d0fb43ebf C:\Users\Hlh\.gradle\caches\modules-2\files-2.1\com.squareup.okhttp3\okhttp\3.3.0\2b802460eea20f8f2ad9c08c74e0f14718e88aa9\okhttp-3.3.0.jar
java_class_path (initial): E:\android-studio-sdk\build-tools\23.0.3\lib\dx.jar
Launcher Type: SUN_STANDARD

Environment Variables:
JAVA_HOME=D:\Java\jdk1.7.0_79
CLASSPATH=.;D:\Java\jdk1.7.0_79\lib\dt.jar;D:\Java\jdk1.7.0_79\lib\tools.jar;
PATH=C:\ProgramData\Oracle\Java\javapath;C:\Windows\system32;C:\Windows;C:\Windows\System32\Wbem;C:\Windows\System32\WindowsPowerShell\v1.0\;C:\Program Files (x86)\ATI Technologies\ATI.ACE\Core-Static;D:\Java\jdk1.7.0_79\bin;D:\Java\jdk1.7.0_79\jre\bin;C:\apache-tomcat-7.0.62\bin;
USERNAME=Hlh
OS=Windows_NT
PROCESSOR_IDENTIFIER=Intel64 Family 6 Model 30 Stepping 5, GenuineIntel



---------------  S Y S T E M  ---------------

OS: Windows 7 , 64 bit Build 7601 (6.1.7601.17617)

CPU:total 4 (4 cores per cpu, 1 threads per core) family 6 model 30 stepping 5, cmov, cx8, fxsr, mmx, sse, sse2, sse3, ssse3, sse4.1, sse4.2, popcnt, tsc, tscinvbit

Memory: 4k page, physical 8379896k(1976336k free), swap 8378044k(5856k free)

vm_info: Java HotSpot(TM) 64-Bit Server VM (25.91-b15) for windows-amd64 JRE (1.8.0_91-b15), built on May 20 2016 17:43:15 by "java_re" with MS VC++ 10.0 (VS2010)

time: Mon Jul 04 17:17:48 2016
elapsed time: 3 seconds (0d 0h 0m 3s)

