#
# There is insufficient memory for the Java Runtime Environment to continue.
# Native memory allocation (malloc) failed to allocate 504736 bytes for Chunk::new
# Possible reasons:
#   The system is out of physical RAM or swap space
#   In 32 bit mode, the process size limit was hit
# Possible solutions:
#   Reduce memory load on the system
#   Increase physical memory or swap space
#   Check if swap backing store is full
#   Use 64 bit Java on a 64 bit OS
#   Decrease Java heap size (-Xmx/-Xms)
#   Decrease number of Java threads
#   Decrease Java thread stack sizes (-Xss)
#   Set larger code cache with -XX:ReservedCodeCacheSize=
# This output file may be truncated or incomplete.
#
#  Out of Memory Error (allocation.cpp:390), pid=7832, tid=5044
#
# JRE version: Java(TM) SE Runtime Environment (8.0_91-b15) (build 1.8.0_91-b15)
# Java VM: Java HotSpot(TM) 64-Bit Server VM (25.91-b15 mixed mode windows-amd64 compressed oops)
# Failed to write core dump. Minidumps are not enabled by default on client versions of Windows
#

---------------  T H R E A D  ---------------

Current thread (0x00000000560db000):  JavaThread "C2 CompilerThread0" daemon [_thread_in_native, id=5044, stack(0x0000000056690000,0x0000000056790000)]

Stack: [0x0000000056690000,0x0000000056790000]
[error occurred during error reporting (printing stack bounds), id 0xc0000005]

Native frames: (J=compiled Java code, j=interpreted, Vv=VM code, C=native code)


Current CompileTask:
C2:   3091 1342       4       com.android.dx.ssa.LiteralOpUpgrader$1::visitNonMoveInsn (203 bytes)


---------------  P R O C E S S  ---------------

Java Threads: ( => current thread )
  0x00000000562e7800 JavaThread "pool-2-thread-4" [_thread_blocked, id=6580, stack(0x0000000057420000,0x0000000057520000)]
  0x00000000562e5000 JavaThread "pool-2-thread-3" [_thread_in_vm, id=3844, stack(0x00000000572d0000,0x00000000573d0000)]
  0x0000000056333000 JavaThread "pool-2-thread-2" [_thread_blocked, id=8780, stack(0x0000000057130000,0x0000000057230000)]
  0x0000000056331800 JavaThread "pool-3-thread-1" [_thread_blocked, id=3528, stack(0x0000000056fd0000,0x00000000570d0000)]
  0x00000000562c4800 JavaThread "pool-2-thread-1" [_thread_blocked, id=3516, stack(0x0000000056c20000,0x0000000056d20000)]
  0x000000005614e800 JavaThread "Service Thread" daemon [_thread_blocked, id=6688, stack(0x0000000056ae0000,0x0000000056be0000)]
  0x0000000056149000 JavaThread "C1 CompilerThread2" daemon [_thread_blocked, id=2304, stack(0x0000000056970000,0x0000000056a70000)]
  0x0000000054d1f000 JavaThread "C2 CompilerThread1" daemon [_thread_in_native, id=5112, stack(0x0000000056870000,0x0000000056970000)]
=>0x00000000560db000 JavaThread "C2 CompilerThread0" daemon [_thread_in_native, id=5044, stack(0x0000000056690000,0x0000000056790000)]
  0x0000000054d0d800 JavaThread "Attach Listener" daemon [_thread_blocked, id=6456, stack(0x0000000056520000,0x0000000056620000)]
  0x0000000054d0c800 JavaThread "Signal Dispatcher" daemon [_thread_blocked, id=4556, stack(0x0000000055d60000,0x0000000055e60000)]
  0x0000000054cf8800 JavaThread "Finalizer" daemon [_thread_blocked, id=7348, stack(0x0000000055fd0000,0x00000000560d0000)]
  0x0000000054cb1800 JavaThread "Reference Handler" daemon [_thread_blocked, id=8532, stack(0x0000000055ea0000,0x0000000055fa0000)]
  0x00000000021ce000 JavaThread "main" [_thread_blocked, id=4520, stack(0x0000000002530000,0x0000000002630000)]

Other Threads:
  0x0000000054caa000 VMThread [stack: 0x0000000055c30000,0x0000000055d30000] [id=9168]
  0x000000005619f800 WatcherThread [stack: 0x0000000056dd0000,0x0000000056ed0000] [id=6212]

VM state:not at safepoint (normal execution)

VM Mutex/Monitor currently owned by a thread: None

Heap:
 PSYoungGen      total 38400K, used 12374K [0x00000000eab00000, 0x00000000ed580000, 0x0000000100000000)
  eden space 33280K, 21% used [0x00000000eab00000,0x00000000eb21ce20,0x00000000ecb80000)
  from space 5120K, 99% used [0x00000000ecb80000,0x00000000ed078ad0,0x00000000ed080000)
  to   space 5120K, 0% used [0x00000000ed080000,0x00000000ed080000,0x00000000ed580000)
 ParOldGen       total 87552K, used 2049K [0x00000000c0000000, 0x00000000c5580000, 0x00000000eab00000)
  object space 87552K, 2% used [0x00000000c0000000,0x00000000c0200530,0x00000000c5580000)
 Metaspace       used 6087K, capacity 6964K, committed 7040K, reserved 1056768K
  class space    used 600K, capacity 620K, committed 640K, reserved 1048576K

Card table byte_map: [0x00000000119f0000,0x0000000011c00000] byte_map_base: 0x00000000113f0000

Marking Bits: (ParMarkBitMap*) 0x00000000709f2f70
 Begin Bits: [0x0000000012120000, 0x0000000013120000)
 End Bits:   [0x0000000013120000, 0x0000000014120000)

Polling page: 0x0000000000110000

CodeCache: size=245760Kb used=5582Kb max_used=5582Kb free=240177Kb
 bounds [0x0000000002630000, 0x0000000002bb0000, 0x0000000011630000]
 total_blobs=1640 nmethods=1370 adapters=184
 compilation: enabled

Compilation events (10 events):
Event: 3.085 Thread 0x0000000056149000 1376       3       com.android.dx.dex.cf.AttributeTranslator::getMethodAnnotations (37 bytes)
Event: 3.086 Thread 0x0000000056149000 nmethod 1376 0x0000000002ba44d0 code [0x0000000002ba47c0, 0x0000000002ba5d78]
Event: 3.086 Thread 0x0000000056149000 1377       3       com.android.dx.ssa.ConstCollector$2::map (28 bytes)
Event: 3.087 Thread 0x0000000056149000 nmethod 1377 0x0000000002ba69d0 code [0x0000000002ba6b40, 0x0000000002ba6f68]
Event: 3.087 Thread 0x0000000056149000 1378       3       com.android.dx.ssa.back.SsaToRop::moveParametersToHighRegisters (88 bytes)
Event: 3.087 Thread 0x0000000056149000 nmethod 1378 0x0000000002ba7090 code [0x0000000002ba7260, 0x0000000002ba7b18]
Event: 3.087 Thread 0x0000000056149000 1379       3       com.android.dx.util.Bits::isEmpty (26 bytes)
Event: 3.087 Thread 0x0000000056149000 nmethod 1379 0x0000000002ba7e50 code [0x0000000002ba7fc0, 0x0000000002ba8210]
Event: 3.088 Thread 0x0000000056149000 1380       3       com.android.dx.rop.cst.CstInterfaceMethodRef::toMethodRef (31 bytes)
Event: 3.088 Thread 0x0000000056149000 nmethod 1380 0x0000000002ba8310 code [0x0000000002ba84a0, 0x0000000002ba8af8]

GC Heap History (2 events):
Event: 2.582 GC heap before
{Heap before GC invocations=1 (full 0):
 PSYoungGen      total 38400K, used 33280K [0x00000000eab00000, 0x00000000ed580000, 0x0000000100000000)
  eden space 33280K, 100% used [0x00000000eab00000,0x00000000ecb80000,0x00000000ecb80000)
  from space 5120K, 0% used [0x00000000ed080000,0x00000000ed080000,0x00000000ed580000)
  to   space 5120K, 0% used [0x00000000ecb80000,0x00000000ecb80000,0x00000000ed080000)
 ParOldGen       total 87552K, used 0K [0x00000000c0000000, 0x00000000c5580000, 0x00000000eab00000)
  object space 87552K, 0% used [0x00000000c0000000,0x00000000c0000000,0x00000000c5580000)
 Metaspace       used 6049K, capacity 6964K, committed 7040K, reserved 1056768K
  class space    used 600K, capacity 620K, committed 640K, reserved 1048576K
Event: 2.857 GC heap after
Heap after GC invocations=1 (full 0):
 PSYoungGen      total 38400K, used 5090K [0x00000000eab00000, 0x00000000ed580000, 0x0000000100000000)
  eden space 33280K, 0% used [0x00000000eab00000,0x00000000eab00000,0x00000000ecb80000)
  from space 5120K, 99% used [0x00000000ecb80000,0x00000000ed078ad0,0x00000000ed080000)
  to   space 5120K, 0% used [0x00000000ed080000,0x00000000ed080000,0x00000000ed580000)
 ParOldGen       total 87552K, used 2049K [0x00000000c0000000, 0x00000000c5580000, 0x00000000eab00000)
  object space 87552K, 2% used [0x00000000c0000000,0x00000000c0200530,0x00000000c5580000)
 Metaspace       used 6049K, capacity 6964K, committed 7040K, reserved 1056768K
  class space    used 600K, capacity 620K, committed 640K, reserved 1048576K
}

Deoptimization events (5 events):
Event: 1.006 Thread 0x00000000562e5000 Uncommon trap: reason=unstable_if action=reinterpret pc=0x0000000002836360 method=java.util.BitSet.nextSetBit(I)I @ 87
Event: 2.262 Thread 0x00000000562e5000 Uncommon trap: reason=null_check action=make_not_entrant pc=0x000000000286fbd4 method=com.android.dx.ssa.SsaRenamer.getLocalForNewReg(I)Lcom/android/dx/rop/code/LocalItem; @ 19
Event: 2.262 Thread 0x00000000562e5000 Uncommon trap: reason=null_check action=make_not_entrant pc=0x000000000287617c method=com.android.dx.ssa.SsaRenamer.getLocalForNewReg(I)Lcom/android/dx/rop/code/LocalItem; @ 19
Event: 2.266 Thread 0x00000000562e5000 Uncommon trap: reason=unstable_if action=reinterpret pc=0x000000000287c888 method=com.android.dx.rop.code.RegisterSpec.equals(ILcom/android/dx/rop/type/TypeBearer;Lcom/android/dx/rop/code/LocalItem;)Z @ 42
Event: 2.462 Thread 0x00000000021ce000 Uncommon trap: reason=unstable_if action=reinterpret pc=0x00000000028a8b34 method=java.lang.String.<init>([CII)V @ 18

Internal exceptions (4 events):
Event: 0.097 Thread 0x00000000021ce000 Exception <a 'java/lang/NoSuchMethodError': Method sun.misc.Unsafe.defineClass(Ljava/lang/String;[BII)Ljava/lang/Class; name or signature does not match> (0x00000000eab07cc0) thrown at [C:\re\workspace\8-2-build-windows-amd64-cygwin\jdk8u91\7017\hotspot\srËêüîk∆∏?
Event: 0.097 Thread 0x00000000021ce000 Exception <a 'java/lang/NoSuchMethodError': Method sun.misc.Unsafe.prefetchRead(Ljava/lang/Object;J)V name or signature does not match> (0x00000000eab07fa8) thrown at [C:\re\workspace\8-2-build-windows-amd64-cygwin\jdk8u91\7017\hotspot\src\share\vm\prims\j›ê`1É@
Event: 2.262 Thread 0x00000000562e5000 Implicit null exception at 0x000000000286e3fa to 0x000000000286fb89
Event: 2.262 Thread 0x00000000562e5000 Implicit null exception at 0x000000000287423e to 0x0000000002876155

Events (10 events):
Event: 2.908 Thread 0x00000000562e5000 DEOPT PACKING pc=0x00000000029c9f1e sp=0x00000000573ce8b0
Event: 2.908 Thread 0x00000000562e5000 DEOPT UNPACKING pc=0x000000000267747f sp=0x00000000573ce618 mode 0
Event: 2.910 Thread 0x00000000562e5000 DEOPT PACKING pc=0x00000000029c9f1e sp=0x00000000573ce8b0
Event: 2.910 Thread 0x00000000562e5000 DEOPT UNPACKING pc=0x000000000267747f sp=0x00000000573ce618 mode 0
Event: 2.911 Thread 0x00000000562e5000 DEOPT PACKING pc=0x00000000029c9f1e sp=0x00000000573ce8b0
Event: 2.911 Thread 0x00000000562e5000 DEOPT UNPACKING pc=0x000000000267747f sp=0x00000000573ce618 mode 0
Event: 2.911 Thread 0x00000000562e5000 DEOPT PACKING pc=0x00000000029c9f1e sp=0x00000000573ce8b0
Event: 2.911 Thread 0x00000000562e5000 DEOPT UNPACKING pc=0x000000000267747f sp=0x00000000573ce618 mode 0
Event: 2.912 Thread 0x00000000562e5000 DEOPT PACKING pc=0x00000000029c9f1e sp=0x00000000573ce8b0
Event: 2.912 Thread 0x00000000562e5000 DEOPT UNPACKING pc=0x000000000267747f sp=0x00000000573ce618 mode 0


Dynamic libraries:
0x000000013f2a0000 - 0x000000013f2d7000 	D:\Java\jdk1.7.0_79\bin\java.exe
0x0000000077910000 - 0x0000000077ab9000 	C:\Windows\SYSTEM32\ntdll.dll
0x0000000077430000 - 0x000000007754f000 	C:\Windows\system32\kernel32.dll
0x000007fefdf20000 - 0x000007fefdf8c000 	C:\Windows\system32\KERNELBASE.dll
0x000007fefe290000 - 0x000007fefe36b000 	C:\Windows\system32\ADVAPI32.dll
0x000007fefe4a0000 - 0x000007fefe53f000 	C:\Windows\system32\msvcrt.dll
0x000007fefe270000 - 0x000007fefe28f000 	C:\Windows\SYSTEM32\sechost.dll
0x000007fefe140000 - 0x000007fefe26d000 	C:\Windows\system32\RPCRT4.dll
0x00000000776b0000 - 0x00000000777aa000 	C:\Windows\system32\USER32.dll
0x000007fefe590000 - 0x000007fefe5f7000 	C:\Windows\system32\GDI32.dll
0x000007feff900000 - 0x000007feff90e000 	C:\Windows\system32\LPK.dll
0x000007fefe630000 - 0x000007fefe6f9000 	C:\Windows\system32\USP10.dll
0x000007fefc5b0000 - 0x000007fefc7a4000 	C:\Windows\WinSxS\amd64_microsoft.windows.common-controls_6595b64144ccf1df_6.0.7601.17514_none_fa396087175ac9ac\COMCTL32.dll
0x000007feff880000 - 0x000007feff8f1000 	C:\Windows\system32\SHLWAPI.dll
0x000007fefe600000 - 0x000007fefe62e000 	C:\Windows\system32\IMM32.DLL
0x000007fefe390000 - 0x000007fefe499000 	C:\Windows\system32\MSCTF.dll
0x00000000795e0000 - 0x00000000796b2000 	D:\Java\jdk1.7.0_79\jre\bin\msvcr100.dll
0x00000000701e0000 - 0x0000000070a73000 	D:\Java\jdk1.7.0_79\jre\bin\server\jvm.dll
0x000007fef65f0000 - 0x000007fef65f9000 	C:\Windows\system32\WSOCK32.dll
0x000007fefe540000 - 0x000007fefe58d000 	C:\Windows\system32\WS2_32.dll
0x000007feffa50000 - 0x000007feffa58000 	C:\Windows\system32\NSI.dll
0x000007fefbc80000 - 0x000007fefbcbb000 	C:\Windows\system32\WINMM.dll
0x000007fefced0000 - 0x000007fefcedc000 	C:\Windows\system32\VERSION.dll
0x0000000077ad0000 - 0x0000000077ad7000 	C:\Windows\system32\PSAPI.DLL
0x0000000070ef0000 - 0x0000000070eff000 	D:\Java\jdk1.7.0_79\jre\bin\verify.dll
0x000000005f450000 - 0x000000005f479000 	D:\Java\jdk1.7.0_79\jre\bin\java.dll
0x000000005f430000 - 0x000000005f446000 	D:\Java\jdk1.7.0_79\jre\bin\zip.dll
0x000007fefeaf0000 - 0x000007feff878000 	C:\Windows\system32\SHELL32.dll
0x000007fefe700000 - 0x000007fefe903000 	C:\Windows\system32\ole32.dll
0x000007fefdd70000 - 0x000007fefdd7f000 	C:\Windows\system32\profapi.dll

VM Arguments:
jvm_args: -Djava.awt.headless=true -Xmx1024M -Dfile.encoding=GBK -Duser.country=CN -Duser.language=zh -Duser.variant 
java_command: com.android.dx.command.Main --dex --force-jumbo --num-threads=4 --multi-dex --output E:\android-studio-example\RxJavaSamples\app\build\intermediates\transforms\dex\debug\folders\1000\10\retrofit-2.1.0_485387b7bab24a2113e214ceb1cabb7e4c584c0b C:\Users\Hlh\.gradle\caches\modules-2\files-2.1\com.squareup.retrofit2\retrofit\2.1.0\2de7cd8b95b7021b1d597f049bcb422055119f2c\retrofit-2.1.0.jar
java_class_path (initial): E:\android-studio-sdk\build-tools\23.0.3\lib\dx.jar
Launcher Type: SUN_STANDARD

Environment Variables:
JAVA_HOME=D:\Java\jdk1.7.0_79
CLASSPATH=.;D:\Java\jdk1.7.0_79\lib\dt.jar;D:\Java\jdk1.7.0_79\lib\tools.jar;
PATH=C:\ProgramData\Oracle\Java\javapath;C:\Windows\system32;C:\Windows;C:\Windows\System32\Wbem;C:\Windows\System32\WindowsPowerShell\v1.0\;C:\Program Files (x86)\ATI Technologies\ATI.ACE\Core-Static;D:\Java\jdk1.7.0_79\bin;D:\Java\jdk1.7.0_79\jre\bin;C:\apache-tomcat-7.0.62\bin;
USERNAME=Hlh
OS=Windows_NT
PROCESSOR_IDENTIFIER=Intel64 Family 6 Model 30 Stepping 5, GenuineIntel



---------------  S Y S T E M  ---------------

OS: Windows 7 , 64 bit Build 7601 (6.1.7601.17617)

CPU:total 4 (4 cores per cpu, 1 threads per core) family 6 model 30 stepping 5, cmov, cx8, fxsr, mmx, sse, sse2, sse3, ssse3, sse4.1, sse4.2, popcnt, tsc, tscinvbit

Memory: 4k page, physical 8379896k(1976416k free), swap 8378044k(6624k free)

vm_info: Java HotSpot(TM) 64-Bit Server VM (25.91-b15) for windows-amd64 JRE (1.8.0_91-b15), built on May 20 2016 17:43:15 by "java_re" with MS VC++ 10.0 (VS2010)

time: Mon Jul 04 17:17:48 2016
elapsed time: 3 seconds (0d 0h 0m 3s)

