#
# There is insufficient memory for the Java Runtime Environment to continue.
# Native memory allocation (malloc) failed to allocate 1442416 bytes for Chunk::new
# Possible reasons:
#   The system is out of physical RAM or swap space
#   In 32 bit mode, the process size limit was hit
# Possible solutions:
#   Reduce memory load on the system
#   Increase physical memory or swap space
#   Check if swap backing store is full
#   Use 64 bit Java on a 64 bit OS
#   Decrease Java heap size (-Xmx/-Xms)
#   Decrease number of Java threads
#   Decrease Java thread stack sizes (-Xss)
#   Set larger code cache with -XX:ReservedCodeCacheSize=
# This output file may be truncated or incomplete.
#
#  Out of Memory Error (allocation.cpp:390), pid=8284, tid=8824
#
# JRE version: Java(TM) SE Runtime Environment (8.0_91-b15) (build 1.8.0_91-b15)
# Java VM: Java HotSpot(TM) 64-Bit Server VM (25.91-b15 mixed mode windows-amd64 compressed oops)
# Failed to write core dump. Minidumps are not enabled by default on client versions of Windows
#

---------------  T H R E A D  ---------------

Current thread (0x000000005622b000):  JavaThread "C2 CompilerThread0" daemon [_thread_in_native, id=8824, stack(0x00000000567e0000,0x00000000568e0000)]

Stack: [0x00000000567e0000,0x00000000568e0000]
[error occurred during error reporting (printing stack bounds), id 0xc0000005]

Native frames: (J=compiled Java code, j=interpreted, Vv=VM code, C=native code)


Current CompileTask:
C2:  14343 2983       4       com.android.dx.dex.code.LocalList::make (102 bytes)


---------------  P R O C E S S  ---------------

Java Threads: ( => current thread )
  0x0000000056505000 JavaThread "pool-1-thread-1" [_thread_in_Java, id=3424, stack(0x0000000057130000,0x0000000057230000)]
  0x00000000562b8800 JavaThread "Service Thread" daemon [_thread_blocked, id=2252, stack(0x0000000056d90000,0x0000000056e90000)]
  0x000000005623a000 JavaThread "C1 CompilerThread2" daemon [_thread_blocked, id=8336, stack(0x0000000056be0000,0x0000000056ce0000)]
  0x0000000056238800 JavaThread "C2 CompilerThread1" daemon [_thread_in_native, id=8512, stack(0x00000000569a0000,0x0000000056aa0000)]
=>0x000000005622b000 JavaThread "C2 CompilerThread0" daemon [_thread_in_native, id=8824, stack(0x00000000567e0000,0x00000000568e0000)]
  0x0000000056229800 JavaThread "Attach Listener" daemon [_thread_blocked, id=6556, stack(0x0000000056620000,0x0000000056720000)]
  0x0000000056228800 JavaThread "Signal Dispatcher" daemon [_thread_blocked, id=1664, stack(0x0000000055ff0000,0x00000000560f0000)]
  0x0000000054d2b000 JavaThread "Finalizer" daemon [_thread_blocked, id=6768, stack(0x0000000056120000,0x0000000056220000)]
  0x0000000054ce3800 JavaThread "Reference Handler" daemon [_thread_blocked, id=1200, stack(0x0000000055db0000,0x0000000055eb0000)]
  0x000000000221e000 JavaThread "main" [_thread_blocked, id=7616, stack(0x0000000002530000,0x0000000002630000)]

Other Threads:
  0x0000000054cdc000 VMThread [stack: 0x0000000055ef0000,0x0000000055ff0000] [id=4388]
  0x00000000562e7000 WatcherThread [stack: 0x0000000056ef0000,0x0000000056ff0000] [id=8324]

VM state:not at safepoint (normal execution)

VM Mutex/Monitor currently owned by a thread: None

Heap:
 PSYoungGen      total 110592K, used 75906K [0x00000000eab00000, 0x00000000fef00000, 0x0000000100000000)
  eden space 105472K, 71% used [0x00000000eab00000,0x00000000ef5208d8,0x00000000f1200000)
  from space 5120K, 0% used [0x00000000f3200000,0x00000000f3200000,0x00000000f3700000)
  to   space 32768K, 0% used [0x00000000f1200000,0x00000000f1200000,0x00000000f3200000)
 ParOldGen       total 144896K, used 67060K [0x00000000c0000000, 0x00000000c8d80000, 0x00000000eab00000)
  object space 144896K, 46% used [0x00000000c0000000,0x00000000c417d370,0x00000000c8d80000)
 Metaspace       used 7055K, capacity 7672K, committed 7936K, reserved 1056768K
  class space    used 649K, capacity 688K, committed 768K, reserved 1048576K

Card table byte_map: [0x00000000119f0000,0x0000000011c00000] byte_map_base: 0x00000000113f0000

Marking Bits: (ParMarkBitMap*) 0x00000000709f2f70
 Begin Bits: [0x0000000012150000, 0x0000000013150000)
 End Bits:   [0x0000000013150000, 0x0000000014150000)

Polling page: 0x0000000000110000

CodeCache: size=245760Kb used=14039Kb max_used=14039Kb free=231720Kb
 bounds [0x0000000002630000, 0x0000000003400000, 0x0000000011630000]
 total_blobs=3216 nmethods=2944 adapters=185
 compilation: enabled

Compilation events (10 events):
Event: 14.329 Thread 0x000000005623a000 3136       2       com.android.dx.dex.file.MemberIdItem::writeTo (231 bytes)
Event: 14.331 Thread 0x000000005623a000 nmethod 3136 0x00000000033ed0d0 code [0x00000000033ed4a0, 0x00000000033ee828]
Event: 14.331 Thread 0x000000005623a000 3137       2       com.android.dx.dex.file.FieldIdItem::getTypoidIdx (17 bytes)
Event: 14.331 Thread 0x000000005623a000 nmethod 3137 0x00000000033f0050 code [0x00000000033f01c0, 0x00000000033f03b8]
Event: 14.333 Thread 0x000000005623a000 3138       2       com.android.dx.dex.file.MethodIdItem::getMethodRef (8 bytes)
Event: 14.334 Thread 0x000000005623a000 nmethod 3138 0x00000000033f05d0 code [0x00000000033f0720, 0x00000000033f0890]
Event: 14.334 Thread 0x000000005623a000 3139       2       com.android.dx.dex.file.MethodIdItem::getTypoidIdx (17 bytes)
Event: 14.334 Thread 0x000000005623a000 nmethod 3139 0x00000000033f0910 code [0x00000000033f0a80, 0x00000000033f0c48]
Event: 14.334 Thread 0x000000005623a000 3140       2       com.android.dx.dex.file.ProtoIdsSection::indexOf (49 bytes)
Event: 14.334 Thread 0x000000005623a000 nmethod 3140 0x00000000033f0d90 code [0x00000000033f0f60, 0x00000000033f13e8]

GC Heap History (10 events):
Event: 2.564 GC heap before
{Heap before GC invocations=3 (full 0):
 PSYoungGen      total 71680K, used 71655K [0x00000000eab00000, 0x00000000ef600000, 0x0000000100000000)
  eden space 66560K, 100% used [0x00000000eab00000,0x00000000eec00000,0x00000000eec00000)
  from space 5120K, 99% used [0x00000000ef100000,0x00000000ef5f9ef8,0x00000000ef600000)
  to   space 5120K, 0% used [0x00000000eec00000,0x00000000eec00000,0x00000000ef100000)
 ParOldGen       total 87552K, used 3145K [0x00000000c0000000, 0x00000000c5580000, 0x00000000eab00000)
  object space 87552K, 3% used [0x00000000c0000000,0x00000000c0312590,0x00000000c5580000)
 Metaspace       used 6230K, capacity 7092K, committed 7296K, reserved 1056768K
  class space    used 606K, capacity 620K, committed 640K, reserved 1048576K
Event: 2.598 GC heap after
Heap after GC invocations=3 (full 0):
 PSYoungGen      total 71680K, used 5112K [0x00000000eab00000, 0x00000000f3700000, 0x0000000100000000)
  eden space 66560K, 0% used [0x00000000eab00000,0x00000000eab00000,0x00000000eec00000)
  from space 5120K, 99% used [0x00000000eec00000,0x00000000ef0fe2a0,0x00000000ef100000)
  to   space 5120K, 0% used [0x00000000f3200000,0x00000000f3200000,0x00000000f3700000)
 ParOldGen       total 87552K, used 13152K [0x00000000c0000000, 0x00000000c5580000, 0x00000000eab00000)
  object space 87552K, 15% used [0x00000000c0000000,0x00000000c0cd8198,0x00000000c5580000)
 Metaspace       used 6230K, capacity 7092K, committed 7296K, reserved 1056768K
  class space    used 606K, capacity 620K, committed 640K, reserved 1048576K
}
Event: 6.117 GC heap before
{Heap before GC invocations=4 (full 0):
 PSYoungGen      total 71680K, used 71672K [0x00000000eab00000, 0x00000000f3700000, 0x0000000100000000)
  eden space 66560K, 100% used [0x00000000eab00000,0x00000000eec00000,0x00000000eec00000)
  from space 5120K, 99% used [0x00000000eec00000,0x00000000ef0fe2a0,0x00000000ef100000)
  to   space 5120K, 0% used [0x00000000f3200000,0x00000000f3200000,0x00000000f3700000)
 ParOldGen       total 87552K, used 13152K [0x00000000c0000000, 0x00000000c5580000, 0x00000000eab00000)
  object space 87552K, 15% used [0x00000000c0000000,0x00000000c0cd8198,0x00000000c5580000)
 Metaspace       used 6365K, capacity 7156K, committed 7296K, reserved 1056768K
  class space    used 607K, capacity 620K, committed 640K, reserved 1048576K
Event: 6.172 GC heap after
Heap after GC invocations=4 (full 0):
 PSYoungGen      total 138240K, used 5093K [0x00000000eab00000, 0x00000000f3700000, 0x0000000100000000)
  eden space 133120K, 0% used [0x00000000eab00000,0x00000000eab00000,0x00000000f2d00000)
  from space 5120K, 99% used [0x00000000f3200000,0x00000000f36f9660,0x00000000f3700000)
  to   space 5120K, 0% used [0x00000000f2d00000,0x00000000f2d00000,0x00000000f3200000)
 ParOldGen       total 87552K, used 23423K [0x00000000c0000000, 0x00000000c5580000, 0x00000000eab00000)
  object space 87552K, 26% used [0x00000000c0000000,0x00000000c16dfdc8,0x00000000c5580000)
 Metaspace       used 6365K, capacity 7156K, committed 7296K, reserved 1056768K
  class space    used 607K, capacity 620K, committed 640K, reserved 1048576K
}
Event: 10.944 GC heap before
{Heap before GC invocations=5 (full 0):
 PSYoungGen      total 138240K, used 138213K [0x00000000eab00000, 0x00000000f3700000, 0x0000000100000000)
  eden space 133120K, 100% used [0x00000000eab00000,0x00000000f2d00000,0x00000000f2d00000)
  from space 5120K, 99% used [0x00000000f3200000,0x00000000f36f9660,0x00000000f3700000)
  to   space 5120K, 0% used [0x00000000f2d00000,0x00000000f2d00000,0x00000000f3200000)
 ParOldGen       total 87552K, used 23423K [0x00000000c0000000, 0x00000000c5580000, 0x00000000eab00000)
  object space 87552K, 26% used [0x00000000c0000000,0x00000000c16dfdc8,0x00000000c5580000)
 Metaspace       used 6578K, capacity 7256K, committed 7424K, reserved 1056768K
  class space    used 627K, capacity 656K, committed 768K, reserved 1048576K
Event: 11.017 GC heap after
Heap after GC invocations=5 (full 0):
 PSYoungGen      total 138240K, used 5114K [0x00000000eab00000, 0x00000000f3700000, 0x0000000100000000)
  eden space 133120K, 0% used [0x00000000eab00000,0x00000000eab00000,0x00000000f2d00000)
  from space 5120K, 99% used [0x00000000f2d00000,0x00000000f31fe850,0x00000000f3200000)
  to   space 5120K, 0% used [0x00000000f3200000,0x00000000f3200000,0x00000000f3700000)
 ParOldGen       total 87552K, used 44855K [0x00000000c0000000, 0x00000000c5580000, 0x00000000eab00000)
  object space 87552K, 51% used [0x00000000c0000000,0x00000000c2bcde68,0x00000000c5580000)
 Metaspace       used 6578K, capacity 7256K, committed 7424K, reserved 1056768K
  class space    used 627K, capacity 656K, committed 768K, reserved 1048576K
}
Event: 11.957 GC heap before
{Heap before GC invocations=6 (full 0):
 PSYoungGen      total 138240K, used 138234K [0x00000000eab00000, 0x00000000f3700000, 0x0000000100000000)
  eden space 133120K, 100% used [0x00000000eab00000,0x00000000f2d00000,0x00000000f2d00000)
  from space 5120K, 99% used [0x00000000f2d00000,0x00000000f31fe850,0x00000000f3200000)
  to   space 5120K, 0% used [0x00000000f3200000,0x00000000f3200000,0x00000000f3700000)
 ParOldGen       total 87552K, used 44855K [0x00000000c0000000, 0x00000000c5580000, 0x00000000eab00000)
  object space 87552K, 51% used [0x00000000c0000000,0x00000000c2bcde68,0x00000000c5580000)
 Metaspace       used 6594K, capacity 7256K, committed 7424K, reserved 1056768K
  class space    used 627K, capacity 656K, committed 768K, reserved 1048576K
Event: 12.042 GC heap after
Heap after GC invocations=6 (full 0):
 PSYoungGen      total 110592K, used 5105K [0x00000000eab00000, 0x00000000fef00000, 0x0000000100000000)
  eden space 105472K, 0% used [0x00000000eab00000,0x00000000eab00000,0x00000000f1200000)
  from space 5120K, 99% used [0x00000000f3200000,0x00000000f36fc680,0x00000000f3700000)
  to   space 32768K, 0% used [0x00000000f1200000,0x00000000f1200000,0x00000000f3200000)
 ParOldGen       total 87552K, used 65004K [0x00000000c0000000, 0x00000000c5580000, 0x00000000eab00000)
  object space 87552K, 74% used [0x00000000c0000000,0x00000000c3f7b2c8,0x00000000c5580000)
 Metaspace       used 6594K, capacity 7256K, committed 7424K, reserved 1056768K
  class space    used 627K, capacity 656K, committed 768K, reserved 1048576K
}
Event: 12.042 GC heap before
{Heap before GC invocations=7 (full 1):
 PSYoungGen      total 110592K, used 5105K [0x00000000eab00000, 0x00000000fef00000, 0x0000000100000000)
  eden space 105472K, 0% used [0x00000000eab00000,0x00000000eab00000,0x00000000f1200000)
  from space 5120K, 99% used [0x00000000f3200000,0x00000000f36fc680,0x00000000f3700000)
  to   space 32768K, 0% used [0x00000000f1200000,0x00000000f1200000,0x00000000f3200000)
 ParOldGen       total 87552K, used 65004K [0x00000000c0000000, 0x00000000c5580000, 0x00000000eab00000)
  object space 87552K, 74% used [0x00000000c0000000,0x00000000c3f7b2c8,0x00000000c5580000)
 Metaspace       used 6594K, capacity 7256K, committed 7424K, reserved 1056768K
  class space    used 627K, capacity 656K, committed 768K, reserved 1048576K
Event: 13.431 GC heap after
Heap after GC invocations=7 (full 1):
 PSYoungGen      total 110592K, used 0K [0x00000000eab00000, 0x00000000fef00000, 0x0000000100000000)
  eden space 105472K, 0% used [0x00000000eab00000,0x00000000eab00000,0x00000000f1200000)
  from space 5120K, 0% used [0x00000000f3200000,0x00000000f3200000,0x00000000f3700000)
  to   space 32768K, 0% used [0x00000000f1200000,0x00000000f1200000,0x00000000f3200000)
 ParOldGen       total 144896K, used 67060K [0x00000000c0000000, 0x00000000c8d80000, 0x00000000eab00000)
  object space 144896K, 46% used [0x00000000c0000000,0x00000000c417d370,0x00000000c8d80000)
 Metaspace       used 6594K, capacity 7256K, committed 7424K, reserved 1056768K
  class space    used 627K, capacity 656K, committed 768K, reserved 1048576K
}

Deoptimization events (10 events):
Event: 13.901 Thread 0x0000000056505000 Uncommon trap: reason=speculate_class_check action=maybe_recompile pc=0x00000000029cb900 method=com.android.dx.util.FixedSizeList.equals(Ljava/lang/Object;)Z @ 25
Event: 13.901 Thread 0x0000000056505000 Uncommon trap: reason=speculate_class_check action=maybe_recompile pc=0x00000000029cb900 method=com.android.dx.util.FixedSizeList.equals(Ljava/lang/Object;)Z @ 25
Event: 13.901 Thread 0x0000000056505000 Uncommon trap: reason=speculate_class_check action=maybe_recompile pc=0x00000000029cb900 method=com.android.dx.util.FixedSizeList.equals(Ljava/lang/Object;)Z @ 25
Event: 13.901 Thread 0x0000000056505000 Uncommon trap: reason=speculate_class_check action=maybe_recompile pc=0x00000000029cb900 method=com.android.dx.util.FixedSizeList.equals(Ljava/lang/Object;)Z @ 25
Event: 13.901 Thread 0x0000000056505000 Uncommon trap: reason=unstable_if action=reinterpret pc=0x0000000002d5e4d0 method=java.util.TreeMap.put(Ljava/lang/Object;Ljava/lang/Object;)Ljava/lang/Object; @ 163
Event: 13.999 Thread 0x0000000056505000 Uncommon trap: reason=unstable_if action=reinterpret pc=0x000000000330d4c8 method=com.android.dx.rop.code.RegisterSpec.matchesVariable(Lcom/android/dx/rop/code/RegisterSpec;)Z @ 59
Event: 14.078 Thread 0x0000000056505000 Uncommon trap: reason=unstable_if action=reinterpret pc=0x0000000003342998 method=com.android.dx.dex.code.OutputFinisher.align64bits([Lcom/android/dx/dex/code/Dop;)V @ 205
Event: 14.100 Thread 0x0000000056505000 Uncommon trap: reason=unstable_if action=reinterpret pc=0x00000000033218dc method=com.android.dx.dex.code.LocalList$MakeState.snapshot(ILcom/android/dx/rop/code/RegisterSpecSet;)V @ 86
Event: 14.248 Thread 0x0000000056505000 Uncommon trap: reason=unstable_if action=reinterpret pc=0x0000000002c7a308 method=java.util.ArrayList.<init>(I)V @ 5
Event: 14.291 Thread 0x0000000056505000 Uncommon trap: reason=unstable_if action=reinterpret pc=0x000000000291257c method=java.lang.Long.numberOfTrailingZeros(J)I @ 3

Internal exceptions (8 events):
Event: 0.049 Thread 0x000000000221e000 Exception <a 'java/lang/NoSuchMethodError': Method sun.misc.Unsafe.defineClass(Ljava/lang/String;[BII)Ljava/lang/Class; name or signature does not match> (0x00000000eab07cc0) thrown at [C:\re\workspace\8-2-build-windows-amd64-cygwin\jdk8u91\7017\hotspot\sr˜u|½©?
Event: 0.049 Thread 0x000000000221e000 Exception <a 'java/lang/NoSuchMethodError': Method sun.misc.Unsafe.prefetchRead(Ljava/lang/Object;J)V name or signature does not match> (0x00000000eab07fa8) thrown at [C:\re\workspace\8-2-build-windows-amd64-cygwin\jdk8u91\7017\hotspot\src\share\vm\prims\j~5¡6Oó÷?
Event: 1.497 Thread 0x0000000056512000 Implicit null exception at 0x00000000029320d2 to 0x00000000029321d1
Event: 5.391 Thread 0x0000000056503000 Implicit null exception at 0x0000000002dc8e6c to 0x0000000002dcd005
Event: 7.480 Thread 0x0000000056503000 Implicit null exception at 0x0000000002c2c6c4 to 0x0000000002c2e1e5
Event: 8.768 Thread 0x0000000056512800 Exception <a 'java/lang/ArrayIndexOutOfBoundsException': 18> (0x00000000efad97a0) thrown at [C:\re\workspace\8-2-build-windows-amd64-cygwin\jdk8u91\7017\hotspot\src\share\vm\interpreter\interpreterRuntime.cpp, line 366]
Event: 8.768 Thread 0x0000000056512800 Exception <a 'java/lang/ArrayIndexOutOfBoundsException': 145> (0x00000000efadb320) thrown at [C:\re\workspace\8-2-build-windows-amd64-cygwin\jdk8u91\7017\hotspot\src\share\vm\interpreter\interpreterRuntime.cpp, line 366]
Event: 8.769 Thread 0x0000000056512800 Exception <a 'java/lang/ArrayIndexOutOfBoundsException'> (0x00000000efadc608) thrown at [C:\re\workspace\8-2-build-windows-amd64-cygwin\jdk8u91\7017\hotspot\src\share\vm\runtime\sharedRuntime.cpp, line 605]

Events (10 events):
Event: 14.282 Thread 0x0000000056505000 DEOPT UNPACKING pc=0x000000000267747f sp=0x000000005722e8d8 mode 0
Event: 14.287 loading class com/android/dex/EncodedValueCodec
Event: 14.287 loading class com/android/dex/EncodedValueCodec done
Event: 14.291 Thread 0x0000000056505000 Uncommon trap: trap_request=0xffffff65 fr.pc=0x000000000291257c
Event: 14.291 Thread 0x0000000056505000 DEOPT PACKING pc=0x000000000291257c sp=0x000000005722eca0
Event: 14.291 Thread 0x0000000056505000 DEOPT UNPACKING pc=0x000000000267582a sp=0x000000005722ec30 mode 2
Event: 14.308 loading class com/android/dx/dex/file/MapItem
Event: 14.308 loading class com/android/dx/dex/file/MapItem done
Event: 14.320 loading class com/android/dex/DexFormat
Event: 14.320 loading class com/android/dex/DexFormat done


Dynamic libraries:
0x000000013f2a0000 - 0x000000013f2d7000 	D:\Java\jdk1.7.0_79\bin\java.exe
0x0000000077910000 - 0x0000000077ab9000 	C:\Windows\SYSTEM32\ntdll.dll
0x0000000077430000 - 0x000000007754f000 	C:\Windows\system32\kernel32.dll
0x000007fefdf20000 - 0x000007fefdf8c000 	C:\Windows\system32\KERNELBASE.dll
0x000007fefe290000 - 0x000007fefe36b000 	C:\Windows\system32\ADVAPI32.dll
0x000007fefe4a0000 - 0x000007fefe53f000 	C:\Windows\system32\msvcrt.dll
0x000007fefe270000 - 0x000007fefe28f000 	C:\Windows\SYSTEM32\sechost.dll
0x000007fefe140000 - 0x000007fefe26d000 	C:\Windows\system32\RPCRT4.dll
0x00000000776b0000 - 0x00000000777aa000 	C:\Windows\system32\USER32.dll
0x000007fefe590000 - 0x000007fefe5f7000 	C:\Windows\system32\GDI32.dll
0x000007feff900000 - 0x000007feff90e000 	C:\Windows\system32\LPK.dll
0x000007fefe630000 - 0x000007fefe6f9000 	C:\Windows\system32\USP10.dll
0x000007fefc5b0000 - 0x000007fefc7a4000 	C:\Windows\WinSxS\amd64_microsoft.windows.common-controls_6595b64144ccf1df_6.0.7601.17514_none_fa396087175ac9ac\COMCTL32.dll
0x000007feff880000 - 0x000007feff8f1000 	C:\Windows\system32\SHLWAPI.dll
0x000007fefe600000 - 0x000007fefe62e000 	C:\Windows\system32\IMM32.DLL
0x000007fefe390000 - 0x000007fefe499000 	C:\Windows\system32\MSCTF.dll
0x00000000795e0000 - 0x00000000796b2000 	D:\Java\jdk1.7.0_79\jre\bin\msvcr100.dll
0x00000000701e0000 - 0x0000000070a73000 	D:\Java\jdk1.7.0_79\jre\bin\server\jvm.dll
0x000007fef65f0000 - 0x000007fef65f9000 	C:\Windows\system32\WSOCK32.dll
0x000007fefe540000 - 0x000007fefe58d000 	C:\Windows\system32\WS2_32.dll
0x000007feffa50000 - 0x000007feffa58000 	C:\Windows\system32\NSI.dll
0x000007fefbc80000 - 0x000007fefbcbb000 	C:\Windows\system32\WINMM.dll
0x000007fefced0000 - 0x000007fefcedc000 	C:\Windows\system32\VERSION.dll
0x0000000077ad0000 - 0x0000000077ad7000 	C:\Windows\system32\PSAPI.DLL
0x0000000070ef0000 - 0x0000000070eff000 	D:\Java\jdk1.7.0_79\jre\bin\verify.dll
0x000000005f450000 - 0x000000005f479000 	D:\Java\jdk1.7.0_79\jre\bin\java.dll
0x000000005f430000 - 0x000000005f446000 	D:\Java\jdk1.7.0_79\jre\bin\zip.dll
0x000007fefeaf0000 - 0x000007feff878000 	C:\Windows\system32\SHELL32.dll
0x000007fefe700000 - 0x000007fefe903000 	C:\Windows\system32\ole32.dll
0x000007fefdd70000 - 0x000007fefdd7f000 	C:\Windows\system32\profapi.dll

VM Arguments:
jvm_args: -Djava.awt.headless=true -Xmx1024M -Dfile.encoding=GBK -Duser.country=CN -Duser.language=zh -Duser.variant 
java_command: com.android.dx.command.Main --dex --force-jumbo --num-threads=4 --multi-dex --output E:\android-studio-example\RxJavaSamples\app\build\intermediates\transforms\dex\debug\folders\1000\10\com.android.support-support-v4-23.3.0_417cff62926d62883ba7050ead863fc508dd40ec E:\android-studio-example\RxJavaSamples\app\build\intermediates\exploded-aar\com.android.support\support-v4\23.3.0\jars\classes.jar
java_class_path (initial): E:\android-studio-sdk\build-tools\23.0.3\lib\dx.jar
Launcher Type: SUN_STANDARD

Environment Variables:
JAVA_HOME=D:\Java\jdk1.7.0_79
CLASSPATH=.;D:\Java\jdk1.7.0_79\lib\dt.jar;D:\Java\jdk1.7.0_79\lib\tools.jar;
PATH=C:\ProgramData\Oracle\Java\javapath;C:\Windows\system32;C:\Windows;C:\Windows\System32\Wbem;C:\Windows\System32\WindowsPowerShell\v1.0\;C:\Program Files (x86)\ATI Technologies\ATI.ACE\Core-Static;D:\Java\jdk1.7.0_79\bin;D:\Java\jdk1.7.0_79\jre\bin;C:\apache-tomcat-7.0.62\bin;
USERNAME=Hlh
OS=Windows_NT
PROCESSOR_IDENTIFIER=Intel64 Family 6 Model 30 Stepping 5, GenuineIntel



---------------  S Y S T E M  ---------------

OS: Windows 7 , 64 bit Build 7601 (6.1.7601.17617)

CPU:total 4 (4 cores per cpu, 1 threads per core) family 6 model 30 stepping 5, cmov, cx8, fxsr, mmx, sse, sse2, sse3, ssse3, sse4.1, sse4.2, popcnt, tsc, tscinvbit

Memory: 4k page, physical 8379896k(1741344k free), swap 8378044k(7448k free)

vm_info: Java HotSpot(TM) 64-Bit Server VM (25.91-b15) for windows-amd64 JRE (1.8.0_91-b15), built on May 20 2016 17:43:15 by "java_re" with MS VC++ 10.0 (VS2010)

time: Mon Jul 04 17:18:14 2016
elapsed time: 14 seconds (0d 0h 0m 14s)

