#
# There is insufficient memory for the Java Runtime Environment to continue.
# Native memory allocation (malloc) failed to allocate 47328 bytes for Chunk::new
# Possible reasons:
#   The system is out of physical RAM or swap space
#   In 32 bit mode, the process size limit was hit
# Possible solutions:
#   Reduce memory load on the system
#   Increase physical memory or swap space
#   Check if swap backing store is full
#   Use 64 bit Java on a 64 bit OS
#   Decrease Java heap size (-Xmx/-Xms)
#   Decrease number of Java threads
#   Decrease Java thread stack sizes (-Xss)
#   Set larger code cache with -XX:ReservedCodeCacheSize=
# This output file may be truncated or incomplete.
#
#  Out of Memory Error (allocation.cpp:390), pid=7260, tid=7048
#
# JRE version: Java(TM) SE Runtime Environment (8.0_91-b15) (build 1.8.0_91-b15)
# Java VM: Java HotSpot(TM) 64-Bit Server VM (25.91-b15 mixed mode windows-amd64 compressed oops)
# Failed to write core dump. Minidumps are not enabled by default on client versions of Windows
#

---------------  T H R E A D  ---------------

Current thread (0x0000000054e8f000):  JavaThread "C2 CompilerThread1" daemon [_thread_in_native, id=7048, stack(0x0000000056c40000,0x0000000056d40000)]

Stack: [0x0000000056c40000,0x0000000056d40000]
[error occurred during error reporting (printing stack bounds), id 0xc0000005]

Native frames: (J=compiled Java code, j=interpreted, Vv=VM code, C=native code)


Current CompileTask:
C2:    824  601       4       com.android.dx.ssa.NormalSsaInsn::accept (25 bytes)


---------------  P R O C E S S  ---------------

Java Threads: ( => current thread )
  0x0000000056654800 JavaThread "pool-1-thread-4" [_thread_in_Java, id=9176, stack(0x00000000577f0000,0x00000000578f0000)]
  0x0000000056652000 JavaThread "pool-1-thread-3" [_thread_new, id=7836, stack(0x0000000000000000,0x0000000000000000)]
  0x000000005664c000 JavaThread "pool-1-thread-2" [_thread_in_Java, id=9120, stack(0x00000000573e0000,0x00000000574e0000)]
  0x0000000056639800 JavaThread "pool-2-thread-1" [_thread_blocked, id=1064, stack(0x0000000057220000,0x0000000057320000)]
  0x0000000056638800 JavaThread "pool-1-thread-1" [_thread_in_Java, id=7244, stack(0x0000000056d80000,0x0000000056e80000)]
  0x00000000564d5000 JavaThread "Service Thread" daemon [_thread_blocked, id=8520, stack(0x0000000055ed0000,0x0000000055fd0000)]
  0x00000000564a5000 JavaThread "C1 CompilerThread2" daemon [_thread_in_native, id=8860, stack(0x0000000056ec0000,0x0000000056fc0000)]
=>0x0000000054e8f000 JavaThread "C2 CompilerThread1" daemon [_thread_in_native, id=7048, stack(0x0000000056c40000,0x0000000056d40000)]
  0x0000000054e8a000 JavaThread "C2 CompilerThread0" daemon [_thread_in_native, id=1032, stack(0x0000000056ad0000,0x0000000056bd0000)]
  0x0000000054e89000 JavaThread "Attach Listener" daemon [_thread_blocked, id=9192, stack(0x0000000056110000,0x0000000056210000)]
  0x0000000056498800 JavaThread "Signal Dispatcher" daemon [_thread_blocked, id=8448, stack(0x0000000056920000,0x0000000056a20000)]
  0x0000000054e63800 JavaThread "Finalizer" daemon [_thread_blocked, id=8432, stack(0x0000000056390000,0x0000000056490000)]
  0x0000000054e21800 JavaThread "Reference Handler" daemon [_thread_blocked, id=5256, stack(0x0000000056220000,0x0000000056320000)]
  0x00000000022fe000 JavaThread "main" [_thread_blocked, id=8912, stack(0x00000000025f0000,0x00000000026f0000)]

Other Threads:
  0x0000000054e1a000 VMThread [stack: 0x0000000055fe0000,0x00000000560e0000] [id=6624]
  0x0000000056539800 WatcherThread [stack: 0x0000000056fc0000,0x00000000570c0000] [id=8272]

VM state:not at safepoint (normal execution)

VM Mutex/Monitor currently owned by a thread: None

Heap:
 PSYoungGen      total 57344K, used 15790K [0x00000000eab00000, 0x00000000eeb00000, 0x0000000100000000)
  eden space 49152K, 32% used [0x00000000eab00000,0x00000000eba6ba98,0x00000000edb00000)
  from space 8192K, 0% used [0x00000000ee300000,0x00000000ee300000,0x00000000eeb00000)
  to   space 8192K, 0% used [0x00000000edb00000,0x00000000edb00000,0x00000000ee300000)
 ParOldGen       total 131072K, used 0K [0x00000000c0000000, 0x00000000c8000000, 0x00000000eab00000)
  object space 131072K, 0% used [0x00000000c0000000,0x00000000c0000000,0x00000000c8000000)
 Metaspace       used 5652K, capacity 6578K, committed 6784K, reserved 1056768K
  class space    used 597K, capacity 618K, committed 640K, reserved 1048576K

Card table byte_map: [0x0000000011ab0000,0x0000000011cc0000] byte_map_base: 0x00000000114b0000

Marking Bits: (ParMarkBitMap*) 0x0000000068fd2f70
 Begin Bits: [0x0000000012290000, 0x0000000013290000)
 End Bits:   [0x0000000013290000, 0x0000000014290000)

Polling page: 0x0000000000110000

CodeCache: size=245760Kb used=2220Kb max_used=2231Kb free=243540Kb
 bounds [0x00000000026f0000, 0x0000000002960000, 0x00000000116f0000]
 total_blobs=834 nmethods=564 adapters=184
 compilation: enabled

Compilation events (10 events):
Event: 0.798 Thread 0x0000000054e8f000 nmethod 585 0x000000000291c510 code [0x000000000291c680, 0x000000000291c918]
Event: 0.798 Thread 0x0000000054e8f000  594       4       com.android.dx.ssa.SsaMethod::getExitBlock (26 bytes)
Event: 0.799 Thread 0x0000000054e8f000 nmethod 594 0x0000000002919e50 code [0x0000000002919fa0, 0x000000000291a098]
Event: 0.799 Thread 0x0000000054e8f000  595       4       com.android.dx.ssa.SsaMethod::getDefinitionForRegister (61 bytes)
Event: 0.801 Thread 0x0000000054e8f000 nmethod 595 0x000000000291bfd0 code [0x000000000291c140, 0x000000000291c368]
Event: 0.801 Thread 0x0000000054e8f000  597       4       com.android.dx.rop.type.Type::hashCode (8 bytes)
Event: 0.803 Thread 0x0000000054e8f000 nmethod 597 0x000000000291bc50 code [0x000000000291bd80, 0x000000000291bed8]
Event: 0.803 Thread 0x0000000054e8f000  596       4       com.android.dx.rop.code.RegisterSpec::hashCodeOf (30 bytes)
Event: 0.805 Thread 0x0000000054e8f000 nmethod 596 0x000000000291b790 code [0x000000000291b8e0, 0x000000000291ba58]
Event: 0.805 Thread 0x0000000054e8f000  601       4       com.android.dx.ssa.NormalSsaInsn::accept (25 bytes)

GC Heap History (0 events):
No events

Deoptimization events (4 events):
Event: 0.804 Thread 0x000000005664c000 Uncommon trap: reason=class_check action=maybe_recompile pc=0x00000000028d3fa0 method=com.android.dx.ssa.NormalSsaInsn.accept(Lcom/android/dx/ssa/SsaInsn$Visitor;)V @ 9
Event: 0.804 Thread 0x000000005664c000 Uncommon trap: reason=class_check action=maybe_recompile pc=0x00000000028d3fa0 method=com.android.dx.ssa.NormalSsaInsn.accept(Lcom/android/dx/ssa/SsaInsn$Visitor;)V @ 9
Event: 0.804 Thread 0x000000005664c000 Uncommon trap: reason=class_check action=maybe_recompile pc=0x00000000028d3fa0 method=com.android.dx.ssa.NormalSsaInsn.accept(Lcom/android/dx/ssa/SsaInsn$Visitor;)V @ 9
Event: 0.804 Thread 0x000000005664c000 Uncommon trap: reason=class_check action=maybe_recompile pc=0x00000000028d3fa0 method=com.android.dx.ssa.NormalSsaInsn.accept(Lcom/android/dx/ssa/SsaInsn$Visitor;)V @ 9

Internal exceptions (2 events):
Event: 0.091 Thread 0x00000000022fe000 Exception <a 'java/lang/NoSuchMethodError': Method sun.misc.Unsafe.defineClass(Ljava/lang/String;[BII)Ljava/lang/Class; name or signature does not match> (0x00000000eab07cc0) thrown at [C:\re\workspace\8-2-build-windows-amd64-cygwin\jdk8u91\7017\hotspot\srPÀ∆ÔS∑?
Event: 0.091 Thread 0x00000000022fe000 Exception <a 'java/lang/NoSuchMethodError': Method sun.misc.Unsafe.prefetchRead(Ljava/lang/Object;J)V name or signature does not match> (0x00000000eab07fa8) thrown at [C:\re\workspace\8-2-build-windows-amd64-cygwin\jdk8u91\7017\hotspot\src\share\vm\prims\j

Events (10 events):
Event: 0.804 Thread 0x000000005664c000 DEOPT PACKING pc=0x00000000028d3fa0 sp=0x00000000574de920
Event: 0.804 Thread 0x000000005664c000 DEOPT UNPACKING pc=0x000000000273582a sp=0x00000000574de8b0 mode 2
Event: 0.804 Thread 0x000000005664c000 Uncommon trap: trap_request=0xffffffde fr.pc=0x00000000028d3fa0
Event: 0.804 Thread 0x000000005664c000 DEOPT PACKING pc=0x00000000028d3fa0 sp=0x00000000574de8d0
Event: 0.804 Thread 0x000000005664c000 DEOPT UNPACKING pc=0x000000000273582a sp=0x00000000574de860 mode 2
Event: 0.804 Thread 0x000000005664c000 Uncommon trap: trap_request=0xffffffde fr.pc=0x00000000028d3fa0
Event: 0.804 Thread 0x000000005664c000 DEOPT PACKING pc=0x00000000028d3fa0 sp=0x00000000574deb30
Event: 0.804 Thread 0x000000005664c000 DEOPT UNPACKING pc=0x000000000273582a sp=0x00000000574deac0 mode 2
Event: 0.807 loading class java/util/DualPivotQuicksort
Event: 0.807 loading class java/util/DualPivotQuicksort done


Dynamic libraries:
0x000000013fb90000 - 0x000000013fbc7000 	D:\Java\jdk1.7.0_79\bin\java.exe
0x0000000077380000 - 0x0000000077529000 	C:\Windows\SYSTEM32\ntdll.dll
0x0000000076c80000 - 0x0000000076d9f000 	C:\Windows\system32\kernel32.dll
0x000007fefdb40000 - 0x000007fefdbac000 	C:\Windows\system32\KERNELBASE.dll
0x000007feff510000 - 0x000007feff5eb000 	C:\Windows\system32\ADVAPI32.dll
0x000007feff220000 - 0x000007feff2bf000 	C:\Windows\system32\msvcrt.dll
0x000007feff2c0000 - 0x000007feff2df000 	C:\Windows\SYSTEM32\sechost.dll
0x000007feff2e0000 - 0x000007feff40d000 	C:\Windows\system32\RPCRT4.dll
0x0000000076da0000 - 0x0000000076e9a000 	C:\Windows\system32\USER32.dll
0x000007fefec70000 - 0x000007fefecd7000 	C:\Windows\system32\GDI32.dll
0x000007feff4b0000 - 0x000007feff4be000 	C:\Windows\system32\LPK.dll
0x000007feff150000 - 0x000007feff219000 	C:\Windows\system32\USP10.dll
0x000007fefc020000 - 0x000007fefc214000 	C:\Windows\WinSxS\amd64_microsoft.windows.common-controls_6595b64144ccf1df_6.0.7601.17514_none_fa396087175ac9ac\COMCTL32.dll
0x000007fefdbb0000 - 0x000007fefdc21000 	C:\Windows\system32\SHLWAPI.dll
0x000007feff410000 - 0x000007feff43e000 	C:\Windows\system32\IMM32.DLL
0x000007feff040000 - 0x000007feff149000 	C:\Windows\system32\MSCTF.dll
0x0000000065220000 - 0x00000000652f2000 	D:\Java\jdk1.7.0_79\jre\bin\msvcr100.dll
0x00000000687c0000 - 0x0000000069053000 	D:\Java\jdk1.7.0_79\jre\bin\server\jvm.dll
0x000007fefa270000 - 0x000007fefa279000 	C:\Windows\system32\WSOCK32.dll
0x000007feff4c0000 - 0x000007feff50d000 	C:\Windows\system32\WS2_32.dll
0x000007feff440000 - 0x000007feff448000 	C:\Windows\system32\NSI.dll
0x000007fefb6b0000 - 0x000007fefb6eb000 	C:\Windows\system32\WINMM.dll
0x000007fefc940000 - 0x000007fefc94c000 	C:\Windows\system32\VERSION.dll
0x0000000077540000 - 0x0000000077547000 	C:\Windows\system32\PSAPI.DLL
0x00000000748a0000 - 0x00000000748af000 	D:\Java\jdk1.7.0_79\jre\bin\verify.dll
0x0000000074630000 - 0x0000000074659000 	D:\Java\jdk1.7.0_79\jre\bin\java.dll
0x0000000074880000 - 0x0000000074896000 	D:\Java\jdk1.7.0_79\jre\bin\zip.dll
0x000007fefdc30000 - 0x000007fefe9b8000 	C:\Windows\system32\SHELL32.dll
0x000007fefe9c0000 - 0x000007fefebc3000 	C:\Windows\system32\ole32.dll
0x000007fefd7e0000 - 0x000007fefd7ef000 	C:\Windows\system32\profapi.dll

VM Arguments:
jvm_args: -Djava.awt.headless=true -Xmx1024M -Dfile.encoding=GBK -Duser.country=CN -Duser.language=zh -Duser.variant 
java_command: com.android.dx.command.Main --dex --force-jumbo --num-threads=4 --output E:\android-studio-example\RxJavaSamples\ibeauty\build\intermediates\pre-dexed\debug\instant-run_0f38696c8e8d77ea5293379f11d17c26e5e0ac7d.jar E:\android-studio-example\RxJavaSamples\ibeauty\build\intermediates\incremental-runtime-classes\debug\instant-run.jar
java_class_path (initial): E:\android-studio-sdk\build-tools\23.0.3\lib\dx.jar
Launcher Type: SUN_STANDARD

Environment Variables:
JAVA_HOME=D:\Java\jdk1.7.0_79
CLASSPATH=.;D:\Java\jdk1.7.0_79\lib\dt.jar;D:\Java\jdk1.7.0_79\lib\tools.jar;
PATH=C:\ProgramData\Oracle\Java\javapath;C:\Windows\system32;C:\Windows;C:\Windows\System32\Wbem;C:\Windows\System32\WindowsPowerShell\v1.0\;C:\Program Files (x86)\ATI Technologies\ATI.ACE\Core-Static;D:\Java\jdk1.7.0_79\bin;D:\Java\jdk1.7.0_79\jre\bin;C:\apache-tomcat-7.0.62\bin;D:\DesktopLinks;E:\Git\cmd
USERNAME=Hlh
OS=Windows_NT
PROCESSOR_IDENTIFIER=Intel64 Family 6 Model 30 Stepping 5, GenuineIntel



---------------  S Y S T E M  ---------------

OS: Windows 7 , 64 bit Build 7601 (6.1.7601.17617)

CPU:total 4 (4 cores per cpu, 1 threads per core) family 6 model 30 stepping 5, cmov, cx8, fxsr, mmx, sse, sse2, sse3, ssse3, sse4.1, sse4.2, popcnt, tsc, tscinvbit

Memory: 4k page, physical 12574200k(3474812k free), swap 12572348k(10392k free)

vm_info: Java HotSpot(TM) 64-Bit Server VM (25.91-b15) for windows-amd64 JRE (1.8.0_91-b15), built on May 20 2016 17:43:15 by "java_re" with MS VC++ 10.0 (VS2010)

time: Fri Sep 09 15:04:00 2016
elapsed time: 0 seconds (0d 0h 0m 0s)

