#
# There is insufficient memory for the Java Runtime Environment to continue.
# Native memory allocation (malloc) failed to allocate 941376 bytes for Chunk::new
# Possible reasons:
#   The system is out of physical RAM or swap space
#   In 32 bit mode, the process size limit was hit
# Possible solutions:
#   Reduce memory load on the system
#   Increase physical memory or swap space
#   Check if swap backing store is full
#   Use 64 bit Java on a 64 bit OS
#   Decrease Java heap size (-Xmx/-Xms)
#   Decrease number of Java threads
#   Decrease Java thread stack sizes (-Xss)
#   Set larger code cache with -XX:ReservedCodeCacheSize=
# This output file may be truncated or incomplete.
#
#  Out of Memory Error (allocation.cpp:390), pid=8296, tid=5272
#
# JRE version: Java(TM) SE Runtime Environment (8.0_91-b15) (build 1.8.0_91-b15)
# Java VM: Java HotSpot(TM) 64-Bit Server VM (25.91-b15 mixed mode windows-amd64 compressed oops)
# Failed to write core dump. Minidumps are not enabled by default on client versions of Windows
#

---------------  T H R E A D  ---------------

Current thread (0x0000000056138800):  JavaThread "C2 CompilerThread0" daemon [_thread_in_native, id=5272, stack(0x0000000055f10000,0x0000000056010000)]

Stack: [0x0000000055f10000,0x0000000056010000]
[error occurred during error reporting (printing stack bounds), id 0xc0000005]

Native frames: (J=compiled Java code, j=interpreted, Vv=VM code, C=native code)


Current CompileTask:
C2:   4999 1875       4       com.android.dx.cf.code.ValueAwareMachine::run (1142 bytes)


---------------  P R O C E S S  ---------------

Java Threads: ( => current thread )
  0x00000000561b5000 JavaThread "Service Thread" daemon [_thread_blocked, id=8948, stack(0x0000000056b20000,0x0000000056c20000)]
  0x0000000056147000 JavaThread "C1 CompilerThread2" daemon [_thread_blocked, id=8888, stack(0x0000000056910000,0x0000000056a10000)]
  0x0000000056145000 JavaThread "C2 CompilerThread1" daemon [_thread_in_native, id=8248, stack(0x0000000055b70000,0x0000000055c70000)]
=>0x0000000056138800 JavaThread "C2 CompilerThread0" daemon [_thread_in_native, id=5272, stack(0x0000000055f10000,0x0000000056010000)]
  0x0000000054d9e800 JavaThread "Attach Listener" daemon [_thread_blocked, id=8240, stack(0x0000000056710000,0x0000000056810000)]
  0x0000000054d8f000 JavaThread "Signal Dispatcher" daemon [_thread_blocked, id=6128, stack(0x0000000056590000,0x0000000056690000)]
  0x0000000054d73800 JavaThread "Finalizer" daemon [_thread_blocked, id=8596, stack(0x0000000056030000,0x0000000056130000)]
  0x0000000054d31800 JavaThread "Reference Handler" daemon [_thread_blocked, id=5188, stack(0x0000000055e10000,0x0000000055f10000)]
  0x0000000001d0e000 JavaThread "main" [_thread_in_vm, id=8468, stack(0x0000000002460000,0x0000000002560000)]

Other Threads:
  0x0000000054d2a000 VMThread [stack: 0x0000000055c70000,0x0000000055d70000] [id=3484]
  0x00000000561da800 WatcherThread [stack: 0x0000000056a20000,0x0000000056b20000] [id=7564]

VM state:not at safepoint (normal execution)

VM Mutex/Monitor currently owned by a thread: None

Heap:
 PSYoungGen      total 106496K, used 29360K [0x00000000eab00000, 0x00000000f7b00000, 0x0000000100000000)
  eden space 98304K, 21% used [0x00000000eab00000,0x00000000ebfb3590,0x00000000f0b00000)
  from space 8192K, 99% used [0x00000000f0b00000,0x00000000f12f8d80,0x00000000f1300000)
  to   space 8192K, 0% used [0x00000000f7300000,0x00000000f7300000,0x00000000f7b00000)
 ParOldGen       total 131072K, used 18966K [0x00000000c0000000, 0x00000000c8000000, 0x00000000eab00000)
  object space 131072K, 14% used [0x00000000c0000000,0x00000000c1285988,0x00000000c8000000)
 Metaspace       used 6501K, capacity 7192K, committed 7424K, reserved 1056768K
  class space    used 631K, capacity 656K, committed 768K, reserved 1048576K

Card table byte_map: [0x0000000011920000,0x0000000011b30000] byte_map_base: 0x0000000011320000

Marking Bits: (ParMarkBitMap*) 0x0000000068fd2f70
 Begin Bits: [0x00000000121a0000, 0x00000000131a0000)
 End Bits:   [0x00000000131a0000, 0x00000000141a0000)

Polling page: 0x0000000001c40000

CodeCache: size=245760Kb used=8160Kb max_used=8160Kb free=237599Kb
 bounds [0x0000000002560000, 0x0000000002d60000, 0x0000000011560000]
 total_blobs=2122 nmethods=1850 adapters=184
 compilation: enabled

Compilation events (10 events):
Event: 4.751 Thread 0x0000000056138800 nmethod 1848 0x0000000002d22810 code [0x0000000002d22ce0, 0x0000000002d26c00]
Event: 4.751 Thread 0x0000000056138800 1867       4       com.android.dx.rop.code.RegisterSpecSet::intersect (117 bytes)
Event: 4.758 Thread 0x0000000056138800 nmethod 1867 0x0000000002d07d90 code [0x0000000002d07f20, 0x0000000002d08448]
Event: 4.758 Thread 0x0000000056138800 1851 %     4       com.android.dx.cf.code.BasicBlocker::getBlockList @ 66 (208 bytes)
Event: 4.786 Thread 0x0000000056138800 nmethod 1851% 0x0000000002d2d890 code [0x0000000002d2daa0, 0x0000000002d2ef28]
Event: 4.786 Thread 0x0000000056138800 1853       4       java.util.ArrayList::removeRange (75 bytes)
Event: 4.789 Thread 0x0000000056138800 nmethod 1853 0x0000000002d08a50 code [0x0000000002d08ba0, 0x0000000002d08d18]
Event: 4.789 Thread 0x0000000056138800 1875       4       com.android.dx.cf.code.ValueAwareMachine::run (1142 bytes)
Event: 4.825 Thread 0x0000000056147000 1938       2       java.util.concurrent.FutureTask::get (23 bytes)
Event: 4.826 Thread 0x0000000056147000 nmethod 1938 0x0000000002d0b7d0 code [0x0000000002d0b940, 0x0000000002d0baf8]

GC Heap History (6 events):
Event: 1.347 GC heap before
{Heap before GC invocations=1 (full 0):
 PSYoungGen      total 57344K, used 49152K [0x00000000eab00000, 0x00000000eeb00000, 0x0000000100000000)
  eden space 49152K, 100% used [0x00000000eab00000,0x00000000edb00000,0x00000000edb00000)
  from space 8192K, 0% used [0x00000000ee300000,0x00000000ee300000,0x00000000eeb00000)
  to   space 8192K, 0% used [0x00000000edb00000,0x00000000edb00000,0x00000000ee300000)
 ParOldGen       total 131072K, used 0K [0x00000000c0000000, 0x00000000c8000000, 0x00000000eab00000)
  object space 131072K, 0% used [0x00000000c0000000,0x00000000c0000000,0x00000000c8000000)
 Metaspace       used 6168K, capacity 7028K, committed 7296K, reserved 1056768K
  class space    used 602K, capacity 620K, committed 640K, reserved 1048576K
Event: 1.428 GC heap after
Heap after GC invocations=1 (full 0):
 PSYoungGen      total 57344K, used 8182K [0x00000000eab00000, 0x00000000f1b00000, 0x0000000100000000)
  eden space 49152K, 0% used [0x00000000eab00000,0x00000000eab00000,0x00000000edb00000)
  from space 8192K, 99% used [0x00000000edb00000,0x00000000ee2fd878,0x00000000ee300000)
  to   space 8192K, 0% used [0x00000000f1300000,0x00000000f1300000,0x00000000f1b00000)
 ParOldGen       total 131072K, used 539K [0x00000000c0000000, 0x00000000c8000000, 0x00000000eab00000)
  object space 131072K, 0% used [0x00000000c0000000,0x00000000c0086ed8,0x00000000c8000000)
 Metaspace       used 6168K, capacity 7028K, committed 7296K, reserved 1056768K
  class space    used 602K, capacity 620K, committed 640K, reserved 1048576K
}
Event: 2.212 GC heap before
{Heap before GC invocations=2 (full 0):
 PSYoungGen      total 57344K, used 57334K [0x00000000eab00000, 0x00000000f1b00000, 0x0000000100000000)
  eden space 49152K, 100% used [0x00000000eab00000,0x00000000edb00000,0x00000000edb00000)
  from space 8192K, 99% used [0x00000000edb00000,0x00000000ee2fd878,0x00000000ee300000)
  to   space 8192K, 0% used [0x00000000f1300000,0x00000000f1300000,0x00000000f1b00000)
 ParOldGen       total 131072K, used 539K [0x00000000c0000000, 0x00000000c8000000, 0x00000000eab00000)
  object space 131072K, 0% used [0x00000000c0000000,0x00000000c0086ed8,0x00000000c8000000)
 Metaspace       used 6352K, capacity 7128K, committed 7424K, reserved 1056768K
  class space    used 626K, capacity 656K, committed 768K, reserved 1048576K
Event: 2.334 GC heap after
Heap after GC invocations=2 (full 0):
 PSYoungGen      total 106496K, used 8188K [0x00000000eab00000, 0x00000000f1b00000, 0x0000000100000000)
  eden space 98304K, 0% used [0x00000000eab00000,0x00000000eab00000,0x00000000f0b00000)
  from space 8192K, 99% used [0x00000000f1300000,0x00000000f1aff150,0x00000000f1b00000)
  to   space 8192K, 0% used [0x00000000f0b00000,0x00000000f0b00000,0x00000000f1300000)
 ParOldGen       total 131072K, used 5724K [0x00000000c0000000, 0x00000000c8000000, 0x00000000eab00000)
  object space 131072K, 4% used [0x00000000c0000000,0x00000000c05972a8,0x00000000c8000000)
 Metaspace       used 6352K, capacity 7128K, committed 7424K, reserved 1056768K
  class space    used 626K, capacity 656K, committed 768K, reserved 1048576K
}
Event: 4.046 GC heap before
{Heap before GC invocations=3 (full 0):
 PSYoungGen      total 106496K, used 106492K [0x00000000eab00000, 0x00000000f1b00000, 0x0000000100000000)
  eden space 98304K, 100% used [0x00000000eab00000,0x00000000f0b00000,0x00000000f0b00000)
  from space 8192K, 99% used [0x00000000f1300000,0x00000000f1aff150,0x00000000f1b00000)
  to   space 8192K, 0% used [0x00000000f0b00000,0x00000000f0b00000,0x00000000f1300000)
 ParOldGen       total 131072K, used 5724K [0x00000000c0000000, 0x00000000c8000000, 0x00000000eab00000)
  object space 131072K, 4% used [0x00000000c0000000,0x00000000c05972a8,0x00000000c8000000)
 Metaspace       used 6400K, capacity 7192K, committed 7424K, reserved 1056768K
  class space    used 626K, capacity 656K, committed 768K, reserved 1048576K
Event: 4.154 GC heap after
Heap after GC invocations=3 (full 0):
 PSYoungGen      total 106496K, used 8163K [0x00000000eab00000, 0x00000000f7b00000, 0x0000000100000000)
  eden space 98304K, 0% used [0x00000000eab00000,0x00000000eab00000,0x00000000f0b00000)
  from space 8192K, 99% used [0x00000000f0b00000,0x00000000f12f8d80,0x00000000f1300000)
  to   space 8192K, 0% used [0x00000000f7300000,0x00000000f7300000,0x00000000f7b00000)
 ParOldGen       total 131072K, used 18966K [0x00000000c0000000, 0x00000000c8000000, 0x00000000eab00000)
  object space 131072K, 14% used [0x00000000c0000000,0x00000000c1285988,0x00000000c8000000)
 Metaspace       used 6400K, capacity 7192K, committed 7424K, reserved 1056768K
  class space    used 626K, capacity 656K, committed 768K, reserved 1048576K
}

Deoptimization events (10 events):
Event: 2.370 Thread 0x0000000056444000 Uncommon trap: reason=unstable_if action=reinterpret pc=0x00000000028394ac method=java.util.HashMap.putVal(ILjava/lang/Object;Ljava/lang/Object;ZZ)Ljava/lang/Object; @ 162
Event: 2.444 Thread 0x0000000056444000 Uncommon trap: reason=bimorphic action=maybe_recompile pc=0x0000000002bfff5c method=com.android.dx.cf.code.BytecodeArray.parseInstruction(ILcom/android/dx/cf/code/BytecodeArray$Visitor;)I @ 923
Event: 2.444 Thread 0x0000000056444000 Uncommon trap: reason=bimorphic action=maybe_recompile pc=0x0000000002c0071c method=com.android.dx.cf.code.BytecodeArray.parseInstruction(ILcom/android/dx/cf/code/BytecodeArray$Visitor;)I @ 1287
Event: 2.444 Thread 0x0000000056444000 Uncommon trap: reason=bimorphic action=maybe_recompile pc=0x0000000002bfff5c method=com.android.dx.cf.code.BytecodeArray.parseInstruction(ILcom/android/dx/cf/code/BytecodeArray$Visitor;)I @ 923
Event: 2.444 Thread 0x0000000056444000 Uncommon trap: reason=bimorphic action=maybe_recompile pc=0x0000000002c0071c method=com.android.dx.cf.code.BytecodeArray.parseInstruction(ILcom/android/dx/cf/code/BytecodeArray$Visitor;)I @ 1287
Event: 2.622 Thread 0x000000005641a800 Uncommon trap: reason=unstable_if action=reinterpret pc=0x00000000029e0450 method=java.util.HashMap.putVal(ILjava/lang/Object;Ljava/lang/Object;ZZ)Ljava/lang/Object; @ 109
Event: 3.860 Thread 0x0000000056444000 Uncommon trap: reason=bimorphic action=maybe_recompile pc=0x0000000002c44228 method=com.android.dx.cf.code.BytecodeArray.parseInstruction(ILcom/android/dx/cf/code/BytecodeArray$Visitor;)I @ 2484
Event: 3.860 Thread 0x0000000056444000 Uncommon trap: reason=bimorphic action=maybe_recompile pc=0x0000000002c44228 method=com.android.dx.cf.code.BytecodeArray.parseInstruction(ILcom/android/dx/cf/code/BytecodeArray$Visitor;)I @ 2484
Event: 3.942 Thread 0x0000000056444000 Uncommon trap: reason=unstable_if action=reinterpret pc=0x0000000002bd9f8c method=com.android.dx.rop.code.RegisterSpecSet.localItemToSpec(Lcom/android/dx/rop/code/LocalItem;)Lcom/android/dx/rop/code/RegisterSpec; @ 35
Event: 4.266 Thread 0x0000000056444000 Uncommon trap: reason=unstable_if action=reinterpret pc=0x0000000002c6c838 method=com.android.dx.cf.code.BaseMachine.popArgs(Lcom/android/dx/cf/code/Frame;I)V @ 15

Internal exceptions (7 events):
Event: 0.156 Thread 0x0000000001d0e000 Exception <a 'java/lang/NoSuchMethodError': Method sun.misc.Unsafe.defineClass(Ljava/lang/String;[BII)Ljava/lang/Class; name or signature does not match> (0x00000000eab07cc0) thrown at [C:\re\workspace\8-2-build-windows-amd64-cygwin\jdk8u91\7017\hotspot\sr$ÁÕè™Ú√?
Event: 0.156 Thread 0x0000000001d0e000 Exception <a 'java/lang/NoSuchMethodError': Method sun.misc.Unsafe.prefetchRead(Ljava/lang/Object;J)V name or signature does not match> (0x00000000eab07fa8) thrown at [C:\re\workspace\8-2-build-windows-amd64-cygwin\jdk8u91\7017\hotspot\src\share\vm\prims\j‚xn˙‡Ù?
Event: 1.305 Thread 0x0000000001d0e000 Implicit null exception at 0x00000000028da1d2 to 0x00000000028da2c2
Event: 1.578 Thread 0x0000000001d0e000 Exception <a 'java/lang/ArrayIndexOutOfBoundsException': 18> (0x00000000eba03b40) thrown at [C:\re\workspace\8-2-build-windows-amd64-cygwin\jdk8u91\7017\hotspot\src\share\vm\interpreter\interpreterRuntime.cpp, line 366]
Event: 1.578 Thread 0x0000000001d0e000 Exception <a 'java/lang/ArrayIndexOutOfBoundsException': 145> (0x00000000eba056c0) thrown at [C:\re\workspace\8-2-build-windows-amd64-cygwin\jdk8u91\7017\hotspot\src\share\vm\interpreter\interpreterRuntime.cpp, line 366]
Event: 1.578 Thread 0x0000000001d0e000 Exception <a 'java/lang/ArrayIndexOutOfBoundsException'> (0x00000000eba069a8) thrown at [C:\re\workspace\8-2-build-windows-amd64-cygwin\jdk8u91\7017\hotspot\src\share\vm\runtime\sharedRuntime.cpp, line 605]
Event: 1.662 Thread 0x000000005640f800 Implicit null exception at 0x000000000280187a to 0x0000000002803601

Events (10 events):
Event: 4.651 Thread 0x000000005640f800 DEOPT UNPACKING pc=0x00000000025a747f sp=0x0000000056ebe6f8 mode 0
Event: 4.657 loading class java/util/HashMap$KeySet
Event: 4.657 loading class java/util/HashMap$KeySet done
Event: 4.657 loading class java/util/HashMap$KeyIterator
Event: 4.657 loading class java/util/HashMap$KeyIterator done
Event: 4.661 Thread 0x000000005640f800 Thread exited: 0x000000005640f800
Event: 4.662 Thread 0x000000005641a800 Thread exited: 0x000000005641a800
Event: 4.662 Thread 0x0000000056444000 Thread exited: 0x0000000056444000
Event: 4.677 Thread 0x0000000056420000 Thread exited: 0x0000000056420000
Event: 4.825 Thread 0x0000000056411000 Thread exited: 0x0000000056411000


Dynamic libraries:
0x000000013fb90000 - 0x000000013fbc7000 	D:\Java\jdk1.7.0_79\bin\java.exe
0x0000000077380000 - 0x0000000077529000 	C:\Windows\SYSTEM32\ntdll.dll
0x0000000076c80000 - 0x0000000076d9f000 	C:\Windows\system32\kernel32.dll
0x000007fefdb40000 - 0x000007fefdbac000 	C:\Windows\system32\KERNELBASE.dll
0x000007feff510000 - 0x000007feff5eb000 	C:\Windows\system32\ADVAPI32.dll
0x000007feff220000 - 0x000007feff2bf000 	C:\Windows\system32\msvcrt.dll
0x000007feff2c0000 - 0x000007feff2df000 	C:\Windows\SYSTEM32\sechost.dll
0x000007feff2e0000 - 0x000007feff40d000 	C:\Windows\system32\RPCRT4.dll
0x0000000076da0000 - 0x0000000076e9a000 	C:\Windows\system32\USER32.dll
0x000007fefec70000 - 0x000007fefecd7000 	C:\Windows\system32\GDI32.dll
0x000007feff4b0000 - 0x000007feff4be000 	C:\Windows\system32\LPK.dll
0x000007feff150000 - 0x000007feff219000 	C:\Windows\system32\USP10.dll
0x000007fefc020000 - 0x000007fefc214000 	C:\Windows\WinSxS\amd64_microsoft.windows.common-controls_6595b64144ccf1df_6.0.7601.17514_none_fa396087175ac9ac\COMCTL32.dll
0x000007fefdbb0000 - 0x000007fefdc21000 	C:\Windows\system32\SHLWAPI.dll
0x000007feff410000 - 0x000007feff43e000 	C:\Windows\system32\IMM32.DLL
0x000007feff040000 - 0x000007feff149000 	C:\Windows\system32\MSCTF.dll
0x0000000065220000 - 0x00000000652f2000 	D:\Java\jdk1.7.0_79\jre\bin\msvcr100.dll
0x00000000687c0000 - 0x0000000069053000 	D:\Java\jdk1.7.0_79\jre\bin\server\jvm.dll
0x000007fefa270000 - 0x000007fefa279000 	C:\Windows\system32\WSOCK32.dll
0x000007feff4c0000 - 0x000007feff50d000 	C:\Windows\system32\WS2_32.dll
0x000007feff440000 - 0x000007feff448000 	C:\Windows\system32\NSI.dll
0x000007fefb6b0000 - 0x000007fefb6eb000 	C:\Windows\system32\WINMM.dll
0x000007fefc940000 - 0x000007fefc94c000 	C:\Windows\system32\VERSION.dll
0x0000000077540000 - 0x0000000077547000 	C:\Windows\system32\PSAPI.DLL
0x00000000748a0000 - 0x00000000748af000 	D:\Java\jdk1.7.0_79\jre\bin\verify.dll
0x0000000074630000 - 0x0000000074659000 	D:\Java\jdk1.7.0_79\jre\bin\java.dll
0x0000000074880000 - 0x0000000074896000 	D:\Java\jdk1.7.0_79\jre\bin\zip.dll
0x000007fefdc30000 - 0x000007fefe9b8000 	C:\Windows\system32\SHELL32.dll
0x000007fefe9c0000 - 0x000007fefebc3000 	C:\Windows\system32\ole32.dll
0x000007fefd7e0000 - 0x000007fefd7ef000 	C:\Windows\system32\profapi.dll

VM Arguments:
jvm_args: -Djava.awt.headless=true -Xmx1024M -Dfile.encoding=GBK -Duser.country=CN -Duser.language=zh -Duser.variant 
java_command: com.android.dx.command.Main --dex --force-jumbo --num-threads=4 --output E:\android-studio-example\RxJavaSamples\ibeauty\build\intermediates\pre-dexed\debug\com.android.support-recyclerview-v7-23.3.0_607345b5ec00f6cee0ae797dbe8a267aa79a4ecd.jar E:\android-studio-example\RxJavaSamples\ibeauty\build\intermediates\exploded-aar\com.android.support\recyclerview-v7\23.3.0\jars\classes.jar
java_class_path (initial): E:\android-studio-sdk\build-tools\23.0.3\lib\dx.jar
Launcher Type: SUN_STANDARD

Environment Variables:
JAVA_HOME=D:\Java\jdk1.7.0_79
CLASSPATH=.;D:\Java\jdk1.7.0_79\lib\dt.jar;D:\Java\jdk1.7.0_79\lib\tools.jar;
PATH=C:\ProgramData\Oracle\Java\javapath;C:\Windows\system32;C:\Windows;C:\Windows\System32\Wbem;C:\Windows\System32\WindowsPowerShell\v1.0\;C:\Program Files (x86)\ATI Technologies\ATI.ACE\Core-Static;D:\Java\jdk1.7.0_79\bin;D:\Java\jdk1.7.0_79\jre\bin;C:\apache-tomcat-7.0.62\bin;D:\DesktopLinks;E:\Git\cmd
USERNAME=Hlh
OS=Windows_NT
PROCESSOR_IDENTIFIER=Intel64 Family 6 Model 30 Stepping 5, GenuineIntel



---------------  S Y S T E M  ---------------

OS: Windows 7 , 64 bit Build 7601 (6.1.7601.17617)

CPU:total 4 (4 cores per cpu, 1 threads per core) family 6 model 30 stepping 5, cmov, cx8, fxsr, mmx, sse, sse2, sse3, ssse3, sse4.1, sse4.2, popcnt, tsc, tscinvbit

Memory: 4k page, physical 12574200k(3582348k free), swap 12572348k(26436k free)

vm_info: Java HotSpot(TM) 64-Bit Server VM (25.91-b15) for windows-amd64 JRE (1.8.0_91-b15), built on May 20 2016 17:43:15 by "java_re" with MS VC++ 10.0 (VS2010)

time: Fri Sep 09 15:02:34 2016
elapsed time: 5 seconds (0d 0h 0m 5s)

