#
# There is insufficient memory for the Java Runtime Environment to continue.
# Native memory allocation (malloc) failed to allocate 141536 bytes for Chunk::new
# Possible reasons:
#   The system is out of physical RAM or swap space
#   In 32 bit mode, the process size limit was hit
# Possible solutions:
#   Reduce memory load on the system
#   Increase physical memory or swap space
#   Check if swap backing store is full
#   Use 64 bit Java on a 64 bit OS
#   Decrease Java heap size (-Xmx/-Xms)
#   Decrease number of Java threads
#   Decrease Java thread stack sizes (-Xss)
#   Set larger code cache with -XX:ReservedCodeCacheSize=
# This output file may be truncated or incomplete.
#
#  Out of Memory Error (allocation.cpp:390), pid=8660, tid=8696
#
# JRE version: Java(TM) SE Runtime Environment (8.0_91-b15) (build 1.8.0_91-b15)
# Java VM: Java HotSpot(TM) 64-Bit Server VM (25.91-b15 mixed mode windows-amd64 compressed oops)
# Failed to write core dump. Minidumps are not enabled by default on client versions of Windows
#

---------------  T H R E A D  ---------------

Current thread (0x000000005605b000):  JavaThread "C2 CompilerThread1" daemon [_thread_in_native, id=8696, stack(0x0000000056a00000,0x0000000056b00000)]

Stack: [0x0000000056a00000,0x0000000056b00000]
[error occurred during error reporting (printing stack bounds), id 0xc0000005]

Native frames: (J=compiled Java code, j=interpreted, Vv=VM code, C=native code)


Current CompileTask:
C2:   1188  877       4       com.android.dx.ssa.NormalSsaInsn::accept (25 bytes)


---------------  P R O C E S S  ---------------

Java Threads: ( => current thread )
  0x00000000561f1800 JavaThread "pool-1-thread-3" [_thread_blocked, id=8244, stack(0x0000000057110000,0x0000000057210000)]
  0x00000000561ef000 JavaThread "pool-1-thread-2" [_thread_blocked, id=3420, stack(0x00000000574b0000,0x00000000575b0000)]
  0x00000000561ec000 JavaThread "pool-2-thread-1" [_thread_blocked, id=3108, stack(0x0000000057230000,0x0000000057330000)]
  0x00000000561eb000 JavaThread "pool-1-thread-1" [_thread_in_vm, id=6584, stack(0x0000000057000000,0x0000000057100000)]
  0x00000000560d7000 JavaThread "Service Thread" daemon [_thread_blocked, id=8364, stack(0x0000000056b40000,0x0000000056c40000)]
  0x0000000054e6b000 JavaThread "C1 CompilerThread2" daemon [_thread_in_native, id=9200, stack(0x0000000056ce0000,0x0000000056de0000)]
=>0x000000005605b000 JavaThread "C2 CompilerThread1" daemon [_thread_in_native, id=8696, stack(0x0000000056a00000,0x0000000056b00000)]
  0x0000000056056000 JavaThread "C2 CompilerThread0" daemon [_thread_in_native, id=8784, stack(0x0000000056800000,0x0000000056900000)]
  0x000000005604c800 JavaThread "Attach Listener" daemon [_thread_blocked, id=7604, stack(0x0000000056630000,0x0000000056730000)]
  0x0000000054e5d000 JavaThread "Signal Dispatcher" daemon [_thread_blocked, id=2380, stack(0x0000000056450000,0x0000000056550000)]
  0x0000000054e49000 JavaThread "Finalizer" daemon [_thread_blocked, id=8852, stack(0x0000000055dd0000,0x0000000055ed0000)]
  0x0000000054e01800 JavaThread "Reference Handler" daemon [_thread_blocked, id=8892, stack(0x0000000055f40000,0x0000000056040000)]
  0x0000000001d0e000 JavaThread "main" [_thread_blocked, id=4868, stack(0x0000000002430000,0x0000000002530000)]

Other Threads:
  0x0000000054dfa000 VMThread [stack: 0x0000000055ca0000,0x0000000055da0000] [id=8896]
  0x00000000560ee800 WatcherThread [stack: 0x0000000056ee0000,0x0000000056fe0000] [id=3852]

VM state:synchronizing (normal execution)

VM Mutex/Monitor currently owned by a thread:  ([mutex/lock_event])
[0x0000000001d0c000] Threads_lock - owner thread: 0x0000000054dfa000
[0x0000000001d0c500] Heap_lock - owner thread: 0x00000000561ef000

Heap:
 PSYoungGen      total 57344K, used 49152K [0x00000000eab00000, 0x00000000eeb00000, 0x0000000100000000)
  eden space 49152K, 100% used [0x00000000eab00000,0x00000000edb00000,0x00000000edb00000)
  from space 8192K, 0% used [0x00000000ee300000,0x00000000ee300000,0x00000000eeb00000)
  to   space 8192K, 0% used [0x00000000edb00000,0x00000000edb00000,0x00000000ee300000)
 ParOldGen       total 131072K, used 0K [0x00000000c0000000, 0x00000000c8000000, 0x00000000eab00000)
  object space 131072K, 0% used [0x00000000c0000000,0x00000000c0000000,0x00000000c8000000)
 Metaspace       used 5851K, capacity 6774K, committed 7040K, reserved 1056768K
  class space    used 603K, capacity 622K, committed 640K, reserved 1048576K

Card table byte_map: [0x00000000118f0000,0x0000000011b00000] byte_map_base: 0x00000000112f0000

Marking Bits: (ParMarkBitMap*) 0x00000000595c2f70
 Begin Bits: [0x0000000012270000, 0x0000000013270000)
 End Bits:   [0x0000000013270000, 0x0000000014270000)

Polling page: 0x0000000000310000

CodeCache: size=245760Kb used=3404Kb max_used=3404Kb free=242355Kb
 bounds [0x0000000002530000, 0x0000000002890000, 0x0000000011530000]
 total_blobs=1154 nmethods=884 adapters=184
 compilation: enabled

Compilation events (10 events):
Event: 0.934 Thread 0x0000000054e6b000 nmethod 873 0x0000000002868990 code [0x0000000002868ae0, 0x0000000002868bf0]
Event: 0.934 Thread 0x0000000054e6b000  883       1       com.android.dx.cf.attrib.AttCode::getMaxStack (5 bytes)
Event: 0.934 Thread 0x0000000054e6b000 nmethod 883 0x0000000002868c50 code [0x0000000002868da0, 0x0000000002868eb0]
Event: 0.934 Thread 0x0000000054e6b000  857       1       com.android.dx.rop.code.SourcePosition::getLine (5 bytes)
Event: 0.934 Thread 0x0000000054e6b000 nmethod 857 0x0000000002868f10 code [0x0000000002869060, 0x0000000002869170]
Event: 0.953 Thread 0x0000000056056000 nmethod 853 0x000000000286e590 code [0x000000000286e8a0, 0x0000000002870f70]
Event: 0.953 Thread 0x0000000056056000  884       4       com.android.dx.ssa.SsaBasicBlock::forEachInsn (37 bytes)
Event: 0.985 Thread 0x0000000054e6b000  910       1       com.android.dx.util.Bits::getMax (6 bytes)
Event: 0.985 Thread 0x0000000054e6b000 nmethod 910 0x000000000286e2d0 code [0x000000000286e420, 0x000000000286e510]
Event: 0.985 Thread 0x0000000054e6b000  905       2       com.android.dx.ssa.PhiInsn::predBlocksForReg (73 bytes)

GC Heap History (0 events):
No events

Deoptimization events (7 events):
Event: 0.465 Thread 0x00000000561f1800 Uncommon trap: reason=unstable_if action=reinterpret pc=0x000000000271ea40 method=java.util.HashMap.getNode(ILjava/lang/Object;)Ljava/util/HashMap$Node; @ 129
Event: 0.633 Thread 0x0000000056200800 Uncommon trap: reason=class_check action=maybe_recompile pc=0x000000000276b5e0 method=com.android.dx.ssa.NormalSsaInsn.accept(Lcom/android/dx/ssa/SsaInsn$Visitor;)V @ 9
Event: 0.633 Thread 0x0000000056200800 Uncommon trap: reason=class_check action=maybe_recompile pc=0x000000000276b5e0 method=com.android.dx.ssa.NormalSsaInsn.accept(Lcom/android/dx/ssa/SsaInsn$Visitor;)V @ 9
Event: 0.639 Thread 0x00000000561ef000 Uncommon trap: reason=class_check action=maybe_recompile pc=0x000000000276b5e0 method=com.android.dx.ssa.NormalSsaInsn.accept(Lcom/android/dx/ssa/SsaInsn$Visitor;)V @ 9
Event: 0.639 Thread 0x00000000561ef000 Uncommon trap: reason=class_check action=maybe_recompile pc=0x000000000276b5e0 method=com.android.dx.ssa.NormalSsaInsn.accept(Lcom/android/dx/ssa/SsaInsn$Visitor;)V @ 9
Event: 0.705 Thread 0x00000000561ef000 Uncommon trap: reason=class_check action=maybe_recompile pc=0x0000000002834530 method=com.android.dx.ssa.NormalSsaInsn.accept(Lcom/android/dx/ssa/SsaInsn$Visitor;)V @ 9
Event: 0.706 Thread 0x00000000561ef000 Uncommon trap: reason=bimorphic action=maybe_recompile pc=0x000000000273aa08 method=java.util.HashMap.getNode(ILjava/lang/Object;)Ljava/util/HashMap$Node; @ 126

Internal exceptions (2 events):
Event: 0.031 Thread 0x0000000001d0e000 Exception <a 'java/lang/NoSuchMethodError': Method sun.misc.Unsafe.defineClass(Ljava/lang/String;[BII)Ljava/lang/Class; name or signature does not match> (0x00000000eab07cc0) thrown at [C:\re\workspace\8-2-build-windows-amd64-cygwin\jdk8u91\7017\hotspot\srèAféÌ€ü?
Event: 0.031 Thread 0x0000000001d0e000 Exception <a 'java/lang/NoSuchMethodError': Method sun.misc.Unsafe.prefetchRead(Ljava/lang/Object;J)V name or signature does not match> (0x00000000eab07fa8) thrown at [C:\re\workspace\8-2-build-windows-amd64-cygwin\jdk8u91\7017\hotspot\src\share\vm\prims\j

Events (10 events):
Event: 0.973 loading class com/android/dx/cf/direct/AnnotationParser
Event: 0.973 loading class com/android/dx/cf/direct/AnnotationParser done
Event: 0.974 loading class com/android/dx/cf/attrib/AttRuntimeVisibleAnnotations
Event: 0.974 loading class com/android/dx/cf/attrib/AttRuntimeVisibleAnnotations done
Event: 0.974 loading class com/android/dx/cf/attrib/BaseAnnotations
Event: 0.974 loading class com/android/dx/cf/attrib/BaseAnnotations done
Event: 0.975 loading class java/util/HashMap$KeySet
Event: 0.975 loading class java/util/HashMap$KeySet done
Event: 0.975 loading class java/util/HashMap$KeyIterator
Event: 0.975 loading class java/util/HashMap$KeyIterator done


Dynamic libraries:
0x000000013f7c0000 - 0x000000013f7f7000 	D:\Java\jdk1.7.0_79\bin\java.exe
0x00000000778a0000 - 0x0000000077a49000 	C:\Windows\SYSTEM32\ntdll.dll
0x0000000077300000 - 0x000000007741f000 	C:\Windows\system32\kernel32.dll
0x000007fefe060000 - 0x000007fefe0cc000 	C:\Windows\system32\KERNELBASE.dll
0x000007feff850000 - 0x000007feff92b000 	C:\Windows\system32\ADVAPI32.dll
0x000007feff990000 - 0x000007feffa2f000 	C:\Windows\system32\msvcrt.dll
0x000007feff830000 - 0x000007feff84f000 	C:\Windows\SYSTEM32\sechost.dll
0x000007fefe160000 - 0x000007fefe28d000 	C:\Windows\system32\RPCRT4.dll
0x00000000777a0000 - 0x000000007789a000 	C:\Windows\system32\USER32.dll
0x000007fefe4a0000 - 0x000007fefe507000 	C:\Windows\system32\GDI32.dll
0x000007fefe6a0000 - 0x000007fefe6ae000 	C:\Windows\system32\LPK.dll
0x000007feff6c0000 - 0x000007feff789000 	C:\Windows\system32\USP10.dll
0x000007fefc540000 - 0x000007fefc734000 	C:\Windows\WinSxS\amd64_microsoft.windows.common-controls_6595b64144ccf1df_6.0.7601.17514_none_fa396087175ac9ac\COMCTL32.dll
0x000007fefe620000 - 0x000007fefe691000 	C:\Windows\system32\SHLWAPI.dll
0x000007feff690000 - 0x000007feff6be000 	C:\Windows\system32\IMM32.DLL
0x000007fefe510000 - 0x000007fefe619000 	C:\Windows\system32\MSCTF.dll
0x0000000078820000 - 0x00000000788f2000 	D:\Java\jdk1.7.0_79\jre\bin\msvcr100.dll
0x0000000058db0000 - 0x0000000059643000 	D:\Java\jdk1.7.0_79\jre\bin\server\jvm.dll
0x000007fefa790000 - 0x000007fefa799000 	C:\Windows\system32\WSOCK32.dll
0x000007fefe6b0000 - 0x000007fefe6fd000 	C:\Windows\system32\WS2_32.dll
0x000007fefe150000 - 0x000007fefe158000 	C:\Windows\system32\NSI.dll
0x000007fefbb00000 - 0x000007fefbb3b000 	C:\Windows\system32\WINMM.dll
0x000007fefce60000 - 0x000007fefce6c000 	C:\Windows\system32\VERSION.dll
0x0000000077a60000 - 0x0000000077a67000 	C:\Windows\system32\PSAPI.DLL
0x000000006c100000 - 0x000000006c10f000 	D:\Java\jdk1.7.0_79\jre\bin\verify.dll
0x000000005d6f0000 - 0x000000005d719000 	D:\Java\jdk1.7.0_79\jre\bin\java.dll
0x00000000614d0000 - 0x00000000614e6000 	D:\Java\jdk1.7.0_79\jre\bin\zip.dll
0x000007fefe700000 - 0x000007feff488000 	C:\Windows\system32\SHELL32.dll
0x000007fefe290000 - 0x000007fefe493000 	C:\Windows\system32\ole32.dll
0x000007fefdd00000 - 0x000007fefdd0f000 	C:\Windows\system32\profapi.dll

VM Arguments:
jvm_args: -Djava.awt.headless=true -Xmx1024M -Dfile.encoding=GBK -Duser.country=CN -Duser.language=zh -Duser.variant 
java_command: com.android.dx.command.Main --dex --force-jumbo --num-threads=4 --output E:\android-studio-example\RxJavaSamples\ibeauty\build\intermediates\pre-dexed\debug\instant-run_0f38696c8e8d77ea5293379f11d17c26e5e0ac7d.jar E:\android-studio-example\RxJavaSamples\ibeauty\build\intermediates\incremental-runtime-classes\debug\instant-run.jar
java_class_path (initial): E:\android-studio-sdk\build-tools\23.0.3\lib\dx.jar
Launcher Type: SUN_STANDARD

Environment Variables:
JAVA_HOME=D:\Java\jdk1.7.0_79
CLASSPATH=.;D:\Java\jdk1.7.0_79\lib\dt.jar;D:\Java\jdk1.7.0_79\lib\tools.jar;
PATH=C:\ProgramData\Oracle\Java\javapath;C:\Windows\system32;C:\Windows;C:\Windows\System32\Wbem;C:\Windows\System32\WindowsPowerShell\v1.0\;C:\Program Files (x86)\ATI Technologies\ATI.ACE\Core-Static;D:\Java\jdk1.7.0_79\bin;D:\Java\jdk1.7.0_79\jre\bin;C:\apache-tomcat-7.0.62\bin;D:\DesktopLinks;E:\Git\cmd
USERNAME=Hlh
OS=Windows_NT
PROCESSOR_IDENTIFIER=Intel64 Family 6 Model 30 Stepping 5, GenuineIntel



---------------  S Y S T E M  ---------------

OS: Windows 7 , 64 bit Build 7601 (6.1.7601.17617)

CPU:total 4 (4 cores per cpu, 1 threads per core) family 6 model 30 stepping 5, cmov, cx8, fxsr, mmx, sse, sse2, sse3, ssse3, sse4.1, sse4.2, popcnt, tsc, tscinvbit

Memory: 4k page, physical 12574200k(3571776k free), swap 12572348k(4864k free)

vm_info: Java HotSpot(TM) 64-Bit Server VM (25.91-b15) for windows-amd64 JRE (1.8.0_91-b15), built on May 20 2016 17:43:15 by "java_re" with MS VC++ 10.0 (VS2010)

time: Sun Sep 18 16:03:36 2016
elapsed time: 1 seconds (0d 0h 0m 1s)

