#
# There is insufficient memory for the Java Runtime Environment to continue.
# Native memory allocation (malloc) failed to allocate 32744 bytes for ChunkPool::allocate
# Possible reasons:
#   The system is out of physical RAM or swap space
#   In 32 bit mode, the process size limit was hit
# Possible solutions:
#   Reduce memory load on the system
#   Increase physical memory or swap space
#   Check if swap backing store is full
#   Use 64 bit Java on a 64 bit OS
#   Decrease Java heap size (-Xmx/-Xms)
#   Decrease number of Java threads
#   Decrease Java thread stack sizes (-Xss)
#   Set larger code cache with -XX:ReservedCodeCacheSize=
# This output file may be truncated or incomplete.
#
#  Out of Memory Error (allocation.cpp:273), pid=8336, tid=3148
#
# JRE version: Java(TM) SE Runtime Environment (8.0_91-b15) (build 1.8.0_91-b15)
# Java VM: Java HotSpot(TM) 64-Bit Server VM (25.91-b15 mixed mode windows-amd64 compressed oops)
# Failed to write core dump. Minidumps are not enabled by default on client versions of Windows
#

---------------  T H R E A D  ---------------

Current thread (0x0000000054c6d800):  JavaThread "C2 CompilerThread0" daemon [_thread_in_native, id=3148, stack(0x0000000056a00000,0x0000000056b00000)]

Stack: [0x0000000056a00000,0x0000000056b00000]
[error occurred during error reporting (printing stack bounds), id 0xc0000005]

Native frames: (J=compiled Java code, j=interpreted, Vv=VM code, C=native code)


Current CompileTask:
C2:   4290 1758   !   4      
[error occurred during error reporting (printing current compile task), id 0xe0000001]


---------------  P R O C E S S  ---------------

Java Threads: ( => current thread )
  0x0000000056608800 JavaThread "pool-2-thread-4" [_thread_blocked, id=6000, stack(0x0000000057150000,0x0000000057250000)]
  0x0000000056607000 JavaThread "pool-2-thread-3" [_thread_blocked, id=7272, stack(0x00000000574e0000,0x00000000575e0000)]
  0x00000000565fc800 JavaThread "pool-2-thread-2" [_thread_blocked, id=7232, stack(0x00000000572f0000,0x00000000573f0000)]
  0x00000000565d0800 JavaThread "pool-3-thread-1" [_thread_blocked, id=6668, stack(0x0000000057040000,0x0000000057140000)]
  0x00000000565d0000 JavaThread "pool-2-thread-1" [_thread_blocked, id=3176, stack(0x0000000056e10000,0x0000000056f10000)]
  0x0000000056323800 JavaThread "Service Thread" daemon [_thread_blocked, id=6128, stack(0x0000000056cf0000,0x0000000056df0000)]
  0x0000000056317000 JavaThread "C1 CompilerThread2" daemon [_thread_blocked, id=7876, stack(0x0000000056900000,0x0000000056a00000)]
  0x0000000056315000 JavaThread "C2 CompilerThread1" daemon [_thread_in_native, id=6992, stack(0x0000000056bf0000,0x0000000056cf0000)]
=>0x0000000054c6d800 JavaThread "C2 CompilerThread0" daemon [_thread_in_native, id=3148, stack(0x0000000056a00000,0x0000000056b00000)]
  0x0000000054c6c800 JavaThread "Attach Listener" daemon [_thread_blocked, id=7220, stack(0x0000000055f00000,0x0000000056000000)]
  0x000000005630a800 JavaThread "Signal Dispatcher" daemon [_thread_blocked, id=2064, stack(0x00000000567b0000,0x00000000568b0000)]
  0x0000000054c59000 JavaThread "Finalizer" daemon [_thread_blocked, id=6948, stack(0x0000000056200000,0x0000000056300000)]
  0x0000000054c12000 JavaThread "Reference Handler" daemon [_thread_blocked, id=5012, stack(0x0000000056050000,0x0000000056150000)]
  0x0000000001c6e000 JavaThread "main" [_thread_blocked, id=4436, stack(0x0000000002440000,0x0000000002540000)]

Other Threads:
  0x0000000054c0a000 VMThread [stack: 0x0000000055e00000,0x0000000055f00000] [id=2860]
  0x00000000563b5000 WatcherThread [stack: 0x0000000055cb0000,0x0000000055db0000] [id=6136]

VM state:not at safepoint (normal execution)

VM Mutex/Monitor currently owned by a thread: None

Heap:
 PSYoungGen      total 71680K, used 19209K [0x00000000eab00000, 0x00000000f3700000, 0x0000000100000000)
  eden space 66560K, 21% used [0x00000000eab00000,0x00000000eb8c7170,0x00000000eec00000)
  from space 5120K, 99% used [0x00000000eec00000,0x00000000ef0fb428,0x00000000ef100000)
  to   space 5120K, 0% used [0x00000000f3200000,0x00000000f3200000,0x00000000f3700000)
 ParOldGen       total 87552K, used 14792K [0x00000000c0000000, 0x00000000c5580000, 0x00000000eab00000)
  object space 87552K, 16% used [0x00000000c0000000,0x00000000c0e720a0,0x00000000c5580000)
 Metaspace       used 6361K, capacity 7128K, committed 7424K, reserved 1056768K
  class space    used 625K, capacity 656K, committed 768K, reserved 1048576K

Card table byte_map: [0x0000000011900000,0x0000000011b10000] byte_map_base: 0x0000000011300000

Marking Bits: (ParMarkBitMap*) 0x00000000601a2f70
 Begin Bits: [0x0000000012080000, 0x0000000013080000)
 End Bits:   [0x0000000013080000, 0x0000000014080000)

Polling page: 0x0000000000110000

CodeCache: size=245760Kb used=7705Kb max_used=7705Kb free=238054Kb
 bounds [0x0000000002540000, 0x0000000002cd0000, 0x0000000011540000]
 total_blobs=2017 nmethods=1747 adapters=184
 compilation: enabled

Compilation events (10 events):
Event: 4.083 Thread 0x0000000056317000 1785       2       com.android.dx.command.dexer.Main::access$1600 (4 bytes)
Event: 4.083 Thread 0x0000000056317000 nmethod 1785 0x0000000002cbbc90 code [0x0000000002cbbde0, 0x0000000002cbbf10]
Event: 4.085 Thread 0x0000000056317000 1786       1       java.util.concurrent.locks.AbstractOwnableSynchronizer::setExclusiveOwnerThread (6 bytes)
Event: 4.085 Thread 0x0000000056317000 nmethod 1786 0x0000000002cbb9d0 code [0x0000000002cbbb20, 0x0000000002cbbc50]
Event: 4.085 Thread 0x0000000056317000 1787       2       java.util.concurrent.locks.LockSupport::park (23 bytes)
Event: 4.085 Thread 0x0000000056317000 nmethod 1787 0x0000000002cbb250 code [0x0000000002cbb3c0, 0x0000000002cbb5a8]
Event: 4.089 Thread 0x0000000056317000 1790       2       java.util.concurrent.locks.LockSupport::unpark (12 bytes)
Event: 4.089 Thread 0x0000000056317000 nmethod 1790 0x0000000002cbab50 code [0x0000000002cbacc0, 0x0000000002cbae28]
Event: 4.134 Thread 0x0000000056317000 1792       2       java.util.concurrent.locks.AbstractQueuedSynchronizer::acquire (27 bytes)
Event: 4.134 Thread 0x0000000056317000 nmethod 1792 0x0000000002cba310 code [0x0000000002cba4a0, 0x0000000002cba6b8]

GC Heap History (6 events):
Event: 1.415 GC heap before
{Heap before GC invocations=1 (full 0):
 PSYoungGen      total 38400K, used 33280K [0x00000000eab00000, 0x00000000ed580000, 0x0000000100000000)
  eden space 33280K, 100% used [0x00000000eab00000,0x00000000ecb80000,0x00000000ecb80000)
  from space 5120K, 0% used [0x00000000ed080000,0x00000000ed080000,0x00000000ed580000)
  to   space 5120K, 0% used [0x00000000ecb80000,0x00000000ecb80000,0x00000000ed080000)
 ParOldGen       total 87552K, used 0K [0x00000000c0000000, 0x00000000c5580000, 0x00000000eab00000)
  object space 87552K, 0% used [0x00000000c0000000,0x00000000c0000000,0x00000000c5580000)
 Metaspace       used 5919K, capacity 6836K, committed 7040K, reserved 1056768K
  class space    used 602K, capacity 620K, committed 640K, reserved 1048576K
Event: 1.528 GC heap after
Heap after GC invocations=1 (full 0):
 PSYoungGen      total 38400K, used 5119K [0x00000000eab00000, 0x00000000ef600000, 0x0000000100000000)
  eden space 33280K, 0% used [0x00000000eab00000,0x00000000eab00000,0x00000000ecb80000)
  from space 5120K, 99% used [0x00000000ecb80000,0x00000000ed07fca8,0x00000000ed080000)
  to   space 5120K, 0% used [0x00000000ef100000,0x00000000ef100000,0x00000000ef600000)
 ParOldGen       total 87552K, used 1507K [0x00000000c0000000, 0x00000000c5580000, 0x00000000eab00000)
  object space 87552K, 1% used [0x00000000c0000000,0x00000000c0178d28,0x00000000c5580000)
 Metaspace       used 5919K, capacity 6836K, committed 7040K, reserved 1056768K
  class space    used 602K, capacity 620K, committed 640K, reserved 1048576K
}
Event: 2.635 GC heap before
{Heap before GC invocations=2 (full 0):
 PSYoungGen      total 38400K, used 38399K [0x00000000eab00000, 0x00000000ef600000, 0x0000000100000000)
  eden space 33280K, 100% used [0x00000000eab00000,0x00000000ecb80000,0x00000000ecb80000)
  from space 5120K, 99% used [0x00000000ecb80000,0x00000000ed07fca8,0x00000000ed080000)
  to   space 5120K, 0% used [0x00000000ef100000,0x00000000ef100000,0x00000000ef600000)
 ParOldGen       total 87552K, used 1507K [0x00000000c0000000, 0x00000000c5580000, 0x00000000eab00000)
  object space 87552K, 1% used [0x00000000c0000000,0x00000000c0178d28,0x00000000c5580000)
 Metaspace       used 6151K, capacity 7028K, committed 7296K, reserved 1056768K
  class space    used 604K, capacity 620K, committed 640K, reserved 1048576K
Event: 2.700 GC heap after
Heap after GC invocations=2 (full 0):
 PSYoungGen      total 71680K, used 5111K [0x00000000eab00000, 0x00000000ef600000, 0x0000000100000000)
  eden space 66560K, 0% used [0x00000000eab00000,0x00000000eab00000,0x00000000eec00000)
  from space 5120K, 99% used [0x00000000ef100000,0x00000000ef5fdfb8,0x00000000ef600000)
  to   space 5120K, 0% used [0x00000000eec00000,0x00000000eec00000,0x00000000ef100000)
 ParOldGen       total 87552K, used 5367K [0x00000000c0000000, 0x00000000c5580000, 0x00000000eab00000)
  object space 87552K, 6% used [0x00000000c0000000,0x00000000c053dc58,0x00000000c5580000)
 Metaspace       used 6151K, capacity 7028K, committed 7296K, reserved 1056768K
  class space    used 604K, capacity 620K, committed 640K, reserved 1048576K
}
Event: 3.862 GC heap before
{Heap before GC invocations=3 (full 0):
 PSYoungGen      total 71680K, used 71671K [0x00000000eab00000, 0x00000000ef600000, 0x0000000100000000)
  eden space 66560K, 100% used [0x00000000eab00000,0x00000000eec00000,0x00000000eec00000)
  from space 5120K, 99% used [0x00000000ef100000,0x00000000ef5fdfb8,0x00000000ef600000)
  to   space 5120K, 0% used [0x00000000eec00000,0x00000000eec00000,0x00000000ef100000)
 ParOldGen       total 87552K, used 5367K [0x00000000c0000000, 0x00000000c5580000, 0x00000000eab00000)
  object space 87552K, 6% used [0x00000000c0000000,0x00000000c053dc58,0x00000000c5580000)
 Metaspace       used 6351K, capacity 7128K, committed 7424K, reserved 1056768K
  class space    used 625K, capacity 656K, committed 768K, reserved 1048576K
Event: 3.967 GC heap after
Heap after GC invocations=3 (full 0):
 PSYoungGen      total 71680K, used 5101K [0x00000000eab00000, 0x00000000f3700000, 0x0000000100000000)
  eden space 66560K, 0% used [0x00000000eab00000,0x00000000eab00000,0x00000000eec00000)
  from space 5120K, 99% used [0x00000000eec00000,0x00000000ef0fb428,0x00000000ef100000)
  to   space 5120K, 0% used [0x00000000f3200000,0x00000000f3200000,0x00000000f3700000)
 ParOldGen       total 87552K, used 14792K [0x00000000c0000000, 0x00000000c5580000, 0x00000000eab00000)
  object space 87552K, 16% used [0x00000000c0000000,0x00000000c0e720a0,0x00000000c5580000)
 Metaspace       used 6351K, capacity 7128K, committed 7424K, reserved 1056768K
  class space    used 625K, capacity 656K, committed 768K, reserved 1048576K
}

Deoptimization events (10 events):
Event: 3.120 Thread 0x0000000056607000 Uncommon trap: reason=unstable_if action=reinterpret pc=0x0000000002bc8be4 method=com.android.dx.cf.code.ByteCatchList.listFor(I)Lcom/android/dx/cf/code/ByteCatchList; @ 19
Event: 3.184 Thread 0x0000000056608800 Uncommon trap: reason=unstable_if action=reinterpret pc=0x00000000028a8e2c method=com.android.dx.util.IntList.binarysearch(I)I @ 105
Event: 3.185 Thread 0x0000000056608800 Uncommon trap: reason=unstable_if action=reinterpret pc=0x0000000002a3c19c method=com.android.dx.ssa.SsaBasicBlock.newFromRop(Lcom/android/dx/rop/code/RopMethod;ILcom/android/dx/ssa/SsaMethod;)Lcom/android/dx/ssa/SsaBasicBlock; @ 164
Event: 3.188 Thread 0x0000000056608800 Uncommon trap: reason=bimorphic action=maybe_recompile pc=0x00000000028e10a8 method=com.android.dx.ssa.LiteralOpUpgrader.tryReplacingWithConstant(Lcom/android/dx/ssa/NormalSsaInsn;)Z @ 52
Event: 3.190 Thread 0x0000000056608800 Uncommon trap: reason=unstable_if action=reinterpret pc=0x0000000002bee124 method=com.android.dx.rop.code.BasicBlockList.preferredSuccessorOf(Lcom/android/dx/rop/code/BasicBlock;)Lcom/android/dx/rop/code/BasicBlock; @ 58
Event: 3.191 Thread 0x0000000056608800 Uncommon trap: reason=unstable_if action=reinterpret pc=0x0000000002ba838c method=com.android.dx.dex.code.RopToDop.dopFor(Lcom/android/dx/rop/code/Insn;)Lcom/android/dx/dex/code/Dop; @ 747
Event: 3.192 Thread 0x0000000056608800 Uncommon trap: reason=bimorphic action=maybe_recompile pc=0x00000000028e10a8 method=com.android.dx.ssa.LiteralOpUpgrader.tryReplacingWithConstant(Lcom/android/dx/ssa/NormalSsaInsn;)Z @ 52
Event: 3.325 Thread 0x0000000056608800 Uncommon trap: reason=bimorphic action=maybe_recompile pc=0x00000000028e10a8 method=com.android.dx.ssa.LiteralOpUpgrader.tryReplacingWithConstant(Lcom/android/dx/ssa/NormalSsaInsn;)Z @ 52
Event: 3.325 Thread 0x0000000056608800 Uncommon trap: reason=bimorphic action=maybe_recompile pc=0x00000000028e10a8 method=com.android.dx.ssa.LiteralOpUpgrader.tryReplacingWithConstant(Lcom/android/dx/ssa/NormalSsaInsn;)Z @ 52
Event: 3.816 Thread 0x00000000565fc800 Uncommon trap: reason=unstable_if action=reinterpret pc=0x00000000029540e8 method=java.util.HashMap.resize()[Ljava/util/HashMap$Node; @ 206

Internal exceptions (6 events):
Event: 0.174 Thread 0x0000000001c6e000 Exception <a 'java/lang/NoSuchMethodError': Method sun.misc.Unsafe.defineClass(Ljava/lang/String;[BII)Ljava/lang/Class; name or signature does not match> (0x00000000eab07cc0) thrown at [C:\re\workspace\8-2-build-windows-amd64-cygwin\jdk8u91\7017\hotspot\sruQØUUÆ?
Event: 0.174 Thread 0x0000000001c6e000 Exception <a 'java/lang/NoSuchMethodError': Method sun.misc.Unsafe.prefetchRead(Ljava/lang/Object;J)V name or signature does not match> (0x00000000eab07fa8) thrown at [C:\re\workspace\8-2-build-windows-amd64-cygwin\jdk8u91\7017\hotspot\src\share\vm\prims\jRÞ†Å'±ñ?
Event: 1.106 Thread 0x0000000001c6e000 Implicit null exception at 0x000000000282d81a to 0x000000000282f5f9
Event: 2.719 Thread 0x00000000565fc800 Exception <a 'java/lang/ArrayIndexOutOfBoundsException': 18> (0x00000000eb04b648) thrown at [C:\re\workspace\8-2-build-windows-amd64-cygwin\jdk8u91\7017\hotspot\src\share\vm\interpreter\interpreterRuntime.cpp, line 366]
Event: 2.719 Thread 0x00000000565fc800 Exception <a 'java/lang/ArrayIndexOutOfBoundsException': 145> (0x00000000eb04d1c8) thrown at [C:\re\workspace\8-2-build-windows-amd64-cygwin\jdk8u91\7017\hotspot\src\share\vm\interpreter\interpreterRuntime.cpp, line 366]
Event: 2.720 Thread 0x00000000565fc800 Exception <a 'java/lang/ArrayIndexOutOfBoundsException'> (0x00000000eb04e4b0) thrown at [C:\re\workspace\8-2-build-windows-amd64-cygwin\jdk8u91\7017\hotspot\src\share\vm\runtime\sharedRuntime.cpp, line 605]

Events (10 events):
Event: 3.325 Thread 0x0000000056608800 DEOPT UNPACKING pc=0x000000000258582a sp=0x000000005724e658 mode 2
Event: 3.816 Thread 0x00000000565fc800 Uncommon trap: trap_request=0xffffff65 fr.pc=0x00000000029540e8
Event: 3.816 Thread 0x00000000565fc800 DEOPT PACKING pc=0x00000000029540e8 sp=0x00000000573ee780
Event: 3.816 Thread 0x00000000565fc800 DEOPT UNPACKING pc=0x000000000258582a sp=0x00000000573ee6e8 mode 2
Event: 3.822 Thread 0x00000000565fc800 DEOPT PACKING pc=0x0000000002943898 sp=0x00000000573eeb00
Event: 3.822 Thread 0x00000000565fc800 DEOPT UNPACKING pc=0x000000000258747f sp=0x00000000573ee848 mode 0
Event: 3.862 Executing VM operation: ParallelGCFailedAllocation
Event: 3.967 Executing VM operation: ParallelGCFailedAllocation done
Event: 4.089 Thread 0x0000000056608800 DEOPT PACKING pc=0x0000000002943898 sp=0x000000005724e520
Event: 4.089 Thread 0x0000000056608800 DEOPT UNPACKING pc=0x000000000258747f sp=0x000000005724e268 mode 0


Dynamic libraries:
0x000000013fdb0000 - 0x000000013fde7000 	D:\Java\jdk1.7.0_79\bin\java.exe
0x0000000077bf0000 - 0x0000000077d99000 	C:\Windows\SYSTEM32\ntdll.dll
0x00000000779d0000 - 0x0000000077aef000 	C:\Windows\system32\kernel32.dll
0x000007fefe140000 - 0x000007fefe1ac000 	C:\Windows\system32\KERNELBASE.dll
0x000007fefe9a0000 - 0x000007fefea7b000 	C:\Windows\system32\ADVAPI32.dll
0x000007fefe660000 - 0x000007fefe6ff000 	C:\Windows\system32\msvcrt.dll
0x000007fefe700000 - 0x000007fefe71f000 	C:\Windows\SYSTEM32\sechost.dll
0x000007fefe850000 - 0x000007fefe97d000 	C:\Windows\system32\RPCRT4.dll
0x0000000077af0000 - 0x0000000077bea000 	C:\Windows\system32\USER32.dll
0x000007fefea80000 - 0x000007fefeae7000 	C:\Windows\system32\GDI32.dll
0x000007fefeef0000 - 0x000007fefeefe000 	C:\Windows\system32\LPK.dll
0x000007fefee20000 - 0x000007fefeee9000 	C:\Windows\system32\USP10.dll
0x000007fefc850000 - 0x000007fefca44000 	C:\Windows\WinSxS\amd64_microsoft.windows.common-controls_6595b64144ccf1df_6.0.7601.17514_none_fa396087175ac9ac\COMCTL32.dll
0x000007feff010000 - 0x000007feff081000 	C:\Windows\system32\SHLWAPI.dll
0x000007fefe770000 - 0x000007fefe79e000 	C:\Windows\system32\IMM32.DLL
0x000007fefef00000 - 0x000007feff009000 	C:\Windows\system32\MSCTF.dll
0x000000005bc50000 - 0x000000005bd22000 	D:\Java\jdk1.7.0_79\jre\bin\msvcr100.dll
0x000000005f990000 - 0x0000000060223000 	D:\Java\jdk1.7.0_79\jre\bin\server\jvm.dll
0x000007fefaae0000 - 0x000007fefaae9000 	C:\Windows\system32\WSOCK32.dll
0x000007fefe720000 - 0x000007fefe76d000 	C:\Windows\system32\WS2_32.dll
0x000007fefe840000 - 0x000007fefe848000 	C:\Windows\system32\NSI.dll
0x000007fefc030000 - 0x000007fefc06b000 	C:\Windows\system32\WINMM.dll
0x000007fefd1b0000 - 0x000007fefd1bc000 	C:\Windows\system32\VERSION.dll
0x0000000077db0000 - 0x0000000077db7000 	C:\Windows\system32\PSAPI.DLL
0x000000006cd80000 - 0x000000006cd8f000 	D:\Java\jdk1.7.0_79\jre\bin\verify.dll
0x000000006a600000 - 0x000000006a629000 	D:\Java\jdk1.7.0_79\jre\bin\java.dll
0x000000006cc90000 - 0x000000006cca6000 	D:\Java\jdk1.7.0_79\jre\bin\zip.dll
0x000007feff090000 - 0x000007feffe18000 	C:\Windows\system32\SHELL32.dll
0x000007fefeb90000 - 0x000007fefed93000 	C:\Windows\system32\ole32.dll
0x000007fefe050000 - 0x000007fefe05f000 	C:\Windows\system32\profapi.dll

VM Arguments:
jvm_args: -Djava.awt.headless=true -Xmx1024M -Dfile.encoding=GBK -Duser.country=CN -Duser.language=zh -Duser.variant 
java_command: com.android.dx.command.Main --dex --force-jumbo --num-threads=4 --multi-dex --output E:\android-studio-example\RxJavaSamples\ibeauty\build\intermediates\transforms\dex\debug\folders\1000\10\com.android.support-recyclerview-v7-23.3.0_607345b5ec00f6cee0ae797dbe8a267aa79a4ecd E:\android-studio-example\RxJavaSamples\ibeauty\build\intermediates\exploded-aar\com.android.support\recyclerview-v7\23.3.0\jars\classes.jar
java_class_path (initial): E:\android-studio-sdk\build-tools\23.0.3\lib\dx.jar
Launcher Type: SUN_STANDARD

Environment Variables:
JAVA_HOME=D:\Java\jdk1.7.0_79
CLASSPATH=.;D:\Java\jdk1.7.0_79\lib\dt.jar;D:\Java\jdk1.7.0_79\lib\tools.jar;
PATH=C:\ProgramData\Oracle\Java\javapath;C:\Windows\system32;C:\Windows;C:\Windows\System32\Wbem;C:\Windows\System32\WindowsPowerShell\v1.0\;C:\Program Files (x86)\ATI Technologies\ATI.ACE\Core-Static;D:\Java\jdk1.7.0_79\bin;D:\Java\jdk1.7.0_79\jre\bin;C:\apache-tomcat-7.0.62\bin;
USERNAME=Hlh
OS=Windows_NT
PROCESSOR_IDENTIFIER=Intel64 Family 6 Model 30 Stepping 5, GenuineIntel



---------------  S Y S T E M  ---------------

OS: Windows 7 , 64 bit Build 7601 (6.1.7601.17617)

CPU:total 4 (4 cores per cpu, 1 threads per core) family 6 model 30 stepping 5, cmov, cx8, fxsr, mmx, sse, sse2, sse3, ssse3, sse4.1, sse4.2, popcnt, tsc, tscinvbit

Memory: 4k page, physical 8379896k(2344604k free), swap 8378044k(6812k free)

vm_info: Java HotSpot(TM) 64-Bit Server VM (25.91-b15) for windows-amd64 JRE (1.8.0_91-b15), built on May 20 2016 17:43:15 by "java_re" with MS VC++ 10.0 (VS2010)

time: Fri Jul 08 16:10:55 2016
elapsed time: 4 seconds (0d 0h 0m 4s)

