#
# There is insufficient memory for the Java Runtime Environment to continue.
# Native memory allocation (malloc) failed to allocate 35856 bytes for Chunk::new
# Possible reasons:
#   The system is out of physical RAM or swap space
#   In 32 bit mode, the process size limit was hit
# Possible solutions:
#   Reduce memory load on the system
#   Increase physical memory or swap space
#   Check if swap backing store is full
#   Use 64 bit Java on a 64 bit OS
#   Decrease Java heap size (-Xmx/-Xms)
#   Decrease number of Java threads
#   Decrease Java thread stack sizes (-Xss)
#   Set larger code cache with -XX:ReservedCodeCacheSize=
# This output file may be truncated or incomplete.
#
#  Out of Memory Error (allocation.cpp:390), pid=9172, tid=6472
#
# JRE version: Java(TM) SE Runtime Environment (8.0_91-b15) (build 1.8.0_91-b15)
# Java VM: Java HotSpot(TM) 64-Bit Server VM (25.91-b15 mixed mode windows-amd64 compressed oops)
# Failed to write core dump. Minidumps are not enabled by default on client versions of Windows
#

---------------  T H R E A D  ---------------

Current thread (0x0000000055f58800):  JavaThread "C2 CompilerThread1" daemon [_thread_in_native, id=6472, stack(0x0000000056910000,0x0000000056a10000)]

Stack: [0x0000000056910000,0x0000000056a10000]
[error occurred during error reporting (printing stack bounds), id 0xc0000005]

Native frames: (J=compiled Java code, j=interpreted, Vv=VM code, C=native code)


Current CompileTask:
C2:    914  318       4       java.lang.String::compareTo (78 bytes)


---------------  P R O C E S S  ---------------

Java Threads: ( => current thread )
  0x0000000056240800 JavaThread "pool-2-thread-4" [_thread_in_vm, id=6348, stack(0x0000000057110000,0x0000000057210000)]
  0x0000000056228000 JavaThread "pool-2-thread-3" [_thread_in_vm, id=7104, stack(0x0000000056fe0000,0x00000000570e0000)]
  0x0000000056227000 JavaThread "pool-2-thread-2" [_thread_blocked, id=4696, stack(0x00000000566c0000,0x00000000567c0000)]
  0x000000005621d000 JavaThread "pool-3-thread-1" [_thread_blocked, id=3960, stack(0x0000000056ee0000,0x0000000056fe0000)]
  0x0000000056218800 JavaThread "pool-2-thread-1" [_thread_blocked, id=2052, stack(0x0000000056b60000,0x0000000056c60000)]
  0x0000000055fce000 JavaThread "Service Thread" daemon [_thread_blocked, id=7044, stack(0x0000000056c60000,0x0000000056d60000)]
  0x0000000055f5e800 JavaThread "C1 CompilerThread2" daemon [_thread_in_native, id=4996, stack(0x0000000056a40000,0x0000000056b40000)]
=>0x0000000055f58800 JavaThread "C2 CompilerThread1" daemon [_thread_in_native, id=6472, stack(0x0000000056910000,0x0000000056a10000)]
  0x0000000055f48800 JavaThread "C2 CompilerThread0" daemon [_thread_in_native, id=6688, stack(0x0000000056800000,0x0000000056900000)]
  0x0000000054c8c800 JavaThread "Attach Listener" daemon [_thread_blocked, id=5080, stack(0x00000000565b0000,0x00000000566b0000)]
  0x0000000054c80000 JavaThread "Signal Dispatcher" daemon [_thread_blocked, id=5024, stack(0x0000000056390000,0x0000000056490000)]
  0x0000000054c69000 JavaThread "Finalizer" daemon [_thread_blocked, id=1192, stack(0x0000000055c30000,0x0000000055d30000)]
  0x0000000054c22000 JavaThread "Reference Handler" daemon [_thread_blocked, id=6100, stack(0x0000000055e40000,0x0000000055f40000)]
  0x00000000003fe000 JavaThread "main" [_thread_blocked, id=6196, stack(0x00000000021f0000,0x00000000022f0000)]

Other Threads:
  0x0000000054c1a000 VMThread [stack: 0x0000000055d40000,0x0000000055e40000] [id=3996]
  0x000000005600c800 WatcherThread [stack: 0x0000000056d90000,0x0000000056e90000] [id=6236]

VM state:not at safepoint (normal execution)

VM Mutex/Monitor currently owned by a thread: None

Heap:
 PSYoungGen      total 38400K, used 14644K [0x00000000eab00000, 0x00000000ed580000, 0x0000000100000000)
  eden space 33280K, 44% used [0x00000000eab00000,0x00000000eb94d1e8,0x00000000ecb80000)
  from space 5120K, 0% used [0x00000000ed080000,0x00000000ed080000,0x00000000ed580000)
  to   space 5120K, 0% used [0x00000000ecb80000,0x00000000ecb80000,0x00000000ed080000)
 ParOldGen       total 87552K, used 0K [0x00000000c0000000, 0x00000000c5580000, 0x00000000eab00000)
  object space 87552K, 0% used [0x00000000c0000000,0x00000000c0000000,0x00000000c5580000)
 Metaspace       used 5338K, capacity 6320K, committed 6528K, reserved 1056768K
  class space    used 588K, capacity 616K, committed 640K, reserved 1048576K

Card table byte_map: [0x00000000116b0000,0x00000000118c0000] byte_map_base: 0x00000000110b0000

Marking Bits: (ParMarkBitMap*) 0x00000000601a2f70
 Begin Bits: [0x0000000012090000, 0x0000000013090000)
 End Bits:   [0x0000000013090000, 0x0000000014090000)

Polling page: 0x0000000000120000

CodeCache: size=245760Kb used=1868Kb max_used=1868Kb free=243891Kb
 bounds [0x00000000022f0000, 0x0000000002560000, 0x00000000112f0000]
 total_blobs=639 nmethods=369 adapters=184
 compilation: enabled

Compilation events (10 events):
Event: 0.757 Thread 0x0000000055f5e800 nmethod 325 0x00000000024af290 code [0x00000000024af3e0, 0x00000000024af4f0]
Event: 0.757 Thread 0x0000000055f5e800  339       1       com.android.dx.rop.code.RegisterSpec::getLocalItem (5 bytes)
Event: 0.757 Thread 0x0000000055f5e800 nmethod 339 0x00000000024af550 code [0x00000000024af6a0, 0x00000000024af7b0]
Event: 0.757 Thread 0x0000000055f5e800  327       1       com.android.dx.ssa.SsaBasicBlock::getInsns (5 bytes)
Event: 0.757 Thread 0x0000000055f5e800 nmethod 327 0x00000000024af810 code [0x00000000024af960, 0x00000000024afa70]
Event: 0.757 Thread 0x0000000055f5e800  320       1       com.android.dx.util.IntList::size (5 bytes)
Event: 0.757 Thread 0x0000000055f5e800 nmethod 320 0x00000000024afad0 code [0x00000000024afc20, 0x00000000024afd30]
Event: 0.757 Thread 0x0000000055f5e800  335       3       java.util.TreeMap::setColor (10 bytes)
Event: 0.757 Thread 0x0000000055f5e800 nmethod 335 0x00000000024afd90 code [0x00000000024afee0, 0x00000000024b0050]
Event: 0.757 Thread 0x0000000055f5e800  334       1       com.android.dx.rop.code.Insn::getSources (5 bytes)

GC Heap History (0 events):
No events

Deoptimization events (0 events):
No events

Internal exceptions (2 events):
Event: 0.045 Thread 0x00000000003fe000 Exception <a 'java/lang/NoSuchMethodError': Method sun.misc.Unsafe.defineClass(Ljava/lang/String;[BII)Ljava/lang/Class; name or signature does not match> (0x00000000eab07cc0) thrown at [C:\re\workspace\8-2-build-windows-amd64-cygwin\jdk8u91\7017\hotspot\srBÎWÔ§?
Event: 0.045 Thread 0x00000000003fe000 Exception <a 'java/lang/NoSuchMethodError': Method sun.misc.Unsafe.prefetchRead(Ljava/lang/Object;J)V name or signature does not match> (0x00000000eab07fa8) thrown at [C:\re\workspace\8-2-build-windows-amd64-cygwin\jdk8u91\7017\hotspot\src\share\vm\prims\j

Events (10 events):
Event: 0.753 loading class com/android/dx/dex/file/StringDataItem
Event: 0.753 loading class com/android/dx/dex/file/StringDataItem done
Event: 0.754 loading class com/android/dx/ssa/back/FirstFitLocalCombiningAllocator$Alignment$3
Event: 0.754 loading class com/android/dx/ssa/back/FirstFitLocalCombiningAllocator$Alignment$3 done
Event: 0.755 loading class com/android/dx/ssa/back/SsaToRop$PhiVisitor
Event: 0.755 loading class com/android/dx/ssa/back/SsaToRop$PhiVisitor done
Event: 0.755 loading class com/android/dx/ssa/back/SsaToRop$1
Event: 0.755 loading class com/android/dx/ssa/back/SsaToRop$1 done
Event: 0.756 loading class com/android/dx/ssa/back/IdenticalBlockCombiner
Event: 0.756 loading class com/android/dx/ssa/back/IdenticalBlockCombiner done


Dynamic libraries:
0x000000013fdb0000 - 0x000000013fde7000 	D:\Java\jdk1.7.0_79\bin\java.exe
0x0000000077bf0000 - 0x0000000077d99000 	C:\Windows\SYSTEM32\ntdll.dll
0x00000000779d0000 - 0x0000000077aef000 	C:\Windows\system32\kernel32.dll
0x000007fefe140000 - 0x000007fefe1ac000 	C:\Windows\system32\KERNELBASE.dll
0x000007fefe9a0000 - 0x000007fefea7b000 	C:\Windows\system32\ADVAPI32.dll
0x000007fefe660000 - 0x000007fefe6ff000 	C:\Windows\system32\msvcrt.dll
0x000007fefe700000 - 0x000007fefe71f000 	C:\Windows\SYSTEM32\sechost.dll
0x000007fefe850000 - 0x000007fefe97d000 	C:\Windows\system32\RPCRT4.dll
0x0000000077af0000 - 0x0000000077bea000 	C:\Windows\system32\USER32.dll
0x000007fefea80000 - 0x000007fefeae7000 	C:\Windows\system32\GDI32.dll
0x000007fefeef0000 - 0x000007fefeefe000 	C:\Windows\system32\LPK.dll
0x000007fefee20000 - 0x000007fefeee9000 	C:\Windows\system32\USP10.dll
0x000007fefc850000 - 0x000007fefca44000 	C:\Windows\WinSxS\amd64_microsoft.windows.common-controls_6595b64144ccf1df_6.0.7601.17514_none_fa396087175ac9ac\COMCTL32.dll
0x000007feff010000 - 0x000007feff081000 	C:\Windows\system32\SHLWAPI.dll
0x000007fefe770000 - 0x000007fefe79e000 	C:\Windows\system32\IMM32.DLL
0x000007fefef00000 - 0x000007feff009000 	C:\Windows\system32\MSCTF.dll
0x000000005bc50000 - 0x000000005bd22000 	D:\Java\jdk1.7.0_79\jre\bin\msvcr100.dll
0x000000005f990000 - 0x0000000060223000 	D:\Java\jdk1.7.0_79\jre\bin\server\jvm.dll
0x000007fefaae0000 - 0x000007fefaae9000 	C:\Windows\system32\WSOCK32.dll
0x000007fefe720000 - 0x000007fefe76d000 	C:\Windows\system32\WS2_32.dll
0x000007fefe840000 - 0x000007fefe848000 	C:\Windows\system32\NSI.dll
0x000007fefc030000 - 0x000007fefc06b000 	C:\Windows\system32\WINMM.dll
0x000007fefd1b0000 - 0x000007fefd1bc000 	C:\Windows\system32\VERSION.dll
0x0000000077db0000 - 0x0000000077db7000 	C:\Windows\system32\PSAPI.DLL
0x000000006cd80000 - 0x000000006cd8f000 	D:\Java\jdk1.7.0_79\jre\bin\verify.dll
0x000000006a600000 - 0x000000006a629000 	D:\Java\jdk1.7.0_79\jre\bin\java.dll
0x000000006cc90000 - 0x000000006cca6000 	D:\Java\jdk1.7.0_79\jre\bin\zip.dll
0x000007feff090000 - 0x000007feffe18000 	C:\Windows\system32\SHELL32.dll
0x000007fefeb90000 - 0x000007fefed93000 	C:\Windows\system32\ole32.dll
0x000007fefe050000 - 0x000007fefe05f000 	C:\Windows\system32\profapi.dll

VM Arguments:
jvm_args: -Djava.awt.headless=true -Xmx1024M -Dfile.encoding=GBK -Duser.country=CN -Duser.language=zh -Duser.variant 
java_command: com.android.dx.command.Main --dex --force-jumbo --num-threads=4 --multi-dex --output E:\android-studio-example\RxJavaSamples\ibeauty\build\intermediates\transforms\dex\debug\folders\1000\10\com.android.support-design-23.3.0_d8e9697adfd5888f5dd34196809b3d3bb0af532d E:\android-studio-example\RxJavaSamples\ibeauty\build\intermediates\exploded-aar\com.android.support\design\23.3.0\jars\classes.jar
java_class_path (initial): E:\android-studio-sdk\build-tools\23.0.3\lib\dx.jar
Launcher Type: SUN_STANDARD

Environment Variables:
JAVA_HOME=D:\Java\jdk1.7.0_79
CLASSPATH=.;D:\Java\jdk1.7.0_79\lib\dt.jar;D:\Java\jdk1.7.0_79\lib\tools.jar;
PATH=C:\ProgramData\Oracle\Java\javapath;C:\Windows\system32;C:\Windows;C:\Windows\System32\Wbem;C:\Windows\System32\WindowsPowerShell\v1.0\;C:\Program Files (x86)\ATI Technologies\ATI.ACE\Core-Static;D:\Java\jdk1.7.0_79\bin;D:\Java\jdk1.7.0_79\jre\bin;C:\apache-tomcat-7.0.62\bin;
USERNAME=Hlh
OS=Windows_NT
PROCESSOR_IDENTIFIER=Intel64 Family 6 Model 30 Stepping 5, GenuineIntel



---------------  S Y S T E M  ---------------

OS: Windows 7 , 64 bit Build 7601 (6.1.7601.17617)

CPU:total 4 (4 cores per cpu, 1 threads per core) family 6 model 30 stepping 5, cmov, cx8, fxsr, mmx, sse, sse2, sse3, ssse3, sse4.1, sse4.2, popcnt, tsc, tscinvbit

Memory: 4k page, physical 8379896k(2160560k free), swap 8378044k(6724k free)

vm_info: Java HotSpot(TM) 64-Bit Server VM (25.91-b15) for windows-amd64 JRE (1.8.0_91-b15), built on May 20 2016 17:43:15 by "java_re" with MS VC++ 10.0 (VS2010)

time: Fri Jul 08 16:10:35 2016
elapsed time: 0 seconds (0d 0h 0m 0s)

