#
# There is insufficient memory for the Java Runtime Environment to continue.
# Native memory allocation (malloc) failed to allocate 65552 bytes for Chunk::new
# Possible reasons:
#   The system is out of physical RAM or swap space
#   In 32 bit mode, the process size limit was hit
# Possible solutions:
#   Reduce memory load on the system
#   Increase physical memory or swap space
#   Check if swap backing store is full
#   Use 64 bit Java on a 64 bit OS
#   Decrease Java heap size (-Xmx/-Xms)
#   Decrease number of Java threads
#   Decrease Java thread stack sizes (-Xss)
#   Set larger code cache with -XX:ReservedCodeCacheSize=
# This output file may be truncated or incomplete.
#
#  Out of Memory Error (allocation.cpp:390), pid=8728, tid=8888
#
# JRE version: Java(TM) SE Runtime Environment (8.0_91-b15) (build 1.8.0_91-b15)
# Java VM: Java HotSpot(TM) 64-Bit Server VM (25.91-b15 mixed mode windows-amd64 compressed oops)
# Failed to write core dump. Minidumps are not enabled by default on client versions of Windows
#

---------------  T H R E A D  ---------------

Current thread (0x0000000056491800):  JavaThread "C2 CompilerThread0" daemon [_thread_in_native, id=8888, stack(0x00000000569c0000,0x0000000056ac0000)]

Stack: [0x00000000569c0000,0x0000000056ac0000]
[error occurred during error reporting (printing stack bounds), id 0xc0000005]

Native frames: (J=compiled Java code, j=interpreted, Vv=VM code, C=native code)


Current CompileTask:
C2:   3571  968       4       com.android.dx.ssa.SsaInsn::mapRegisters (35 bytes)


---------------  P R O C E S S  ---------------

Java Threads: ( => current thread )
  0x00000000567c8000 JavaThread "pool-1-thread-4" [_thread_blocked, id=6264, stack(0x0000000057960000,0x0000000057a60000)]
  0x00000000567c6000 JavaThread "pool-1-thread-3" [_thread_in_Java, id=6872, stack(0x00000000577b0000,0x00000000578b0000)]
  0x00000000567c0000 JavaThread "pool-1-thread-2" [_thread_in_Java, id=6616, stack(0x0000000057640000,0x0000000057740000)]
  0x0000000056777800 JavaThread "pool-2-thread-1" [_thread_blocked, id=4196, stack(0x00000000573f0000,0x00000000574f0000)]
  0x0000000056774000 JavaThread "pool-1-thread-1" [_thread_blocked, id=8516, stack(0x0000000057290000,0x0000000057390000)]
  0x00000000564a6000 JavaThread "Service Thread" daemon [_thread_blocked, id=8904, stack(0x0000000056f30000,0x0000000057030000)]
  0x0000000054ecb000 JavaThread "C1 CompilerThread2" daemon [_thread_in_native, id=1524, stack(0x0000000056d40000,0x0000000056e40000)]
  0x0000000054ec9000 JavaThread "C2 CompilerThread1" daemon [_thread_in_native, id=8912, stack(0x0000000056b10000,0x0000000056c10000)]
=>0x0000000056491800 JavaThread "C2 CompilerThread0" daemon [_thread_in_native, id=8888, stack(0x00000000569c0000,0x0000000056ac0000)]
  0x0000000056490800 JavaThread "Attach Listener" daemon [_thread_blocked, id=8780, stack(0x0000000056010000,0x0000000056110000)]
  0x0000000054ec8000 JavaThread "Signal Dispatcher" daemon [_thread_blocked, id=8672, stack(0x0000000056270000,0x0000000056370000)]
  0x0000000054eaa800 JavaThread "Finalizer" daemon [_thread_blocked, id=5228, stack(0x0000000056380000,0x0000000056480000)]
  0x0000000054e62800 JavaThread "Reference Handler" daemon [_thread_blocked, id=5996, stack(0x0000000056150000,0x0000000056250000)]
  0x000000000214e000 JavaThread "main" [_thread_blocked, id=4760, stack(0x0000000002440000,0x0000000002540000)]

Other Threads:
  0x0000000054e5b000 VMThread [stack: 0x0000000055eb0000,0x0000000055fb0000] [id=8324]
  0x0000000056561000 WatcherThread [stack: 0x00000000570f0000,0x00000000571f0000] [id=3112]

VM state:not at safepoint (normal execution)

VM Mutex/Monitor currently owned by a thread:  ([mutex/lock_event])
[0x000000000214b580] Patching_lock - owner thread: 0x0000000000000000

Heap:
 PSYoungGen      total 57344K, used 14157K [0x00000000eab00000, 0x00000000efc00000, 0x0000000100000000)
  eden space 49152K, 13% used [0x00000000eab00000,0x00000000eb18f568,0x00000000edb00000)
  from space 8192K, 90% used [0x00000000ee300000,0x00000000eea44020,0x00000000eeb00000)
  to   space 8192K, 0% used [0x00000000edb00000,0x00000000edb00000,0x00000000ee300000)
 ParOldGen       total 92160K, used 6569K [0x00000000c0000000, 0x00000000c5a00000, 0x00000000eab00000)
  object space 92160K, 7% used [0x00000000c0000000,0x00000000c066a5a8,0x00000000c5a00000)
 Metaspace       used 6144K, capacity 7028K, committed 7296K, reserved 1058816K
  class space    used 605K, capacity 620K, committed 640K, reserved 1048576K

Card table byte_map: [0x0000000011900000,0x0000000011b10000] byte_map_base: 0x0000000011300000

Marking Bits: (ParMarkBitMap*) 0x00000000595c2f70
 Begin Bits: [0x00000000122d0000, 0x00000000132d0000)
 End Bits:   [0x00000000132d0000, 0x00000000142d0000)

Polling page: 0x0000000000310000

CodeCache: size=245760Kb used=3229Kb max_used=3229Kb free=242530Kb
 bounds [0x0000000002540000, 0x0000000002870000, 0x0000000011540000]
 total_blobs=1102 nmethods=830 adapters=184
 compilation: enabled

Compilation events (10 events):
Event: 3.569 Thread 0x0000000054ecb000 nmethod 1012 0x0000000002867110 code [0x0000000002867280, 0x0000000002867470]
Event: 3.569 Thread 0x0000000054ecb000 1013       2       com.android.dx.cf.code.BaseMachine::popArgs (62 bytes)
Event: 3.569 Thread 0x0000000054ecb000 nmethod 1013 0x0000000002867590 code [0x0000000002867720, 0x0000000002867ab8]
Event: 3.569 Thread 0x0000000054ecb000  925       2       com.android.dx.rop.type.Type::getFrameType (5 bytes)
Event: 3.570 Thread 0x0000000054ecb000 nmethod 925 0x0000000002867d50 code [0x0000000002867ec0, 0x0000000002868028]
Event: 3.570 Thread 0x0000000054ecb000  926       2       com.android.dx.rop.type.Type::getFrameType (58 bytes)
Event: 3.570 Thread 0x0000000054ecb000 nmethod 926 0x00000000028680d0 code [0x0000000002868220, 0x00000000028683b0]
Event: 3.570 Thread 0x0000000054ecb000  887       2       com.android.dx.ssa.SsaMethod::getEntryBlock (15 bytes)
Event: 3.570 Thread 0x0000000054ecb000 nmethod 887 0x0000000002868450 code [0x00000000028685e0, 0x0000000002868878]
Event: 3.570 Thread 0x0000000054ecb000  917       2       com.android.dx.ssa.back.SsaToRop::convertBasicBlock (126 bytes)

GC Heap History (6 events):
Event: 1.321 GC heap before
{Heap before GC invocations=1 (full 0):
 PSYoungGen      total 57344K, used 38365K [0x00000000eab00000, 0x00000000eeb00000, 0x0000000100000000)
  eden space 49152K, 78% used [0x00000000eab00000,0x00000000ed077548,0x00000000edb00000)
  from space 8192K, 0% used [0x00000000ee300000,0x00000000ee300000,0x00000000eeb00000)
  to   space 8192K, 0% used [0x00000000edb00000,0x00000000edb00000,0x00000000ee300000)
 ParOldGen       total 131072K, used 0K [0x00000000c0000000, 0x00000000c8000000, 0x00000000eab00000)
  object space 131072K, 0% used [0x00000000c0000000,0x00000000c0000000,0x00000000c8000000)
 Metaspace       used 5815K, capacity 6708K, committed 6784K, reserved 1060864K
  class space    used 598K, capacity 620K, committed 640K, reserved 1048576K
Event: 1.365 GC heap after
Heap after GC invocations=1 (full 0):
 PSYoungGen      total 57344K, used 6808K [0x00000000eab00000, 0x00000000eeb00000, 0x0000000100000000)
  eden space 49152K, 0% used [0x00000000eab00000,0x00000000eab00000,0x00000000edb00000)
  from space 8192K, 83% used [0x00000000edb00000,0x00000000ee1a6350,0x00000000ee300000)
  to   space 8192K, 0% used [0x00000000ee300000,0x00000000ee300000,0x00000000eeb00000)
 ParOldGen       total 131072K, used 8K [0x00000000c0000000, 0x00000000c8000000, 0x00000000eab00000)
  object space 131072K, 0% used [0x00000000c0000000,0x00000000c0002000,0x00000000c8000000)
 Metaspace       used 5815K, capacity 6708K, committed 6784K, reserved 1060864K
  class space    used 598K, capacity 620K, committed 640K, reserved 1048576K
}
Event: 1.365 GC heap before
{Heap before GC invocations=2 (full 1):
 PSYoungGen      total 57344K, used 6808K [0x00000000eab00000, 0x00000000eeb00000, 0x0000000100000000)
  eden space 49152K, 0% used [0x00000000eab00000,0x00000000eab00000,0x00000000edb00000)
  from space 8192K, 83% used [0x00000000edb00000,0x00000000ee1a6350,0x00000000ee300000)
  to   space 8192K, 0% used [0x00000000ee300000,0x00000000ee300000,0x00000000eeb00000)
 ParOldGen       total 131072K, used 8K [0x00000000c0000000, 0x00000000c8000000, 0x00000000eab00000)
  object space 131072K, 0% used [0x00000000c0000000,0x00000000c0002000,0x00000000c8000000)
 Metaspace       used 5815K, capacity 6708K, committed 6784K, reserved 1060864K
  class space    used 598K, capacity 620K, committed 640K, reserved 1048576K
Event: 1.500 GC heap after
Heap after GC invocations=2 (full 1):
 PSYoungGen      total 57344K, used 0K [0x00000000eab00000, 0x00000000eeb00000, 0x0000000100000000)
  eden space 49152K, 0% used [0x00000000eab00000,0x00000000eab00000,0x00000000edb00000)
  from space 8192K, 0% used [0x00000000edb00000,0x00000000edb00000,0x00000000ee300000)
  to   space 8192K, 0% used [0x00000000ee300000,0x00000000ee300000,0x00000000eeb00000)
 ParOldGen       total 92160K, used 6569K [0x00000000c0000000, 0x00000000c5a00000, 0x00000000eab00000)
  object space 92160K, 7% used [0x00000000c0000000,0x00000000c066a5a8,0x00000000c5a00000)
 Metaspace       used 5815K, capacity 6708K, committed 6784K, reserved 1058816K
  class space    used 598K, capacity 620K, committed 640K, reserved 1048576K
}
Event: 3.094 GC heap before
{Heap before GC invocations=3 (full 1):
 PSYoungGen      total 57344K, used 49152K [0x00000000eab00000, 0x00000000eeb00000, 0x0000000100000000)
  eden space 49152K, 100% used [0x00000000eab00000,0x00000000edb00000,0x00000000edb00000)
  from space 8192K, 0% used [0x00000000edb00000,0x00000000edb00000,0x00000000ee300000)
  to   space 8192K, 0% used [0x00000000ee300000,0x00000000ee300000,0x00000000eeb00000)
 ParOldGen       total 92160K, used 6569K [0x00000000c0000000, 0x00000000c5a00000, 0x00000000eab00000)
  object space 92160K, 7% used [0x00000000c0000000,0x00000000c066a5a8,0x00000000c5a00000)
 Metaspace       used 6102K, capacity 6964K, committed 7040K, reserved 1058816K
  class space    used 605K, capacity 620K, committed 640K, reserved 1048576K
Event: 3.213 GC heap after
Heap after GC invocations=3 (full 1):
 PSYoungGen      total 57344K, used 7440K [0x00000000eab00000, 0x00000000efc00000, 0x0000000100000000)
  eden space 49152K, 0% used [0x00000000eab00000,0x00000000eab00000,0x00000000edb00000)
  from space 8192K, 90% used [0x00000000ee300000,0x00000000eea44020,0x00000000eeb00000)
  to   space 8192K, 0% used [0x00000000edb00000,0x00000000edb00000,0x00000000ee300000)
 ParOldGen       total 92160K, used 6569K [0x00000000c0000000, 0x00000000c5a00000, 0x00000000eab00000)
  object space 92160K, 7% used [0x00000000c0000000,0x00000000c066a5a8,0x00000000c5a00000)
 Metaspace       used 6102K, capacity 6964K, committed 7040K, reserved 1058816K
  class space    used 605K, capacity 620K, committed 640K, reserved 1048576K
}

Deoptimization events (2 events):
Event: 0.227 Thread 0x000000000214e000 Uncommon trap: reason=unstable_if action=reinterpret pc=0x0000000002690d04 method=java.lang.String.compareTo(Ljava/lang/String;)I @ 38
Event: 0.613 Thread 0x00000000567c8000 Uncommon trap: reason=unstable_if action=reinterpret pc=0x0000000002723104 method=java.util.HashMap.getNode(ILjava/lang/Object;)Ljava/util/HashMap$Node; @ 129

Internal exceptions (2 events):
Event: 0.031 Thread 0x000000000214e000 Exception <a 'java/lang/NoSuchMethodError': Method sun.misc.Unsafe.defineClass(Ljava/lang/String;[BII)Ljava/lang/Class; name or signature does not match> (0x00000000eab07cc0) thrown at [C:\re\workspace\8-2-build-windows-amd64-cygwin\jdk8u91\7017\hotspot\srNÅÚ¶ ÐŸ?
Event: 0.031 Thread 0x000000000214e000 Exception <a 'java/lang/NoSuchMethodError': Method sun.misc.Unsafe.prefetchRead(Ljava/lang/Object;J)V name or signature does not match> (0x00000000eab07fa8) thrown at [C:\re\workspace\8-2-build-windows-amd64-cygwin\jdk8u91\7017\hotspot\src\share\vm\prims\j

Events (10 events):
Event: 3.329 Thread 0x0000000054ecb000 flushing nmethod 0x0000000002677990
Event: 3.329 Thread 0x0000000054ecb000 flushing nmethod 0x0000000002677ed0
Event: 3.329 Thread 0x0000000054ecb000 flushing nmethod 0x00000000026786d0
Event: 3.329 Thread 0x0000000054ecb000 flushing nmethod 0x0000000002679e10
Event: 3.329 Thread 0x0000000054ecb000 flushing nmethod 0x000000000267b1d0
Event: 3.329 Thread 0x0000000054ecb000 flushing nmethod 0x000000000267bc50
Event: 3.329 Thread 0x0000000054ecb000 flushing nmethod 0x000000000267c210
Event: 3.329 Thread 0x0000000054ecb000 flushing nmethod 0x000000000267ecd0
Event: 3.329 Thread 0x0000000054ecb000 flushing nmethod 0x0000000002680950
Event: 3.329 Thread 0x0000000054ecb000 flushing nmethod 0x0000000002690a90


Dynamic libraries:
0x000000013f7c0000 - 0x000000013f7f7000 	D:\Java\jdk1.7.0_79\bin\java.exe
0x00000000778a0000 - 0x0000000077a49000 	C:\Windows\SYSTEM32\ntdll.dll
0x0000000077300000 - 0x000000007741f000 	C:\Windows\system32\kernel32.dll
0x000007fefe060000 - 0x000007fefe0cc000 	C:\Windows\system32\KERNELBASE.dll
0x000007feff850000 - 0x000007feff92b000 	C:\Windows\system32\ADVAPI32.dll
0x000007feff990000 - 0x000007feffa2f000 	C:\Windows\system32\msvcrt.dll
0x000007feff830000 - 0x000007feff84f000 	C:\Windows\SYSTEM32\sechost.dll
0x000007fefe160000 - 0x000007fefe28d000 	C:\Windows\system32\RPCRT4.dll
0x00000000777a0000 - 0x000000007789a000 	C:\Windows\system32\USER32.dll
0x000007fefe4a0000 - 0x000007fefe507000 	C:\Windows\system32\GDI32.dll
0x000007fefe6a0000 - 0x000007fefe6ae000 	C:\Windows\system32\LPK.dll
0x000007feff6c0000 - 0x000007feff789000 	C:\Windows\system32\USP10.dll
0x000007fefc540000 - 0x000007fefc734000 	C:\Windows\WinSxS\amd64_microsoft.windows.common-controls_6595b64144ccf1df_6.0.7601.17514_none_fa396087175ac9ac\COMCTL32.dll
0x000007fefe620000 - 0x000007fefe691000 	C:\Windows\system32\SHLWAPI.dll
0x000007feff690000 - 0x000007feff6be000 	C:\Windows\system32\IMM32.DLL
0x000007fefe510000 - 0x000007fefe619000 	C:\Windows\system32\MSCTF.dll
0x0000000078820000 - 0x00000000788f2000 	D:\Java\jdk1.7.0_79\jre\bin\msvcr100.dll
0x0000000058db0000 - 0x0000000059643000 	D:\Java\jdk1.7.0_79\jre\bin\server\jvm.dll
0x000007fefa790000 - 0x000007fefa799000 	C:\Windows\system32\WSOCK32.dll
0x000007fefe6b0000 - 0x000007fefe6fd000 	C:\Windows\system32\WS2_32.dll
0x000007fefe150000 - 0x000007fefe158000 	C:\Windows\system32\NSI.dll
0x000007fefbb00000 - 0x000007fefbb3b000 	C:\Windows\system32\WINMM.dll
0x000007fefce60000 - 0x000007fefce6c000 	C:\Windows\system32\VERSION.dll
0x0000000077a60000 - 0x0000000077a67000 	C:\Windows\system32\PSAPI.DLL
0x000000006c100000 - 0x000000006c10f000 	D:\Java\jdk1.7.0_79\jre\bin\verify.dll
0x000000005d6f0000 - 0x000000005d719000 	D:\Java\jdk1.7.0_79\jre\bin\java.dll
0x00000000614d0000 - 0x00000000614e6000 	D:\Java\jdk1.7.0_79\jre\bin\zip.dll
0x000007fefe700000 - 0x000007feff488000 	C:\Windows\system32\SHELL32.dll
0x000007fefe290000 - 0x000007fefe493000 	C:\Windows\system32\ole32.dll
0x000007fefdd00000 - 0x000007fefdd0f000 	C:\Windows\system32\profapi.dll

VM Arguments:
jvm_args: -Djava.awt.headless=true -Xmx1024M -Dfile.encoding=GBK -Duser.country=CN -Duser.language=zh -Duser.variant 
java_command: com.android.dx.command.Main --dex --force-jumbo --num-threads=4 --output E:\android-studio-example\RxJavaSamples\ibeauty\build\intermediates\pre-dexed\debug\internal_impl-23.3.0_9cd980878fed74160227d7c0f6f68eeeceead31b.jar E:\android-studio-example\RxJavaSamples\ibeauty\build\intermediates\exploded-aar\com.android.support\support-v4\23.3.0\jars\libs\internal_impl-23.3.0.jar
java_class_path (initial): E:\android-studio-sdk\build-tools\23.0.3\lib\dx.jar
Launcher Type: SUN_STANDARD

Environment Variables:
JAVA_HOME=D:\Java\jdk1.7.0_79
CLASSPATH=.;D:\Java\jdk1.7.0_79\lib\dt.jar;D:\Java\jdk1.7.0_79\lib\tools.jar;
PATH=C:\ProgramData\Oracle\Java\javapath;C:\Windows\system32;C:\Windows;C:\Windows\System32\Wbem;C:\Windows\System32\WindowsPowerShell\v1.0\;C:\Program Files (x86)\ATI Technologies\ATI.ACE\Core-Static;D:\Java\jdk1.7.0_79\bin;D:\Java\jdk1.7.0_79\jre\bin;C:\apache-tomcat-7.0.62\bin;D:\DesktopLinks;E:\Git\cmd
USERNAME=Hlh
OS=Windows_NT
PROCESSOR_IDENTIFIER=Intel64 Family 6 Model 30 Stepping 5, GenuineIntel



---------------  S Y S T E M  ---------------

OS: Windows 7 , 64 bit Build 7601 (6.1.7601.17617)

CPU:total 4 (4 cores per cpu, 1 threads per core) family 6 model 30 stepping 5, cmov, cx8, fxsr, mmx, sse, sse2, sse3, ssse3, sse4.1, sse4.2, popcnt, tsc, tscinvbit

Memory: 4k page, physical 12574200k(3443028k free), swap 12572348k(5092k free)

vm_info: Java HotSpot(TM) 64-Bit Server VM (25.91-b15) for windows-amd64 JRE (1.8.0_91-b15), built on May 20 2016 17:43:15 by "java_re" with MS VC++ 10.0 (VS2010)

time: Sun Sep 18 16:03:38 2016
elapsed time: 3 seconds (0d 0h 0m 3s)

